#
# There is insufficient memory for the Java Runtime Environment to continue.
# Native memory allocation (malloc) failed to allocate 1380640 bytes for Chunk::new
# Possible reasons:
#   The system is out of physical RAM or swap space
#   In 32 bit mode, the process size limit was hit
# Possible solutions:
#   Reduce memory load on the system
#   Increase physical memory or swap space
#   Check if swap backing store is full
#   Use 64 bit Java on a 64 bit OS
#   Decrease Java heap size (-Xmx/-Xms)
#   Decrease number of Java threads
#   Decrease Java thread stack sizes (-Xss)
#   Set larger code cache with -XX:ReservedCodeCacheSize=
# This output file may be truncated or incomplete.
#
#  Out of Memory Error (allocation.cpp:390), pid=10472, tid=0x0000000000002884
#
# JRE version: OpenJDK Runtime Environment (8.0_152-b01) (build 1.8.0_152-release-915-b01)
# Java VM: OpenJDK 64-Bit Server VM (25.152-b01 mixed mode windows-amd64 compressed oops)
# Failed to write core dump. Minidumps are not enabled by default on client versions of Windows
#

---------------  T H R E A D  ---------------

Current thread (0x0000000017377800):  JavaThread "C2 CompilerThread0" daemon [_thread_in_native, id=10372, stack(0x00000000189d0000,0x0000000018ad0000)]

Stack: [0x00000000189d0000,0x0000000018ad0000]
[error occurred during error reporting (printing stack bounds), id 0xc0000005]

Native frames: (J=compiled Java code, j=interpreted, Vv=VM code, C=native code)


Current CompileTask:
C2:   3591 1510   !   4       com.android.dx.cf.cst.ConstantPoolParser::parse0 (731 bytes)


---------------  P R O C E S S  ---------------

Java Threads: ( => current thread )
  0x0000000018f87800 JavaThread "pool-1-thread-4" [_thread_blocked, id=9656, stack(0x00000000196d0000,0x00000000197d0000)]
  0x0000000018f87000 JavaThread "pool-1-thread-3" [_thread_in_Java, id=6256, stack(0x00000000195d0000,0x00000000196d0000)]
  0x0000000018f86800 JavaThread "pool-1-thread-2" [_thread_blocked, id=8084, stack(0x00000000194d0000,0x00000000195d0000)]
  0x0000000018f7a800 JavaThread "pool-2-thread-1" [_thread_blocked, id=7176, stack(0x00000000193d0000,0x00000000194d0000)]
  0x0000000018f79800 JavaThread "pool-1-thread-1" [_thread_in_vm, id=3220, stack(0x00000000192d0000,0x00000000193d0000)]
  0x00000000173de000 JavaThread "Service Thread" daemon [_thread_blocked, id=1388, stack(0x00000000190d0000,0x00000000191d0000)]
  0x00000000173dc000 JavaThread "C1 CompilerThread2" daemon [_thread_blocked, id=6584, stack(0x0000000018bd0000,0x0000000018cd0000)]
  0x000000001737b000 JavaThread "C2 CompilerThread1" daemon [_thread_blocked, id=5240, stack(0x0000000018ad0000,0x0000000018bd0000)]
=>0x0000000017377800 JavaThread "C2 CompilerThread0" daemon [_thread_in_native, id=10372, stack(0x00000000189d0000,0x0000000018ad0000)]
  0x0000000017386000 JavaThread "Attach Listener" daemon [_thread_blocked, id=10832, stack(0x00000000188d0000,0x00000000189d0000)]
  0x0000000017385000 JavaThread "Signal Dispatcher" daemon [_thread_blocked, id=10636, stack(0x00000000187d0000,0x00000000188d0000)]
  0x0000000004ca7000 JavaThread "Finalizer" daemon [_thread_blocked, id=300, stack(0x00000000185e0000,0x00000000186e0000)]
  0x0000000004ca1800 JavaThread "Reference Handler" daemon [_thread_blocked, id=4492, stack(0x00000000184e0000,0x00000000185e0000)]
  0x0000000004aad800 JavaThread "main" [_thread_blocked, id=11176, stack(0x0000000004970000,0x0000000004a70000)]

Other Threads:
  0x0000000017344000 VMThread [stack: 0x00000000183e0000,0x00000000184e0000] [id=9236]
  0x0000000018cd2800 WatcherThread [stack: 0x00000000191d0000,0x00000000192d0000] [id=11228]

VM state:not at safepoint (normal execution)

VM Mutex/Monitor currently owned by a thread: None

Heap:
 PSYoungGen      total 53248K, used 19460K [0x00000000eab00000, 0x00000000ee300000, 0x0000000100000000)
  eden space 49152K, 31% used [0x00000000eab00000,0x00000000eba07638,0x00000000edb00000)
  from space 4096K, 99% used [0x00000000edf00000,0x00000000ee2f9c98,0x00000000ee300000)
  to   space 4096K, 0% used [0x00000000edb00000,0x00000000edb00000,0x00000000edf00000)
 ParOldGen       total 65536K, used 2703K [0x00000000c0000000, 0x00000000c4000000, 0x00000000eab00000)
  object space 65536K, 4% used [0x00000000c0000000,0x00000000c02a3d88,0x00000000c4000000)
 Metaspace       used 6269K, capacity 7088K, committed 7296K, reserved 1056768K
  class space    used 589K, capacity 616K, committed 640K, reserved 1048576K

Card table byte_map: [0x0000000014070000,0x0000000014280000] byte_map_base: 0x0000000013a70000

Marking Bits: (ParMarkBitMap*) 0x0000000054213950
 Begin Bits: [0x00000000147e0000, 0x00000000157e0000)
 End Bits:   [0x00000000157e0000, 0x00000000167e0000)

Polling page: 0x00000000030e0000

CodeCache: size=245760Kb used=6541Kb max_used=6551Kb free=239218Kb
 bounds [0x0000000004cb0000, 0x0000000005320000, 0x0000000013cb0000]
 total_blobs=1824 nmethods=1557 adapters=182
 compilation: enabled

Compilation events (10 events):
Event: 3.559 Thread 0x000000001737b000 1570       4       com.android.dx.ssa.SsaRenamer$BlockRenamer$RenamingMapper::map (28 bytes)
Event: 3.561 Thread 0x000000001737b000 nmethod 1570 0x0000000005308390 code [0x00000000053084e0, 0x00000000053085e8]
Event: 3.561 Thread 0x000000001737b000 1571   !   4       com.android.dx.cf.cst.ConstantPoolParser::parseUtf8 (47 bytes)
Event: 3.566 Thread 0x000000001737b000 nmethod 1571 0x0000000005308c50 code [0x0000000005308de0, 0x00000000053092b8]
Event: 3.567 Thread 0x00000000173dc000 1572       3       com.android.dx.cf.cst.ConstantPoolParser::parse (365 bytes)
Event: 3.570 Thread 0x00000000173dc000 nmethod 1572 0x00000000052f6e90 code [0x00000000052f7400, 0x00000000052fa908]
Event: 3.570 Thread 0x00000000173dc000 1573       3       com.android.dx.rop.cst.StdConstantPool::set (123 bytes)
Event: 3.570 Thread 0x00000000173dc000 nmethod 1573 0x0000000005309f90 code [0x000000000530a1c0, 0x000000000530aec8]
Event: 3.571 Thread 0x000000001737b000 1574       4       java.util.TreeMap::put (247 bytes)
Event: 3.586 Thread 0x000000001737b000 nmethod 1574 0x0000000005305b90 code [0x0000000005305d20, 0x00000000053066b8]

GC Heap History (4 events):
Event: 1.577 GC heap before
{Heap before GC invocations=1 (full 0):
 PSYoungGen      total 28672K, used 24576K [0x00000000eab00000, 0x00000000ecb00000, 0x0000000100000000)
  eden space 24576K, 100% used [0x00000000eab00000,0x00000000ec300000,0x00000000ec300000)
  from space 4096K, 0% used [0x00000000ec700000,0x00000000ec700000,0x00000000ecb00000)
  to   space 4096K, 0% used [0x00000000ec300000,0x00000000ec300000,0x00000000ec700000)
 ParOldGen       total 65536K, used 0K [0x00000000c0000000, 0x00000000c4000000, 0x00000000eab00000)
  object space 65536K, 0% used [0x00000000c0000000,0x00000000c0000000,0x00000000c4000000)
 Metaspace       used 5808K, capacity 6704K, committed 6784K, reserved 1056768K
  class space    used 583K, capacity 616K, committed 640K, reserved 1048576K
Event: 1.684 GC heap after
Heap after GC invocations=1 (full 0):
 PSYoungGen      total 28672K, used 4070K [0x00000000eab00000, 0x00000000ee300000, 0x0000000100000000)
  eden space 24576K, 0% used [0x00000000eab00000,0x00000000eab00000,0x00000000ec300000)
  from space 4096K, 99% used [0x00000000ec300000,0x00000000ec6f9b70,0x00000000ec700000)
  to   space 4096K, 0% used [0x00000000edf00000,0x00000000edf00000,0x00000000ee300000)
 ParOldGen       total 65536K, used 636K [0x00000000c0000000, 0x00000000c4000000, 0x00000000eab00000)
  object space 65536K, 0% used [0x00000000c0000000,0x00000000c009f328,0x00000000c4000000)
 Metaspace       used 5808K, capacity 6704K, committed 6784K, reserved 1056768K
  class space    used 583K, capacity 616K, committed 640K, reserved 1048576K
}
Event: 3.032 GC heap before
{Heap before GC invocations=2 (full 0):
 PSYoungGen      total 28672K, used 28646K [0x00000000eab00000, 0x00000000ee300000, 0x0000000100000000)
  eden space 24576K, 100% used [0x00000000eab00000,0x00000000ec300000,0x00000000ec300000)
  from space 4096K, 99% used [0x00000000ec300000,0x00000000ec6f9b70,0x00000000ec700000)
  to   space 4096K, 0% used [0x00000000edf00000,0x00000000edf00000,0x00000000ee300000)
 ParOldGen       total 65536K, used 636K [0x00000000c0000000, 0x00000000c4000000, 0x00000000eab00000)
  object space 65536K, 0% used [0x00000000c0000000,0x00000000c009f328,0x00000000c4000000)
 Metaspace       used 6215K, capacity 7024K, committed 7296K, reserved 1056768K
  class space    used 589K, capacity 616K, committed 640K, reserved 1048576K
Event: 3.066 GC heap after
Heap after GC invocations=2 (full 0):
 PSYoungGen      total 53248K, used 4071K [0x00000000eab00000, 0x00000000ee300000, 0x0000000100000000)
  eden space 49152K, 0% used [0x00000000eab00000,0x00000000eab00000,0x00000000edb00000)
  from space 4096K, 99% used [0x00000000edf00000,0x00000000ee2f9c98,0x00000000ee300000)
  to   space 4096K, 0% used [0x00000000edb00000,0x00000000edb00000,0x00000000edf00000)
 ParOldGen       total 65536K, used 2703K [0x00000000c0000000, 0x00000000c4000000, 0x00000000eab00000)
  object space 65536K, 4% used [0x00000000c0000000,0x00000000c02a3d88,0x00000000c4000000)
 Metaspace       used 6215K, capacity 7024K, committed 7296K, reserved 1056768K
  class space    used 589K, capacity 616K, committed 640K, reserved 1048576K
}

Deoptimization events (3 events):
Event: 2.131 Thread 0x0000000018f79800 Uncommon trap: reason=null_check action=make_not_entrant pc=0x0000000004faeb10 method=com.android.dx.rop.type.Type.equals(Ljava/lang/Object;)Z @ 8
Event: 3.086 Thread 0x0000000018f87800 Uncommon trap: reason=unstable_if action=reinterpret pc=0x00000000051d4a18 method=com.android.dx.ssa.SCCP.simulateStmt(Lcom/android/dx/ssa/SsaInsn;)V @ 53
Event: 3.567 Thread 0x0000000004aad800 Uncommon trap: reason=unstable_if action=reinterpret pc=0x00000000051c8e38 method=com.android.dx.rop.cst.StdConstantPool.set(ILcom/android/dx/rop/cst/Constant;)V @ 12

Classes redefined (0 events):
No events

Internal exceptions (3 events):
Event: 0.326 Thread 0x0000000004aad800 Exception <a 'java/lang/NoSuchMethodError': Method sun.misc.Unsafe.defineClass(Ljava/lang/String;[BII)Ljava/lang/Class; name or signature does not match> (0x00000000eab07ca8) thrown at [D:\src\AOSP-openjdk-cygwin\jdk8u\hotspot\src\share\vm\prims\jni.cpp, 
Event: 0.326 Thread 0x0000000004aad800 Exception <a 'java/lang/NoSuchMethodError': Method sun.misc.Unsafe.prefetchRead(Ljava/lang/Object;J)V name or signature does not match> (0x00000000eab07f90) thrown at [D:\src\AOSP-openjdk-cygwin\jdk8u\hotspot\src\share\vm\prims\jni.cpp, line 4011]
Event: 2.131 Thread 0x0000000018f79800 Implicit null exception at 0x0000000004faea62 to 0x0000000004faeb01

Events (10 events):
Event: 3.032 Executing VM operation: ParallelGCFailedAllocation
Event: 3.066 Executing VM operation: ParallelGCFailedAllocation done
Event: 3.073 Thread 0x0000000018f79800 DEOPT PACKING pc=0x0000000004f539bc sp=0x00000000193ce750
Event: 3.073 Thread 0x0000000018f79800 DEOPT UNPACKING pc=0x0000000004cf71bf sp=0x00000000193ce518 mode 0
Event: 3.086 Thread 0x0000000018f87800 Uncommon trap: trap_request=0xffffff65 fr.pc=0x00000000051d4a18
Event: 3.086 Thread 0x0000000018f87800 DEOPT PACKING pc=0x00000000051d4a18 sp=0x00000000197ceb00
Event: 3.086 Thread 0x0000000018f87800 DEOPT UNPACKING pc=0x0000000004cf556a sp=0x00000000197cead8 mode 2
Event: 3.567 Thread 0x0000000004aad800 Uncommon trap: trap_request=0xffffff65 fr.pc=0x00000000051c8e38
Event: 3.567 Thread 0x0000000004aad800 DEOPT PACKING pc=0x00000000051c8e38 sp=0x0000000004a6eb30
Event: 3.567 Thread 0x0000000004aad800 DEOPT UNPACKING pc=0x0000000004cf556a sp=0x0000000004a6eac0 mode 2


Dynamic libraries:
0x00007ff67a310000 - 0x00007ff67a341000 	C:\Program Files\Android\Android Studio\jre\bin\java.exe
0x00007ff8c3950000 - 0x00007ff8c3b30000 	C:\WINDOWS\SYSTEM32\ntdll.dll
0x00007ff8c3870000 - 0x00007ff8c391e000 	C:\WINDOWS\System32\KERNEL32.DLL
0x00007ff8c0240000 - 0x00007ff8c04a6000 	C:\WINDOWS\System32\KERNELBASE.dll
0x00007ff8c13d0000 - 0x00007ff8c1471000 	C:\WINDOWS\System32\ADVAPI32.dll
0x00007ff8c0fe0000 - 0x00007ff8c107d000 	C:\WINDOWS\System32\msvcrt.dll
0x00007ff8c1480000 - 0x00007ff8c14db000 	C:\WINDOWS\System32\sechost.dll
0x00007ff8c30e0000 - 0x00007ff8c31ff000 	C:\WINDOWS\System32\RPCRT4.dll
0x00007ff8c16a0000 - 0x00007ff8c182f000 	C:\WINDOWS\System32\USER32.dll
0x00007ff8c0e00000 - 0x00007ff8c0e20000 	C:\WINDOWS\System32\win32u.dll
0x00007ff8c1650000 - 0x00007ff8c1678000 	C:\WINDOWS\System32\GDI32.dll
0x00007ff8c04b0000 - 0x00007ff8c0644000 	C:\WINDOWS\System32\gdi32full.dll
0x00007ff8bffd0000 - 0x00007ff8c006b000 	C:\WINDOWS\System32\msvcp_win.dll
0x00007ff8c0070000 - 0x00007ff8c0166000 	C:\WINDOWS\System32\ucrtbase.dll
0x00007ff8b7e10000 - 0x00007ff8b8079000 	C:\WINDOWS\WinSxS\amd64_microsoft.windows.common-controls_6595b64144ccf1df_6.0.16299.64_none_cc9304e22215ca8f\COMCTL32.dll
0x00007ff8c1830000 - 0x00007ff8c1b38000 	C:\WINDOWS\System32\combase.dll
0x00007ff8c01c0000 - 0x00007ff8c0232000 	C:\WINDOWS\System32\bcryptPrimitives.dll
0x00007ff8c1b40000 - 0x00007ff8c1b6d000 	C:\WINDOWS\System32\IMM32.DLL
0x00000000544b0000 - 0x0000000054582000 	C:\Program Files\Android\Android Studio\jre\jre\bin\msvcr100.dll
0x0000000053a50000 - 0x000000005428e000 	C:\Program Files\Android\Android Studio\jre\jre\bin\server\jvm.dll
0x00007ff8c1bd0000 - 0x00007ff8c1bd8000 	C:\WINDOWS\System32\PSAPI.DLL
0x00007ff8baa50000 - 0x00007ff8baa59000 	C:\WINDOWS\SYSTEM32\WSOCK32.dll
0x00007ff8c37a0000 - 0x00007ff8c380c000 	C:\WINDOWS\System32\WS2_32.dll
0x00007ff8bc720000 - 0x00007ff8bc743000 	C:\WINDOWS\SYSTEM32\WINMM.dll
0x00007ff8bbcb0000 - 0x00007ff8bbcba000 	C:\WINDOWS\SYSTEM32\VERSION.dll
0x00007ff8bc6c0000 - 0x00007ff8bc6ea000 	C:\WINDOWS\SYSTEM32\WINMMBASE.dll
0x00007ff8c0170000 - 0x00007ff8c01ba000 	C:\WINDOWS\System32\cfgmgr32.dll
0x00007ff8baa40000 - 0x00007ff8baa4f000 	C:\Program Files\Android\Android Studio\jre\jre\bin\verify.dll
0x00007ff8b3690000 - 0x00007ff8b36b9000 	C:\Program Files\Android\Android Studio\jre\jre\bin\java.dll
0x00007ff8b35d0000 - 0x00007ff8b35e6000 	C:\Program Files\Android\Android Studio\jre\jre\bin\zip.dll
0x00007ff8c1bf0000 - 0x00007ff8c3027000 	C:\WINDOWS\System32\SHELL32.dll
0x00007ff8c0f30000 - 0x00007ff8c0fd6000 	C:\WINDOWS\System32\shcore.dll
0x00007ff8c06b0000 - 0x00007ff8c0df7000 	C:\WINDOWS\System32\windows.storage.dll
0x00007ff8c3810000 - 0x00007ff8c3861000 	C:\WINDOWS\System32\shlwapi.dll
0x00007ff8bfce0000 - 0x00007ff8bfcf1000 	C:\WINDOWS\System32\kernel.appcore.dll
0x00007ff8bfd00000 - 0x00007ff8bfd4c000 	C:\WINDOWS\System32\powrprof.dll
0x00007ff8bfcc0000 - 0x00007ff8bfcdb000 	C:\WINDOWS\System32\profapi.dll

VM Arguments:
jvm_args: -Djava.awt.headless=true -Xmx1024M -Dfile.encoding=windows-1252 -Duser.country=US -Duser.language=en -Duser.variant 
java_command: com.android.dx.command.Main --dex --num-threads=4 --output E:\myrepo\concert-pharmaceuticals\app\build\intermediates\pre-dexed\debug\internal_impl-23.1.1_b79135414e8ac54f6712cee7d25206c21345509c.jar E:\myrepo\concert-pharmaceuticals\app\build\intermediates\exploded-aar\com.android.support\support-v4\23.1.1\jars\libs\internal_impl-23.1.1.jar
java_class_path (initial): C:\Users\TK_DTP_0068\AppData\Local\Android\Sdk\build-tools\25.0.0\lib\dx.jar
Launcher Type: SUN_STANDARD

Environment Variables:
PATH=C:\ProgramData\Oracle\Java\javapath;C:\WINDOWS\system32;C:\WINDOWS;C:\WINDOWS\System32\Wbem;C:\WINDOWS\System32\WindowsPowerShell\v1.0\;C:\Program Files (x86)\Skype\Phone\;C:\Users\TK_DTP_0068\.dnx\bin;C:\Program Files\Microsoft DNX\Dnvm\;C:\Program Files\Microsoft SQL Server\120\Tools\Binn\;C:\Program Files\Git\cmd;C:\Program Files\Java\jdk1.8.0_151\bin;
USERNAME=TK_DTP_0114
OS=Windows_NT
PROCESSOR_IDENTIFIER=Intel64 Family 6 Model 23 Stepping 10, GenuineIntel



---------------  S Y S T E M  ---------------

OS: Windows 10.0 , 64 bit Build 16299 (10.0.16299.15)

CPU:total 4 (initial active 4) (4 cores per cpu, 1 threads per core) family 6 model 23 stepping 10, cmov, cx8, fxsr, mmx, sse, sse2, sse3, ssse3, sse4.1, tsc

Memory: 4k page, physical 6223476k(665616k free), swap 19496196k(5636k free)

vm_info: OpenJDK 64-Bit Server VM (25.152-b01) for windows-amd64 JRE (1.8.0_152-release-915-b01), built by "builder" with MS VC++ 10.0 (VS2010)

time: Wed Dec 06 15:56:38 2017
elapsed time: 3 seconds (0d 0h 0m 3s)

