#
# There is insufficient memory for the Java Runtime Environment to continue.
# Native memory allocation (malloc) failed to allocate 327376 bytes for Chunk::new
# Possible reasons:
#   The system is out of physical RAM or swap space
#   In 32 bit mode, the process size limit was hit
# Possible solutions:
#   Reduce memory load on the system
#   Increase physical memory or swap space
#   Check if swap backing store is full
#   Use 64 bit Java on a 64 bit OS
#   Decrease Java heap size (-Xmx/-Xms)
#   Decrease number of Java threads
#   Decrease Java thread stack sizes (-Xss)
#   Set larger code cache with -XX:ReservedCodeCacheSize=
# This output file may be truncated or incomplete.
#
#  Out of Memory Error (allocation.cpp:390), pid=4312, tid=0x00000000000023a8
#
# JRE version: OpenJDK Runtime Environment (8.0_152-b01) (build 1.8.0_152-release-915-b01)
# Java VM: OpenJDK 64-Bit Server VM (25.152-b01 mixed mode windows-amd64 compressed oops)
# Failed to write core dump. Minidumps are not enabled by default on client versions of Windows
#

---------------  T H R E A D  ---------------

Current thread (0x0000000016d07800):  JavaThread "C2 CompilerThread0" daemon [_thread_in_native, id=9128, stack(0x0000000018360000,0x0000000018460000)]

Stack: [0x0000000018360000,0x0000000018460000]
[error occurred during error reporting (printing stack bounds), id 0xc0000005]

Native frames: (J=compiled Java code, j=interpreted, Vv=VM code, C=native code)


Current CompileTask:
C2:   3448 1333       4       com.android.dx.ssa.back.LivenessAnalyzer::run (231 bytes)


---------------  P R O C E S S  ---------------

Java Threads: ( => current thread )
  0x00000000187d8800 JavaThread "pool-1-thread-4" [_thread_in_Java, id=9696, stack(0x0000000019060000,0x0000000019160000)]
  0x00000000187d5000 JavaThread "pool-1-thread-3" [_thread_blocked, id=9720, stack(0x0000000018f60000,0x0000000019060000)]
  0x00000000187d3800 JavaThread "pool-1-thread-2" [_thread_in_Java, id=8160, stack(0x0000000018e60000,0x0000000018f60000)]
  0x00000000187c3800 JavaThread "pool-2-thread-1" [_thread_blocked, id=4540, stack(0x0000000018d60000,0x0000000018e60000)]
  0x00000000187c3000 JavaThread "pool-1-thread-1" [_thread_blocked, id=7200, stack(0x0000000018c60000,0x0000000018d60000)]
  0x0000000018575800 JavaThread "Service Thread" daemon [_thread_blocked, id=5280, stack(0x0000000018a60000,0x0000000018b60000)]
  0x0000000016d6b800 JavaThread "C1 CompilerThread2" daemon [_thread_in_native, id=2192, stack(0x0000000018960000,0x0000000018a60000)]
  0x0000000016d0b000 JavaThread "C2 CompilerThread1" daemon [_thread_in_native, id=10200, stack(0x0000000018460000,0x0000000018560000)]
=>0x0000000016d07800 JavaThread "C2 CompilerThread0" daemon [_thread_in_native, id=9128, stack(0x0000000018360000,0x0000000018460000)]
  0x0000000016d16000 JavaThread "Attach Listener" daemon [_thread_blocked, id=11112, stack(0x0000000018260000,0x0000000018360000)]
  0x0000000016d15000 JavaThread "Signal Dispatcher" daemon [_thread_blocked, id=1984, stack(0x0000000018160000,0x0000000018260000)]
  0x0000000004637000 JavaThread "Finalizer" daemon [_thread_blocked, id=10424, stack(0x0000000017f70000,0x0000000018070000)]
  0x0000000004631800 JavaThread "Reference Handler" daemon [_thread_blocked, id=6828, stack(0x0000000017e70000,0x0000000017f70000)]
  0x000000000283d800 JavaThread "main" [_thread_blocked, id=4352, stack(0x0000000004270000,0x0000000004370000)]

Other Threads:
  0x0000000016cd4000 VMThread [stack: 0x0000000017d70000,0x0000000017e70000] [id=6044]
  0x000000001856a000 WatcherThread [stack: 0x0000000018b60000,0x0000000018c60000] [id=8860]

VM state:not at safepoint (normal execution)

VM Mutex/Monitor currently owned by a thread: None

Heap:
 PSYoungGen      total 28672K, used 8750K [0x00000000eab00000, 0x00000000ecb00000, 0x0000000100000000)
  eden space 24576K, 18% used [0x00000000eab00000,0x00000000eaf8cef8,0x00000000ec300000)
  from space 4096K, 99% used [0x00000000ec700000,0x00000000ecafea90,0x00000000ecb00000)
  to   space 4096K, 0% used [0x00000000ec300000,0x00000000ec300000,0x00000000ec700000)
 ParOldGen       total 65536K, used 4175K [0x00000000c0000000, 0x00000000c4000000, 0x00000000eab00000)
  object space 65536K, 6% used [0x00000000c0000000,0x00000000c0413d58,0x00000000c4000000)
 Metaspace       used 6160K, capacity 7024K, committed 7296K, reserved 1056768K
  class space    used 588K, capacity 616K, committed 640K, reserved 1048576K

Card table byte_map: [0x0000000013a00000,0x0000000013c10000] byte_map_base: 0x0000000013400000

Marking Bits: (ParMarkBitMap*) 0x0000000054213950
 Begin Bits: [0x0000000014170000, 0x0000000015170000)
 End Bits:   [0x0000000015170000, 0x0000000016170000)

Polling page: 0x00000000003d0000

CodeCache: size=245760Kb used=5982Kb max_used=5982Kb free=239777Kb
 bounds [0x0000000004640000, 0x0000000004c20000, 0x0000000013640000]
 total_blobs=1686 nmethods=1419 adapters=182
 compilation: enabled

Compilation events (10 events):
Event: 3.440 Thread 0x0000000016d6b800 1423       3       com.android.dx.ssa.back.SsaToRop$PhiVisitor::visitPhiInsn (67 bytes)
Event: 3.442 Thread 0x0000000016d6b800 nmethod 1423 0x0000000004c13c10 code [0x0000000004c13e80, 0x0000000004c14e88]
Event: 3.442 Thread 0x0000000016d6b800 1425       3       com.android.dx.dex.file.ValueEncoder::addContents (75 bytes)
Event: 3.442 Thread 0x0000000016d6b800 nmethod 1425 0x0000000004c15a90 code [0x0000000004c15c80, 0x0000000004c168a8]
Event: 3.442 Thread 0x0000000016d6b800 1422       3       com.android.dx.ssa.back.FirstFitLocalCombiningAllocator$Multiset::<init> (24 bytes)
Event: 3.442 Thread 0x0000000016d6b800 nmethod 1422 0x0000000004c16c10 code [0x0000000004c16d80, 0x0000000004c17070]
Event: 3.442 Thread 0x0000000016d6b800 1424       3       com.android.dx.dex.code.OutputFinisher::hasLocalInfo (20 bytes)
Event: 3.442 Thread 0x0000000016d6b800 nmethod 1424 0x0000000004c17150 code [0x0000000004c172c0, 0x0000000004c17550]
Event: 3.443 Thread 0x0000000016d6b800 1426       3       java.util.HashMap::<init> (98 bytes)
Event: 3.444 Thread 0x0000000016d6b800 nmethod 1426 0x0000000004c17610 code [0x0000000004c178a0, 0x0000000004c18a88]

GC Heap History (4 events):
Event: 2.459 GC heap before
{Heap before GC invocations=1 (full 0):
 PSYoungGen      total 28672K, used 24576K [0x00000000eab00000, 0x00000000ecb00000, 0x0000000100000000)
  eden space 24576K, 100% used [0x00000000eab00000,0x00000000ec300000,0x00000000ec300000)
  from space 4096K, 0% used [0x00000000ec700000,0x00000000ec700000,0x00000000ecb00000)
  to   space 4096K, 0% used [0x00000000ec300000,0x00000000ec300000,0x00000000ec700000)
 ParOldGen       total 65536K, used 0K [0x00000000c0000000, 0x00000000c4000000, 0x00000000eab00000)
  object space 65536K, 0% used [0x00000000c0000000,0x00000000c0000000,0x00000000c4000000)
 Metaspace       used 5949K, capacity 6832K, committed 7040K, reserved 1056768K
  class space    used 588K, capacity 616K, committed 640K, reserved 1048576K
Event: 2.471 GC heap after
Heap after GC invocations=1 (full 0):
 PSYoungGen      total 28672K, used 4088K [0x00000000eab00000, 0x00000000ecb00000, 0x0000000100000000)
  eden space 24576K, 0% used [0x00000000eab00000,0x00000000eab00000,0x00000000ec300000)
  from space 4096K, 99% used [0x00000000ec300000,0x00000000ec6fe088,0x00000000ec700000)
  to   space 4096K, 0% used [0x00000000ec700000,0x00000000ec700000,0x00000000ecb00000)
 ParOldGen       total 65536K, used 1135K [0x00000000c0000000, 0x00000000c4000000, 0x00000000eab00000)
  object space 65536K, 1% used [0x00000000c0000000,0x00000000c011bc08,0x00000000c4000000)
 Metaspace       used 5949K, capacity 6832K, committed 7040K, reserved 1056768K
  class space    used 588K, capacity 616K, committed 640K, reserved 1048576K
}
Event: 3.274 GC heap before
{Heap before GC invocations=2 (full 0):
 PSYoungGen      total 28672K, used 28664K [0x00000000eab00000, 0x00000000ecb00000, 0x0000000100000000)
  eden space 24576K, 100% used [0x00000000eab00000,0x00000000ec300000,0x00000000ec300000)
  from space 4096K, 99% used [0x00000000ec300000,0x00000000ec6fe088,0x00000000ec700000)
  to   space 4096K, 0% used [0x00000000ec700000,0x00000000ec700000,0x00000000ecb00000)
 ParOldGen       total 65536K, used 1135K [0x00000000c0000000, 0x00000000c4000000, 0x00000000eab00000)
  object space 65536K, 1% used [0x00000000c0000000,0x00000000c011bc08,0x00000000c4000000)
 Metaspace       used 6146K, capacity 7024K, committed 7296K, reserved 1056768K
  class space    used 588K, capacity 616K, committed 640K, reserved 1048576K
Event: 3.411 GC heap after
Heap after GC invocations=2 (full 0):
 PSYoungGen      total 28672K, used 4090K [0x00000000eab00000, 0x00000000ecb00000, 0x0000000100000000)
  eden space 24576K, 0% used [0x00000000eab00000,0x00000000eab00000,0x00000000ec300000)
  from space 4096K, 99% used [0x00000000ec700000,0x00000000ecafea90,0x00000000ecb00000)
  to   space 4096K, 0% used [0x00000000ec300000,0x00000000ec300000,0x00000000ec700000)
 ParOldGen       total 65536K, used 4175K [0x00000000c0000000, 0x00000000c4000000, 0x00000000eab00000)
  object space 65536K, 6% used [0x00000000c0000000,0x00000000c0413d58,0x00000000c4000000)
 Metaspace       used 6146K, capacity 7024K, committed 7296K, reserved 1056768K
  class space    used 588K, capacity 616K, committed 640K, reserved 1048576K
}

Deoptimization events (10 events):
Event: 2.386 Thread 0x000000000283d800 Uncommon trap: reason=bimorphic action=maybe_recompile pc=0x00000000048bf6a0 method=java.util.HashMap.getNode(ILjava/lang/Object;)Ljava/util/HashMap$Node; @ 126
Event: 2.386 Thread 0x000000000283d800 Uncommon trap: reason=class_check action=maybe_recompile pc=0x00000000049ed950 method=java.util.HashMap.putVal(ILjava/lang/Object;Ljava/lang/Object;ZZ)Ljava/lang/Object; @ 203
Event: 2.386 Thread 0x000000000283d800 Uncommon trap: reason=bimorphic action=maybe_recompile pc=0x00000000048bf6a0 method=java.util.HashMap.getNode(ILjava/lang/Object;)Ljava/util/HashMap$Node; @ 126
Event: 2.386 Thread 0x000000000283d800 Uncommon trap: reason=class_check action=maybe_recompile pc=0x00000000049ed950 method=java.util.HashMap.putVal(ILjava/lang/Object;Ljava/lang/Object;ZZ)Ljava/lang/Object; @ 203
Event: 2.386 Thread 0x000000000283d800 Uncommon trap: reason=bimorphic action=maybe_recompile pc=0x00000000048fa6f4 method=java.util.HashMap.getNode(ILjava/lang/Object;)Ljava/util/HashMap$Node; @ 126
Event: 2.386 Thread 0x000000000283d800 Uncommon trap: reason=unstable_if action=reinterpret pc=0x000000000492fe9c method=com.android.dx.rop.cst.Constant.compareTo(Lcom/android/dx/rop/cst/Constant;)I @ 12
Event: 2.420 Thread 0x00000000187d5000 Uncommon trap: reason=null_check action=make_not_entrant pc=0x00000000049848d0 method=com.android.dx.rop.type.Type.equals(Ljava/lang/Object;)Z @ 8
Event: 2.490 Thread 0x00000000187d5000 Uncommon trap: reason=unstable_if action=reinterpret pc=0x0000000004932f68 method=com.android.dx.rop.code.RegisterSpec.equals(ILcom/android/dx/rop/type/TypeBearer;Lcom/android/dx/rop/code/LocalItem;)Z @ 42
Event: 2.787 Thread 0x00000000187d5000 Uncommon trap: reason=unstable_if action=reinterpret pc=0x0000000004b4e56c method=com.android.dx.ssa.SCCP.simulateStmt(Lcom/android/dx/ssa/SsaInsn;)V @ 53
Event: 2.811 Thread 0x00000000187d5000 Uncommon trap: reason=uninitialized action=reinterpret pc=0x0000000004b3dc90 method=com.android.dx.cf.code.BytecodeArray.parseInstruction(ILcom/android/dx/cf/code/BytecodeArray$Visitor;)I @ 1031

Classes redefined (0 events):
No events

Internal exceptions (3 events):
Event: 0.078 Thread 0x000000000283d800 Exception <a 'java/lang/NoSuchMethodError': Method sun.misc.Unsafe.defineClass(Ljava/lang/String;[BII)Ljava/lang/Class; name or signature does not match> (0x00000000eab07ca8) thrown at [D:\src\AOSP-openjdk-cygwin\jdk8u\hotspot\src\share\vm\prims\jni.cpp, 
Event: 0.079 Thread 0x000000000283d800 Exception <a 'java/lang/NoSuchMethodError': Method sun.misc.Unsafe.prefetchRead(Ljava/lang/Object;J)V name or signature does not match> (0x00000000eab07f90) thrown at [D:\src\AOSP-openjdk-cygwin\jdk8u\hotspot\src\share\vm\prims\jni.cpp, line 4011]
Event: 2.420 Thread 0x00000000187d5000 Implicit null exception at 0x0000000004984822 to 0x00000000049848c1

Events (10 events):
Event: 2.787 Thread 0x00000000187d5000 DEOPT UNPACKING pc=0x000000000468556a sp=0x000000001905ec68 mode 2
Event: 2.811 Thread 0x00000000187d5000 Uncommon trap: trap_request=0xffffffb5 fr.pc=0x0000000004b3dc90
Event: 2.811 Thread 0x00000000187d5000 DEOPT PACKING pc=0x0000000004b3dc90 sp=0x000000001905ed40
Event: 2.811 Thread 0x00000000187d5000 DEOPT UNPACKING pc=0x000000000468556a sp=0x000000001905ece0 mode 2
Event: 2.884 Thread 0x00000000187d8800 DEOPT PACKING pc=0x0000000004a289fc sp=0x000000001915e880
Event: 2.884 Thread 0x00000000187d8800 DEOPT UNPACKING pc=0x00000000046871bf sp=0x000000001915e650 mode 0
Event: 2.906 Thread 0x00000000187c3000 DEOPT PACKING pc=0x0000000004a289fc sp=0x0000000018d5ea10
Event: 2.906 Thread 0x00000000187c3000 DEOPT UNPACKING pc=0x00000000046871bf sp=0x0000000018d5e7d8 mode 0
Event: 2.919 Executing VM operation: ParallelGCFailedAllocation
Event: 3.411 Executing VM operation: ParallelGCFailedAllocation done


Dynamic libraries:
0x00007ff67a310000 - 0x00007ff67a341000 	C:\Program Files\Android\Android Studio\jre\bin\java.exe
0x00007ff8c3950000 - 0x00007ff8c3b30000 	C:\WINDOWS\SYSTEM32\ntdll.dll
0x00007ff8c3870000 - 0x00007ff8c391e000 	C:\WINDOWS\System32\KERNEL32.DLL
0x00007ff8c0240000 - 0x00007ff8c04a6000 	C:\WINDOWS\System32\KERNELBASE.dll
0x00007ff8c13d0000 - 0x00007ff8c1471000 	C:\WINDOWS\System32\ADVAPI32.dll
0x00007ff8c0fe0000 - 0x00007ff8c107d000 	C:\WINDOWS\System32\msvcrt.dll
0x00007ff8c1480000 - 0x00007ff8c14db000 	C:\WINDOWS\System32\sechost.dll
0x00007ff8c30e0000 - 0x00007ff8c31ff000 	C:\WINDOWS\System32\RPCRT4.dll
0x00007ff8c16a0000 - 0x00007ff8c182f000 	C:\WINDOWS\System32\USER32.dll
0x00007ff8c0e00000 - 0x00007ff8c0e20000 	C:\WINDOWS\System32\win32u.dll
0x00007ff8c1650000 - 0x00007ff8c1678000 	C:\WINDOWS\System32\GDI32.dll
0x00007ff8c04b0000 - 0x00007ff8c0644000 	C:\WINDOWS\System32\gdi32full.dll
0x00007ff8bffd0000 - 0x00007ff8c006b000 	C:\WINDOWS\System32\msvcp_win.dll
0x00007ff8c0070000 - 0x00007ff8c0166000 	C:\WINDOWS\System32\ucrtbase.dll
0x00007ff8b7e10000 - 0x00007ff8b8079000 	C:\WINDOWS\WinSxS\amd64_microsoft.windows.common-controls_6595b64144ccf1df_6.0.16299.64_none_cc9304e22215ca8f\COMCTL32.dll
0x00007ff8c1830000 - 0x00007ff8c1b38000 	C:\WINDOWS\System32\combase.dll
0x00007ff8c01c0000 - 0x00007ff8c0232000 	C:\WINDOWS\System32\bcryptPrimitives.dll
0x00007ff8c1b40000 - 0x00007ff8c1b6d000 	C:\WINDOWS\System32\IMM32.DLL
0x00000000544b0000 - 0x0000000054582000 	C:\Program Files\Android\Android Studio\jre\jre\bin\msvcr100.dll
0x0000000053a50000 - 0x000000005428e000 	C:\Program Files\Android\Android Studio\jre\jre\bin\server\jvm.dll
0x00007ff8c1bd0000 - 0x00007ff8c1bd8000 	C:\WINDOWS\System32\PSAPI.DLL
0x00007ff8baa50000 - 0x00007ff8baa59000 	C:\WINDOWS\SYSTEM32\WSOCK32.dll
0x00007ff8c37a0000 - 0x00007ff8c380c000 	C:\WINDOWS\System32\WS2_32.dll
0x00007ff8bc720000 - 0x00007ff8bc743000 	C:\WINDOWS\SYSTEM32\WINMM.dll
0x00007ff8bbcb0000 - 0x00007ff8bbcba000 	C:\WINDOWS\SYSTEM32\VERSION.dll
0x00007ff8bc6c0000 - 0x00007ff8bc6ea000 	C:\WINDOWS\SYSTEM32\WINMMBASE.dll
0x00007ff8c0170000 - 0x00007ff8c01ba000 	C:\WINDOWS\System32\cfgmgr32.dll
0x00007ff8baa40000 - 0x00007ff8baa4f000 	C:\Program Files\Android\Android Studio\jre\jre\bin\verify.dll
0x00007ff8b3690000 - 0x00007ff8b36b9000 	C:\Program Files\Android\Android Studio\jre\jre\bin\java.dll
0x00007ff8b35d0000 - 0x00007ff8b35e6000 	C:\Program Files\Android\Android Studio\jre\jre\bin\zip.dll
0x00007ff8c1bf0000 - 0x00007ff8c3027000 	C:\WINDOWS\System32\SHELL32.dll
0x00007ff8c0f30000 - 0x00007ff8c0fd6000 	C:\WINDOWS\System32\shcore.dll
0x00007ff8c06b0000 - 0x00007ff8c0df7000 	C:\WINDOWS\System32\windows.storage.dll
0x00007ff8c3810000 - 0x00007ff8c3861000 	C:\WINDOWS\System32\shlwapi.dll
0x00007ff8bfce0000 - 0x00007ff8bfcf1000 	C:\WINDOWS\System32\kernel.appcore.dll
0x00007ff8bfd00000 - 0x00007ff8bfd4c000 	C:\WINDOWS\System32\powrprof.dll
0x00007ff8bfcc0000 - 0x00007ff8bfcdb000 	C:\WINDOWS\System32\profapi.dll

VM Arguments:
jvm_args: -Djava.awt.headless=true -Xmx1024M -Dfile.encoding=windows-1252 -Duser.country=US -Duser.language=en -Duser.variant 
java_command: com.android.dx.command.Main --dex --num-threads=4 --output E:\myrepo\concert-pharmaceuticals\app\build\intermediates\pre-dexed\debug\com.android.support-recyclerview-v7-23.1.1_291b6bab60a9206031b4d59684c31cd70b7cf24e.jar E:\myrepo\concert-pharmaceuticals\app\build\intermediates\exploded-aar\com.android.support\recyclerview-v7\23.1.1\jars\classes.jar
java_class_path (initial): C:\Users\TK_DTP_0068\AppData\Local\Android\Sdk\build-tools\25.0.0\lib\dx.jar
Launcher Type: SUN_STANDARD

Environment Variables:
PATH=C:\ProgramData\Oracle\Java\javapath;C:\WINDOWS\system32;C:\WINDOWS;C:\WINDOWS\System32\Wbem;C:\WINDOWS\System32\WindowsPowerShell\v1.0\;C:\Program Files (x86)\Skype\Phone\;C:\Users\TK_DTP_0068\.dnx\bin;C:\Program Files\Microsoft DNX\Dnvm\;C:\Program Files\Microsoft SQL Server\120\Tools\Binn\;C:\Program Files\Git\cmd;C:\Program Files\Java\jdk1.8.0_151\bin;
USERNAME=TK_DTP_0114
OS=Windows_NT
PROCESSOR_IDENTIFIER=Intel64 Family 6 Model 23 Stepping 10, GenuineIntel



---------------  S Y S T E M  ---------------

OS: Windows 10.0 , 64 bit Build 16299 (10.0.16299.15)

CPU:total 4 (initial active 4) (4 cores per cpu, 1 threads per core) family 6 model 23 stepping 10, cmov, cx8, fxsr, mmx, sse, sse2, sse3, ssse3, sse4.1, tsc

Memory: 4k page, physical 6223476k(667132k free), swap 19496196k(1236k free)

vm_info: OpenJDK 64-Bit Server VM (25.152-b01) for windows-amd64 JRE (1.8.0_152-release-915-b01), built by "builder" with MS VC++ 10.0 (VS2010)

time: Wed Dec 06 15:57:38 2017
elapsed time: 3 seconds (0d 0h 0m 3s)

