#
# There is insufficient memory for the Java Runtime Environment to continue.
# Native memory allocation (malloc) failed to allocate 806528 bytes for Chunk::new
# Possible reasons:
#   The system is out of physical RAM or swap space
#   In 32 bit mode, the process size limit was hit
# Possible solutions:
#   Reduce memory load on the system
#   Increase physical memory or swap space
#   Check if swap backing store is full
#   Use 64 bit Java on a 64 bit OS
#   Decrease Java heap size (-Xmx/-Xms)
#   Decrease number of Java threads
#   Decrease Java thread stack sizes (-Xss)
#   Set larger code cache with -XX:ReservedCodeCacheSize=
# This output file may be truncated or incomplete.
#
#  Out of Memory Error (allocation.cpp:390), pid=3132, tid=0x0000000000001d1c
#
# JRE version: OpenJDK Runtime Environment (8.0_152-b01) (build 1.8.0_152-release-915-b01)
# Java VM: OpenJDK 64-Bit Server VM (25.152-b01 mixed mode windows-amd64 compressed oops)
# Failed to write core dump. Minidumps are not enabled by default on client versions of Windows
#

---------------  T H R E A D  ---------------

Current thread (0x0000000016d5b800):  JavaThread "C2 CompilerThread1" daemon [_thread_in_native, id=7452, stack(0x0000000018480000,0x0000000018580000)]

Stack: [0x0000000018480000,0x0000000018580000]
[error occurred during error reporting (printing stack bounds), id 0xc0000005]

Native frames: (J=compiled Java code, j=interpreted, Vv=VM code, C=native code)


Current CompileTask:
C2:   3399 1525   !   4       com.android.dx.cf.code.BytecodeArray::parseInstruction (2764 bytes)


---------------  P R O C E S S  ---------------

Java Threads: ( => current thread )
  0x000000001880b800 JavaThread "pool-1-thread-4" [_thread_blocked, id=4676, stack(0x0000000019080000,0x0000000019180000)]
  0x0000000018837000 JavaThread "pool-1-thread-3" [_thread_blocked, id=10340, stack(0x0000000018f80000,0x0000000019080000)]
  0x00000000187e0000 JavaThread "pool-1-thread-2" [_thread_blocked, id=4564, stack(0x0000000018e80000,0x0000000018f80000)]
  0x00000000187df000 JavaThread "pool-2-thread-1" [_thread_blocked, id=4668, stack(0x0000000018d80000,0x0000000018e80000)]
  0x00000000187db800 JavaThread "pool-1-thread-1" [_thread_blocked, id=8096, stack(0x0000000018c80000,0x0000000018d80000)]
  0x0000000018586000 JavaThread "Service Thread" daemon [_thread_blocked, id=8984, stack(0x0000000018a80000,0x0000000018b80000)]
  0x0000000016d9d800 JavaThread "C1 CompilerThread2" daemon [_thread_blocked, id=4208, stack(0x0000000018980000,0x0000000018a80000)]
=>0x0000000016d5b800 JavaThread "C2 CompilerThread1" daemon [_thread_in_native, id=7452, stack(0x0000000018480000,0x0000000018580000)]
  0x0000000016d37800 JavaThread "C2 CompilerThread0" daemon [_thread_blocked, id=7624, stack(0x0000000018380000,0x0000000018480000)]
  0x0000000016d46000 JavaThread "Attach Listener" daemon [_thread_blocked, id=4416, stack(0x0000000018280000,0x0000000018380000)]
  0x0000000016d45000 JavaThread "Signal Dispatcher" daemon [_thread_blocked, id=296, stack(0x0000000018180000,0x0000000018280000)]
  0x000000000466c800 JavaThread "Finalizer" daemon [_thread_blocked, id=8972, stack(0x0000000017f90000,0x0000000018090000)]
  0x0000000004661800 JavaThread "Reference Handler" daemon [_thread_blocked, id=8412, stack(0x0000000017e90000,0x0000000017f90000)]
  0x000000000456d800 JavaThread "main" [_thread_blocked, id=8632, stack(0x00000000043c0000,0x00000000044c0000)]

Other Threads:
  0x0000000016d04000 VMThread [stack: 0x0000000017d90000,0x0000000017e90000] [id=10268]
  0x0000000018587800 WatcherThread [stack: 0x0000000018b80000,0x0000000018c80000] [id=6376]

VM state:at safepoint (normal execution)

VM Mutex/Monitor currently owned by a thread:  ([mutex/lock_event])
[0x000000000456d2a0] Threads_lock - owner thread: 0x0000000016d04000
[0x000000000456cd20] Heap_lock - owner thread: 0x0000000018837000

Heap:
 PSYoungGen      total 28672K, used 28652K [0x00000000eab00000, 0x00000000ee300000, 0x0000000100000000)
  eden space 24576K, 100% used [0x00000000eab00000,0x00000000ec300000,0x00000000ec300000)
  from space 4096K, 99% used [0x00000000ec700000,0x00000000ecafb340,0x00000000ecb00000)
  to   space 4096K, 99% used [0x00000000ec300000,0x00000000ec6fc028,0x00000000ec700000)
 ParOldGen       total 65536K, used 8390K [0x00000000c0000000, 0x00000000c4000000, 0x00000000eab00000)
  object space 65536K, 12% used [0x00000000c0000000,0x00000000c08318d0,0x00000000c4000000)
 Metaspace       used 6279K, capacity 7088K, committed 7296K, reserved 1056768K
  class space    used 588K, capacity 616K, committed 640K, reserved 1048576K

Card table byte_map: [0x0000000013a30000,0x0000000013c40000] byte_map_base: 0x0000000013430000

Marking Bits: (ParMarkBitMap*) 0x0000000054213950
 Begin Bits: [0x00000000141a0000, 0x00000000151a0000)
 End Bits:   [0x00000000151a0000, 0x00000000161a0000)

Polling page: 0x00000000003e0000

CodeCache: size=245760Kb used=6318Kb max_used=6318Kb free=239441Kb
 bounds [0x0000000004670000, 0x0000000004ca0000, 0x0000000013670000]
 total_blobs=1856 nmethods=1589 adapters=182
 compilation: enabled

Compilation events (10 events):
Event: 3.335 Thread 0x0000000016d9d800 1610       2       com.android.dx.rop.code.LocalVariableExtractor::extract (14 bytes)
Event: 3.335 Thread 0x0000000016d9d800 nmethod 1610 0x0000000004c9df50 code [0x0000000004c9e0c0, 0x0000000004c9e298]
Event: 3.335 Thread 0x0000000016d9d800 1611       2       com.android.dx.rop.code.LocalVariableExtractor::<init> (59 bytes)
Event: 3.335 Thread 0x0000000016d9d800 nmethod 1611 0x0000000004c9e390 code [0x0000000004c9e520, 0x0000000004c9e8e8]
Event: 3.335 Thread 0x0000000016d9d800 1614       2       com.android.dx.ssa.back.FirstFitLocalCombiningAllocator::<init> (141 bytes)
Event: 3.336 Thread 0x0000000016d9d800 nmethod 1614 0x0000000004c9ead0 code [0x0000000004c9eca0, 0x0000000004c9f428]
Event: 3.336 Thread 0x0000000016d9d800 1615       2       com.android.dx.cf.direct.DirectClassFile::parseToEndIfNecessary (12 bytes)
Event: 3.336 Thread 0x0000000016d9d800 nmethod 1615 0x0000000004c9f790 code [0x0000000004c9f900, 0x0000000004c9fa88]
Event: 3.337 Thread 0x0000000016d9d800 1616       2       java.util.concurrent.locks.AbstractQueuedSynchronizer::hasQueuedPredecessors (40 bytes)
Event: 3.337 Thread 0x0000000016d9d800 nmethod 1616 0x0000000004c9fb10 code [0x0000000004c9fc60, 0x0000000004c9fe10]

GC Heap History (5 events):
Event: 1.891 GC heap before
{Heap before GC invocations=1 (full 0):
 PSYoungGen      total 28672K, used 24576K [0x00000000eab00000, 0x00000000ecb00000, 0x0000000100000000)
  eden space 24576K, 100% used [0x00000000eab00000,0x00000000ec300000,0x00000000ec300000)
  from space 4096K, 0% used [0x00000000ec700000,0x00000000ec700000,0x00000000ecb00000)
  to   space 4096K, 0% used [0x00000000ec300000,0x00000000ec300000,0x00000000ec700000)
 ParOldGen       total 65536K, used 0K [0x00000000c0000000, 0x00000000c4000000, 0x00000000eab00000)
  object space 65536K, 0% used [0x00000000c0000000,0x00000000c0000000,0x00000000c4000000)
 Metaspace       used 5963K, capacity 6832K, committed 7040K, reserved 1056768K
  class space    used 587K, capacity 616K, committed 640K, reserved 1048576K
Event: 1.903 GC heap after
Heap after GC invocations=1 (full 0):
 PSYoungGen      total 28672K, used 4066K [0x00000000eab00000, 0x00000000ecb00000, 0x0000000100000000)
  eden space 24576K, 0% used [0x00000000eab00000,0x00000000eab00000,0x00000000ec300000)
  from space 4096K, 99% used [0x00000000ec300000,0x00000000ec6f8910,0x00000000ec700000)
  to   space 4096K, 0% used [0x00000000ec700000,0x00000000ec700000,0x00000000ecb00000)
 ParOldGen       total 65536K, used 1154K [0x00000000c0000000, 0x00000000c4000000, 0x00000000eab00000)
  object space 65536K, 1% used [0x00000000c0000000,0x00000000c0120800,0x00000000c4000000)
 Metaspace       used 5963K, capacity 6832K, committed 7040K, reserved 1056768K
  class space    used 587K, capacity 616K, committed 640K, reserved 1048576K
}
Event: 2.630 GC heap before
{Heap before GC invocations=2 (full 0):
 PSYoungGen      total 28672K, used 28642K [0x00000000eab00000, 0x00000000ecb00000, 0x0000000100000000)
  eden space 24576K, 100% used [0x00000000eab00000,0x00000000ec300000,0x00000000ec300000)
  from space 4096K, 99% used [0x00000000ec300000,0x00000000ec6f8910,0x00000000ec700000)
  to   space 4096K, 0% used [0x00000000ec700000,0x00000000ec700000,0x00000000ecb00000)
 ParOldGen       total 65536K, used 1276K [0x00000000c0000000, 0x00000000c4000000, 0x00000000eab00000)
  object space 65536K, 1% used [0x00000000c0000000,0x00000000c013f120,0x00000000c4000000)
 Metaspace       used 6188K, capacity 7024K, committed 7296K, reserved 1056768K
  class space    used 587K, capacity 616K, committed 640K, reserved 1048576K
Event: 2.942 GC heap after
Heap after GC invocations=2 (full 0):
 PSYoungGen      total 28672K, used 4076K [0x00000000eab00000, 0x00000000ee300000, 0x0000000100000000)
  eden space 24576K, 0% used [0x00000000eab00000,0x00000000eab00000,0x00000000ec300000)
  from space 4096K, 99% used [0x00000000ec700000,0x00000000ecafb340,0x00000000ecb00000)
  to   space 4096K, 0% used [0x00000000ec300000,0x00000000ec300000,0x00000000ec700000)
 ParOldGen       total 65536K, used 4465K [0x00000000c0000000, 0x00000000c4000000, 0x00000000eab00000)
  object space 65536K, 6% used [0x00000000c0000000,0x00000000c045c500,0x00000000c4000000)
 Metaspace       used 6188K, capacity 7024K, committed 7296K, reserved 1056768K
  class space    used 587K, capacity 616K, committed 640K, reserved 1048576K
}
Event: 3.338 GC heap before
{Heap before GC invocations=3 (full 0):
 PSYoungGen      total 28672K, used 28652K [0x00000000eab00000, 0x00000000ee300000, 0x0000000100000000)
  eden space 24576K, 100% used [0x00000000eab00000,0x00000000ec300000,0x00000000ec300000)
  from space 4096K, 99% used [0x00000000ec700000,0x00000000ecafb340,0x00000000ecb00000)
  to   space 4096K, 0% used [0x00000000ec300000,0x00000000ec300000,0x00000000ec700000)
 ParOldGen       total 65536K, used 4466K [0x00000000c0000000, 0x00000000c4000000, 0x00000000eab00000)
  object space 65536K, 6% used [0x00000000c0000000,0x00000000c045cbc0,0x00000000c4000000)
 Metaspace       used 6279K, capacity 7088K, committed 7296K, reserved 1056768K
  class space    used 588K, capacity 616K, committed 640K, reserved 1048576K

Deoptimization events (10 events):
Event: 1.702 Thread 0x000000000456d800 Uncommon trap: reason=class_check action=maybe_recompile pc=0x00000000048efe70 method=com.android.dx.ssa.NormalSsaInsn.accept(Lcom/android/dx/ssa/SsaInsn$Visitor;)V @ 9
Event: 1.702 Thread 0x000000000456d800 Uncommon trap: reason=class_check action=maybe_recompile pc=0x00000000048efe70 method=com.android.dx.ssa.NormalSsaInsn.accept(Lcom/android/dx/ssa/SsaInsn$Visitor;)V @ 9
Event: 1.702 Thread 0x000000000456d800 Uncommon trap: reason=class_check action=maybe_recompile pc=0x00000000048efe70 method=com.android.dx.ssa.NormalSsaInsn.accept(Lcom/android/dx/ssa/SsaInsn$Visitor;)V @ 9
Event: 1.921 Thread 0x00000000187e0000 Uncommon trap: reason=null_check action=make_not_entrant pc=0x0000000004aadb10 method=com.android.dx.rop.type.Type.equals(Ljava/lang/Object;)Z @ 8
Event: 1.934 Thread 0x000000001880b800 Uncommon trap: reason=null_check action=make_not_entrant pc=0x00000000049e9d90 method=com.android.dx.ssa.SsaRenamer.getLocalForNewReg(I)Lcom/android/dx/rop/code/LocalItem; @ 19
Event: 2.247 Thread 0x00000000187db800 Uncommon trap: reason=null_check action=make_not_entrant pc=0x0000000004a3e840 method=com.android.dx.ssa.SsaRenamer.getLocalForNewReg(I)Lcom/android/dx/rop/code/LocalItem; @ 19
Event: 2.255 Thread 0x00000000187db800 Uncommon trap: reason=unstable_if action=reinterpret pc=0x0000000004b09b30 method=com.android.dx.ssa.SsaRenamer$BlockRenamer.addMapping(ILcom/android/dx/rop/code/RegisterSpec;)V @ 120
Event: 2.356 Thread 0x000000001880b800 Uncommon trap: reason=unstable_if action=reinterpret pc=0x00000000049e230c method=com.android.dx.rop.code.RegisterSpec.equals(ILcom/android/dx/rop/type/TypeBearer;Lcom/android/dx/rop/code/LocalItem;)Z @ 42
Event: 2.947 Thread 0x000000001880b800 Uncommon trap: reason=unstable_if action=reinterpret pc=0x0000000004c2f9cc method=com.android.dx.ssa.SCCP.simulateStmt(Lcom/android/dx/ssa/SsaInsn;)V @ 53
Event: 2.999 Thread 0x0000000018837000 Uncommon trap: reason=unstable_if action=reinterpret pc=0x00000000049e10dc method=com.android.dx.rop.cst.Constant.compareTo(Lcom/android/dx/rop/cst/Constant;)I @ 12

Classes redefined (0 events):
No events

Internal exceptions (5 events):
Event: 0.057 Thread 0x000000000456d800 Exception <a 'java/lang/NoSuchMethodError': Method sun.misc.Unsafe.defineClass(Ljava/lang/String;[BII)Ljava/lang/Class; name or signature does not match> (0x00000000eab07ca8) thrown at [D:\src\AOSP-openjdk-cygwin\jdk8u\hotspot\src\share\vm\prims\jni.cpp, 
Event: 0.057 Thread 0x000000000456d800 Exception <a 'java/lang/NoSuchMethodError': Method sun.misc.Unsafe.prefetchRead(Ljava/lang/Object;J)V name or signature does not match> (0x00000000eab07f90) thrown at [D:\src\AOSP-openjdk-cygwin\jdk8u\hotspot\src\share\vm\prims\jni.cpp, line 4011]
Event: 1.921 Thread 0x00000000187e0000 Implicit null exception at 0x0000000004aada62 to 0x0000000004aadb01
Event: 1.934 Thread 0x000000001880b800 Implicit null exception at 0x00000000049e7bef to 0x00000000049e9d6d
Event: 2.247 Thread 0x00000000187db800 Implicit null exception at 0x0000000004a3c357 to 0x0000000004a3e825

Events (10 events):
Event: 2.942 Executing VM operation: ParallelGCSystemGC done
Event: 2.947 Thread 0x000000001880b800 Uncommon trap: trap_request=0xffffff65 fr.pc=0x0000000004c2f9cc
Event: 2.947 Thread 0x000000001880b800 DEOPT PACKING pc=0x0000000004c2f9cc sp=0x000000001917e6b0
Event: 2.947 Thread 0x000000001880b800 DEOPT UNPACKING pc=0x00000000046b556a sp=0x000000001917e688 mode 2
Event: 2.999 Thread 0x0000000018837000 Uncommon trap: trap_request=0xffffff65 fr.pc=0x00000000049e10dc
Event: 2.999 Thread 0x0000000018837000 DEOPT PACKING pc=0x00000000049e10dc sp=0x000000001907e720
Event: 2.999 Thread 0x0000000018837000 DEOPT UNPACKING pc=0x00000000046b556a sp=0x000000001907e6c0 mode 2
Event: 3.328 loading class com/android/dx/cf/code/BytecodeArray$ConstantParserVisitor
Event: 3.328 loading class com/android/dx/cf/code/BytecodeArray$ConstantParserVisitor done
Event: 3.338 Executing VM operation: ParallelGCFailedAllocation


Dynamic libraries:
0x00007ff67a310000 - 0x00007ff67a341000 	C:\Program Files\Android\Android Studio\jre\bin\java.exe
0x00007ff8c3950000 - 0x00007ff8c3b30000 	C:\WINDOWS\SYSTEM32\ntdll.dll
0x00007ff8c3870000 - 0x00007ff8c391e000 	C:\WINDOWS\System32\KERNEL32.DLL
0x00007ff8c0240000 - 0x00007ff8c04a6000 	C:\WINDOWS\System32\KERNELBASE.dll
0x00007ff8c13d0000 - 0x00007ff8c1471000 	C:\WINDOWS\System32\ADVAPI32.dll
0x00007ff8c0fe0000 - 0x00007ff8c107d000 	C:\WINDOWS\System32\msvcrt.dll
0x00007ff8c1480000 - 0x00007ff8c14db000 	C:\WINDOWS\System32\sechost.dll
0x00007ff8c30e0000 - 0x00007ff8c31ff000 	C:\WINDOWS\System32\RPCRT4.dll
0x00007ff8c16a0000 - 0x00007ff8c182f000 	C:\WINDOWS\System32\USER32.dll
0x00007ff8c0e00000 - 0x00007ff8c0e20000 	C:\WINDOWS\System32\win32u.dll
0x00007ff8c1650000 - 0x00007ff8c1678000 	C:\WINDOWS\System32\GDI32.dll
0x00007ff8c04b0000 - 0x00007ff8c0644000 	C:\WINDOWS\System32\gdi32full.dll
0x00007ff8bffd0000 - 0x00007ff8c006b000 	C:\WINDOWS\System32\msvcp_win.dll
0x00007ff8c0070000 - 0x00007ff8c0166000 	C:\WINDOWS\System32\ucrtbase.dll
0x00007ff8b7e10000 - 0x00007ff8b8079000 	C:\WINDOWS\WinSxS\amd64_microsoft.windows.common-controls_6595b64144ccf1df_6.0.16299.64_none_cc9304e22215ca8f\COMCTL32.dll
0x00007ff8c1830000 - 0x00007ff8c1b38000 	C:\WINDOWS\System32\combase.dll
0x00007ff8c01c0000 - 0x00007ff8c0232000 	C:\WINDOWS\System32\bcryptPrimitives.dll
0x00007ff8c1b40000 - 0x00007ff8c1b6d000 	C:\WINDOWS\System32\IMM32.DLL
0x00000000544b0000 - 0x0000000054582000 	C:\Program Files\Android\Android Studio\jre\jre\bin\msvcr100.dll
0x0000000053a50000 - 0x000000005428e000 	C:\Program Files\Android\Android Studio\jre\jre\bin\server\jvm.dll
0x00007ff8c1bd0000 - 0x00007ff8c1bd8000 	C:\WINDOWS\System32\PSAPI.DLL
0x00007ff8baa50000 - 0x00007ff8baa59000 	C:\WINDOWS\SYSTEM32\WSOCK32.dll
0x00007ff8c37a0000 - 0x00007ff8c380c000 	C:\WINDOWS\System32\WS2_32.dll
0x00007ff8bc720000 - 0x00007ff8bc743000 	C:\WINDOWS\SYSTEM32\WINMM.dll
0x00007ff8bbcb0000 - 0x00007ff8bbcba000 	C:\WINDOWS\SYSTEM32\VERSION.dll
0x00007ff8bc6c0000 - 0x00007ff8bc6ea000 	C:\WINDOWS\SYSTEM32\WINMMBASE.dll
0x00007ff8c0170000 - 0x00007ff8c01ba000 	C:\WINDOWS\System32\cfgmgr32.dll
0x00007ff8baa40000 - 0x00007ff8baa4f000 	C:\Program Files\Android\Android Studio\jre\jre\bin\verify.dll
0x00007ff8b3690000 - 0x00007ff8b36b9000 	C:\Program Files\Android\Android Studio\jre\jre\bin\java.dll
0x00007ff8b35d0000 - 0x00007ff8b35e6000 	C:\Program Files\Android\Android Studio\jre\jre\bin\zip.dll
0x00007ff8c1bf0000 - 0x00007ff8c3027000 	C:\WINDOWS\System32\SHELL32.dll
0x00007ff8c0f30000 - 0x00007ff8c0fd6000 	C:\WINDOWS\System32\shcore.dll
0x00007ff8c06b0000 - 0x00007ff8c0df7000 	C:\WINDOWS\System32\windows.storage.dll
0x00007ff8c3810000 - 0x00007ff8c3861000 	C:\WINDOWS\System32\shlwapi.dll
0x00007ff8bfce0000 - 0x00007ff8bfcf1000 	C:\WINDOWS\System32\kernel.appcore.dll
0x00007ff8bfd00000 - 0x00007ff8bfd4c000 	C:\WINDOWS\System32\powrprof.dll
0x00007ff8bfcc0000 - 0x00007ff8bfcdb000 	C:\WINDOWS\System32\profapi.dll

VM Arguments:
jvm_args: -Djava.awt.headless=true -Xmx1024M -Dfile.encoding=windows-1252 -Duser.country=US -Duser.language=en -Duser.variant 
java_command: com.android.dx.command.Main --dex --num-threads=4 --output E:\myrepo\concert-pharmaceuticals\app\build\intermediates\pre-dexed\debug\gson-2.3.1_4842353f5ccea2800c7ef0300a221e5c44494ce0.jar C:\Users\TK_DTP_0068\.gradle\caches\modules-2\files-2.1\com.google.code.gson\gson\2.3.1\ecb6e1f8e4b0e84c4b886c2f14a1500caf309757\gson-2.3.1.jar
java_class_path (initial): C:\Users\TK_DTP_0068\AppData\Local\Android\Sdk\build-tools\25.0.0\lib\dx.jar
Launcher Type: SUN_STANDARD

Environment Variables:
PATH=C:\ProgramData\Oracle\Java\javapath;C:\WINDOWS\system32;C:\WINDOWS;C:\WINDOWS\System32\Wbem;C:\WINDOWS\System32\WindowsPowerShell\v1.0\;C:\Program Files (x86)\Skype\Phone\;C:\Users\TK_DTP_0068\.dnx\bin;C:\Program Files\Microsoft DNX\Dnvm\;C:\Program Files\Microsoft SQL Server\120\Tools\Binn\;C:\Program Files\Git\cmd;C:\Program Files\Java\jdk1.8.0_151\bin;
USERNAME=TK_DTP_0114
OS=Windows_NT
PROCESSOR_IDENTIFIER=Intel64 Family 6 Model 23 Stepping 10, GenuineIntel



---------------  S Y S T E M  ---------------

OS: Windows 10.0 , 64 bit Build 16299 (10.0.16299.15)

CPU:total 4 (initial active 4) (4 cores per cpu, 1 threads per core) family 6 model 23 stepping 10, cmov, cx8, fxsr, mmx, sse, sse2, sse3, ssse3, sse4.1, tsc

Memory: 4k page, physical 6223476k(668536k free), swap 19496196k(3512k free)

vm_info: OpenJDK 64-Bit Server VM (25.152-b01) for windows-amd64 JRE (1.8.0_152-release-915-b01), built by "builder" with MS VC++ 10.0 (VS2010)

time: Wed Dec 06 15:57:38 2017
elapsed time: 3 seconds (0d 0h 0m 3s)

