#
# There is insufficient memory for the Java Runtime Environment to continue.
# Native memory allocation (malloc) failed to allocate 45296 bytes for Chunk::new
# Possible reasons:
#   The system is out of physical RAM or swap space
#   In 32 bit mode, the process size limit was hit
# Possible solutions:
#   Reduce memory load on the system
#   Increase physical memory or swap space
#   Check if swap backing store is full
#   Use 64 bit Java on a 64 bit OS
#   Decrease Java heap size (-Xmx/-Xms)
#   Decrease number of Java threads
#   Decrease Java thread stack sizes (-Xss)
#   Set larger code cache with -XX:ReservedCodeCacheSize=
# This output file may be truncated or incomplete.
#
#  Out of Memory Error (allocation.cpp:390), pid=1012, tid=0x0000000000000f44
#
# JRE version: OpenJDK Runtime Environment (8.0_152-b01) (build 1.8.0_152-release-915-b01)
# Java VM: OpenJDK 64-Bit Server VM (25.152-b01 mixed mode windows-amd64 compressed oops)
# Failed to write core dump. Minidumps are not enabled by default on client versions of Windows
#

---------------  T H R E A D  ---------------

Current thread (0x000000001738c800):  JavaThread "C2 CompilerThread0" daemon [_thread_in_native, id=3908, stack(0x00000000189d0000,0x0000000018ad0000)]

Stack: [0x00000000189d0000,0x0000000018ad0000]
[error occurred during error reporting (printing stack bounds), id 0xc0000005]

Native frames: (J=compiled Java code, j=interpreted, Vv=VM code, C=native code)


Current CompileTask:
C2:   1805  253       4       java.lang.String::equals (81 bytes)


---------------  P R O C E S S  ---------------

Java Threads: ( => current thread )
  0x0000000018f28000 JavaThread "pool-2-thread-4" [_thread_blocked, id=7352, stack(0x00000000196d0000,0x00000000197d0000)]
  0x0000000018e41000 JavaThread "pool-2-thread-3" [_thread_in_vm, id=5728, stack(0x00000000195d0000,0x00000000196d0000)]
  0x0000000018e37000 JavaThread "pool-2-thread-2" [_thread_blocked, id=10316, stack(0x00000000194d0000,0x00000000195d0000)]
  0x0000000018e2c000 JavaThread "pool-3-thread-1" [_thread_blocked, id=10104, stack(0x00000000193d0000,0x00000000194d0000)]
  0x0000000018e2b000 JavaThread "pool-2-thread-1" [_thread_blocked, id=9796, stack(0x00000000192d0000,0x00000000193d0000)]
  0x0000000018cdd800 JavaThread "Service Thread" daemon [_thread_blocked, id=8888, stack(0x00000000190d0000,0x00000000191d0000)]
  0x00000000173ec800 JavaThread "C1 CompilerThread2" daemon [_thread_blocked, id=5364, stack(0x0000000018bd0000,0x0000000018cd0000)]
  0x00000000173d9000 JavaThread "C2 CompilerThread1" daemon [_thread_blocked, id=7292, stack(0x0000000018ad0000,0x0000000018bd0000)]
=>0x000000001738c800 JavaThread "C2 CompilerThread0" daemon [_thread_in_native, id=3908, stack(0x00000000189d0000,0x0000000018ad0000)]
  0x000000001738b000 JavaThread "Attach Listener" daemon [_thread_blocked, id=8764, stack(0x00000000188d0000,0x00000000189d0000)]
  0x000000001738a000 JavaThread "Signal Dispatcher" daemon [_thread_blocked, id=1320, stack(0x00000000187d0000,0x00000000188d0000)]
  0x0000000017378800 JavaThread "Finalizer" daemon [_thread_blocked, id=10672, stack(0x00000000185e0000,0x00000000186e0000)]
  0x0000000004cb2800 JavaThread "Reference Handler" daemon [_thread_blocked, id=10536, stack(0x00000000184e0000,0x00000000185e0000)]
  0x0000000004abd800 JavaThread "main" [_thread_in_native, id=9360, stack(0x0000000004900000,0x0000000004a00000)]

Other Threads:
  0x0000000017354000 VMThread [stack: 0x00000000183e0000,0x00000000184e0000] [id=2140]
  0x0000000018cdf800 WatcherThread [stack: 0x00000000191d0000,0x00000000192d0000] [id=9772]

VM state:not at safepoint (normal execution)

VM Mutex/Monitor currently owned by a thread:  ([mutex/lock_event])
[0x0000000004abcf80] AdapterHandlerLibrary_lock - owner thread: 0x0000000000000000

Heap:
 PSYoungGen      total 28672K, used 7381K [0x00000000eab00000, 0x00000000ecb00000, 0x0000000100000000)
  eden space 24576K, 30% used [0x00000000eab00000,0x00000000eb235488,0x00000000ec300000)
  from space 4096K, 0% used [0x00000000ec700000,0x00000000ec700000,0x00000000ecb00000)
  to   space 4096K, 0% used [0x00000000ec300000,0x00000000ec300000,0x00000000ec700000)
 ParOldGen       total 65536K, used 0K [0x00000000c0000000, 0x00000000c4000000, 0x00000000eab00000)
  object space 65536K, 0% used [0x00000000c0000000,0x00000000c0000000,0x00000000c4000000)
 Metaspace       used 4530K, capacity 5712K, committed 6016K, reserved 1056768K
  class space    used 486K, capacity 520K, committed 640K, reserved 1048576K

Card table byte_map: [0x0000000014080000,0x0000000014290000] byte_map_base: 0x0000000013a80000

Marking Bits: (ParMarkBitMap*) 0x0000000054213950
 Begin Bits: [0x00000000147f0000, 0x00000000157f0000)
 End Bits:   [0x00000000157f0000, 0x00000000167f0000)

Polling page: 0x0000000003060000

CodeCache: size=245760Kb used=1587Kb max_used=1587Kb free=244172Kb
 bounds [0x0000000004cc0000, 0x0000000004f30000, 0x0000000013cc0000]
 total_blobs=517 nmethods=261 adapters=171
 compilation: enabled

Compilation events (10 events):
Event: 1.798 Thread 0x00000000173ec800 nmethod 250 0x0000000004e49550 code [0x0000000004e496a0, 0x0000000004e497b0]
Event: 1.798 Thread 0x00000000173ec800  251       1       com.android.dx.rop.type.Type::getBasicType (5 bytes)
Event: 1.798 Thread 0x00000000173ec800 nmethod 251 0x0000000004e49810 code [0x0000000004e49960, 0x0000000004e49a70]
Event: 1.802 Thread 0x000000001738c800  253       4       java.lang.String::equals (81 bytes)
Event: 1.802 Thread 0x00000000173ec800  254       3       com.android.dx.rop.code.RegisterSpec::getCategory (13 bytes)
Event: 1.803 Thread 0x00000000173ec800 nmethod 254 0x0000000004e49ad0 code [0x0000000004e49c40, 0x0000000004e49f18]
Event: 1.803 Thread 0x00000000173ec800  256       3       com.android.dx.rop.type.Type::getCategory (36 bytes)
Event: 1.803 Thread 0x00000000173ec800 nmethod 256 0x0000000004e4a010 code [0x0000000004e4a160, 0x0000000004e4a2d0]
Event: 1.803 Thread 0x00000000173ec800  255       3       com.android.dx.rop.code.InsnList::get (9 bytes)
Event: 1.803 Thread 0x00000000173ec800 nmethod 255 0x0000000004e4a350 code [0x0000000004e4a4c0, 0x0000000004e4a7a8]

GC Heap History (0 events):
No events

Deoptimization events (0 events):
No events

Classes redefined (0 events):
No events

Internal exceptions (2 events):
Event: 0.583 Thread 0x0000000004abd800 Exception <a 'java/lang/NoSuchMethodError': Method sun.misc.Unsafe.defineClass(Ljava/lang/String;[BII)Ljava/lang/Class; name or signature does not match> (0x00000000eab07ca8) thrown at [D:\src\AOSP-openjdk-cygwin\jdk8u\hotspot\src\share\vm\prims\jni.cpp, 
Event: 0.584 Thread 0x0000000004abd800 Exception <a 'java/lang/NoSuchMethodError': Method sun.misc.Unsafe.prefetchRead(Ljava/lang/Object;J)V name or signature does not match> (0x00000000eab07f90) thrown at [D:\src\AOSP-openjdk-cygwin\jdk8u\hotspot\src\share\vm\prims\jni.cpp, line 4011]

Events (10 events):
Event: 1.801 loading class com/android/dx/ssa/SsaInsn$Visitor
Event: 1.801 loading class com/android/dx/ssa/SsaInsn$Visitor done
Event: 1.801 loading class com/android/dx/ssa/SsaInsn
Event: 1.801 loading class com/android/dx/ssa/SsaInsn done
Event: 1.801 loading class com/android/dx/ssa/NormalSsaInsn
Event: 1.801 loading class com/android/dx/ssa/NormalSsaInsn done
Event: 1.802 loading class com/android/dx/rop/code/BasicBlockList$RegCountVisitor
Event: 1.802 loading class com/android/dx/rop/code/BasicBlockList$RegCountVisitor done
Event: 1.802 loading class com/android/dx/ssa/SsaBasicBlock
Event: 1.802 loading class com/android/dx/ssa/SsaBasicBlock done


Dynamic libraries:
0x00007ff67a310000 - 0x00007ff67a341000 	C:\Program Files\Android\Android Studio\jre\bin\java.exe
0x00007ff8c3950000 - 0x00007ff8c3b30000 	C:\WINDOWS\SYSTEM32\ntdll.dll
0x00007ff8c3870000 - 0x00007ff8c391e000 	C:\WINDOWS\System32\KERNEL32.DLL
0x00007ff8c0240000 - 0x00007ff8c04a6000 	C:\WINDOWS\System32\KERNELBASE.dll
0x00007ff8c13d0000 - 0x00007ff8c1471000 	C:\WINDOWS\System32\ADVAPI32.dll
0x00007ff8c0fe0000 - 0x00007ff8c107d000 	C:\WINDOWS\System32\msvcrt.dll
0x00007ff8c1480000 - 0x00007ff8c14db000 	C:\WINDOWS\System32\sechost.dll
0x00007ff8c30e0000 - 0x00007ff8c31ff000 	C:\WINDOWS\System32\RPCRT4.dll
0x00007ff8c16a0000 - 0x00007ff8c182f000 	C:\WINDOWS\System32\USER32.dll
0x00007ff8c0e00000 - 0x00007ff8c0e20000 	C:\WINDOWS\System32\win32u.dll
0x00007ff8c1650000 - 0x00007ff8c1678000 	C:\WINDOWS\System32\GDI32.dll
0x00007ff8c04b0000 - 0x00007ff8c0644000 	C:\WINDOWS\System32\gdi32full.dll
0x00007ff8bffd0000 - 0x00007ff8c006b000 	C:\WINDOWS\System32\msvcp_win.dll
0x00007ff8c0070000 - 0x00007ff8c0166000 	C:\WINDOWS\System32\ucrtbase.dll
0x00007ff8b7e10000 - 0x00007ff8b8079000 	C:\WINDOWS\WinSxS\amd64_microsoft.windows.common-controls_6595b64144ccf1df_6.0.16299.64_none_cc9304e22215ca8f\COMCTL32.dll
0x00007ff8c1830000 - 0x00007ff8c1b38000 	C:\WINDOWS\System32\combase.dll
0x00007ff8c01c0000 - 0x00007ff8c0232000 	C:\WINDOWS\System32\bcryptPrimitives.dll
0x00007ff8c1b40000 - 0x00007ff8c1b6d000 	C:\WINDOWS\System32\IMM32.DLL
0x00000000544b0000 - 0x0000000054582000 	C:\Program Files\Android\Android Studio\jre\jre\bin\msvcr100.dll
0x0000000053a50000 - 0x000000005428e000 	C:\Program Files\Android\Android Studio\jre\jre\bin\server\jvm.dll
0x00007ff8c1bd0000 - 0x00007ff8c1bd8000 	C:\WINDOWS\System32\PSAPI.DLL
0x00007ff8baa50000 - 0x00007ff8baa59000 	C:\WINDOWS\SYSTEM32\WSOCK32.dll
0x00007ff8c37a0000 - 0x00007ff8c380c000 	C:\WINDOWS\System32\WS2_32.dll
0x00007ff8bc720000 - 0x00007ff8bc743000 	C:\WINDOWS\SYSTEM32\WINMM.dll
0x00007ff8bbcb0000 - 0x00007ff8bbcba000 	C:\WINDOWS\SYSTEM32\VERSION.dll
0x00007ff8bc6c0000 - 0x00007ff8bc6ea000 	C:\WINDOWS\SYSTEM32\WINMMBASE.dll
0x00007ff8c0170000 - 0x00007ff8c01ba000 	C:\WINDOWS\System32\cfgmgr32.dll
0x00007ff8baa40000 - 0x00007ff8baa4f000 	C:\Program Files\Android\Android Studio\jre\jre\bin\verify.dll
0x00007ff8b3690000 - 0x00007ff8b36b9000 	C:\Program Files\Android\Android Studio\jre\jre\bin\java.dll
0x00007ff8b35d0000 - 0x00007ff8b35e6000 	C:\Program Files\Android\Android Studio\jre\jre\bin\zip.dll
0x00007ff8c1bf0000 - 0x00007ff8c3027000 	C:\WINDOWS\System32\SHELL32.dll
0x00007ff8c0f30000 - 0x00007ff8c0fd6000 	C:\WINDOWS\System32\shcore.dll
0x00007ff8c06b0000 - 0x00007ff8c0df7000 	C:\WINDOWS\System32\windows.storage.dll
0x00007ff8c3810000 - 0x00007ff8c3861000 	C:\WINDOWS\System32\shlwapi.dll
0x00007ff8bfce0000 - 0x00007ff8bfcf1000 	C:\WINDOWS\System32\kernel.appcore.dll
0x00007ff8bfd00000 - 0x00007ff8bfd4c000 	C:\WINDOWS\System32\powrprof.dll
0x00007ff8bfcc0000 - 0x00007ff8bfcdb000 	C:\WINDOWS\System32\profapi.dll

VM Arguments:
jvm_args: -Djava.awt.headless=true -Xmx1024M -Dfile.encoding=windows-1252 -Duser.country=US -Duser.language=en -Duser.variant 
java_command: com.android.dx.command.Main --dex --force-jumbo --num-threads=4 --multi-dex --output E:\myrepo\concert-pharmaceuticals\app\build\intermediates\transforms\dex\debug\folders\1000\5\slice_6 E:\myrepo\concert-pharmaceuticals\app\build\intermediates\transforms\instantRunSlicer\debug\folders\1\5\slice_6
java_class_path (initial): C:\Users\TK_DTP_0068\AppData\Local\Android\Sdk\build-tools\25.0.0\lib\dx.jar
Launcher Type: SUN_STANDARD

Environment Variables:
PATH=C:\ProgramData\Oracle\Java\javapath;C:\WINDOWS\system32;C:\WINDOWS;C:\WINDOWS\System32\Wbem;C:\WINDOWS\System32\WindowsPowerShell\v1.0\;C:\Program Files (x86)\Skype\Phone\;C:\Users\TK_DTP_0068\.dnx\bin;C:\Program Files\Microsoft DNX\Dnvm\;C:\Program Files\Microsoft SQL Server\120\Tools\Binn\;C:\Program Files\Git\cmd;C:\Program Files\Java\jdk1.8.0_151\bin;
USERNAME=TK_DTP_0114
OS=Windows_NT
PROCESSOR_IDENTIFIER=Intel64 Family 6 Model 23 Stepping 10, GenuineIntel



---------------  S Y S T E M  ---------------

OS: Windows 10.0 , 64 bit Build 16299 (10.0.16299.15)

CPU:total 4 (initial active 4) (4 cores per cpu, 1 threads per core) family 6 model 23 stepping 10, cmov, cx8, fxsr, mmx, sse, sse2, sse3, ssse3, sse4.1, tsc

Memory: 4k page, physical 6223476k(530620k free), swap 19496196k(4740k free)

vm_info: OpenJDK 64-Bit Server VM (25.152-b01) for windows-amd64 JRE (1.8.0_152-release-915-b01), built by "builder" with MS VC++ 10.0 (VS2010)

time: Wed Dec 06 15:37:36 2017
elapsed time: 1 seconds (0d 0h 0m 1s)

