#
# There is insufficient memory for the Java Runtime Environment to continue.
# Native memory allocation (malloc) failed to allocate 234736 bytes for Chunk::new
# Possible reasons:
#   The system is out of physical RAM or swap space
#   In 32 bit mode, the process size limit was hit
# Possible solutions:
#   Reduce memory load on the system
#   Increase physical memory or swap space
#   Check if swap backing store is full
#   Use 64 bit Java on a 64 bit OS
#   Decrease Java heap size (-Xmx/-Xms)
#   Decrease number of Java threads
#   Decrease Java thread stack sizes (-Xss)
#   Set larger code cache with -XX:ReservedCodeCacheSize=
# This output file may be truncated or incomplete.
#
#  Out of Memory Error (allocation.cpp:390), pid=5960, tid=0x000000000000118c
#
# JRE version: OpenJDK Runtime Environment (8.0_152-b01) (build 1.8.0_152-release-915-b01)
# Java VM: OpenJDK 64-Bit Server VM (25.152-b01 mixed mode windows-amd64 compressed oops)
# Failed to write core dump. Minidumps are not enabled by default on client versions of Windows
#

---------------  T H R E A D  ---------------

Current thread (0x0000000016af7800):  JavaThread "C2 CompilerThread0" daemon [_thread_in_native, id=4492, stack(0x0000000018150000,0x0000000018250000)]

Stack: [0x0000000018150000,0x0000000018250000]
[error occurred during error reporting (printing stack bounds), id 0xc0000005]

Native frames: (J=compiled Java code, j=interpreted, Vv=VM code, C=native code)


Current CompileTask:
C2:   2084 1377       4       com.android.dx.ssa.back.FirstFitLocalCombiningAllocator$1::processInsn (169 bytes)


---------------  P R O C E S S  ---------------

Java Threads: ( => current thread )
  0x00000000186d0000 JavaThread "pool-1-thread-4" [_thread_blocked, id=9544, stack(0x0000000018e50000,0x0000000018f50000)]
  0x00000000186c8800 JavaThread "pool-1-thread-3" [_thread_in_vm, id=952, stack(0x0000000018d50000,0x0000000018e50000)]
  0x00000000186c5800 JavaThread "pool-1-thread-2" [_thread_blocked, id=7436, stack(0x0000000018c50000,0x0000000018d50000)]
  0x00000000186c4000 JavaThread "pool-2-thread-1" [_thread_blocked, id=8636, stack(0x0000000018b50000,0x0000000018c50000)]
  0x00000000186c1000 JavaThread "pool-1-thread-1" [_thread_in_Java, id=10732, stack(0x0000000018a50000,0x0000000018b50000)]
  0x000000001845e000 JavaThread "Service Thread" daemon [_thread_blocked, id=10740, stack(0x0000000018850000,0x0000000018950000)]
  0x0000000016b5c800 JavaThread "C1 CompilerThread2" daemon [_thread_blocked, id=3764, stack(0x0000000018350000,0x0000000018450000)]
  0x0000000016b59000 JavaThread "C2 CompilerThread1" daemon [_thread_in_native, id=4168, stack(0x0000000018250000,0x0000000018350000)]
=>0x0000000016af7800 JavaThread "C2 CompilerThread0" daemon [_thread_in_native, id=4492, stack(0x0000000018150000,0x0000000018250000)]
  0x0000000016b07000 JavaThread "Attach Listener" daemon [_thread_blocked, id=7376, stack(0x0000000018050000,0x0000000018150000)]
  0x0000000016b06000 JavaThread "Signal Dispatcher" daemon [_thread_blocked, id=7336, stack(0x0000000017f50000,0x0000000018050000)]
  0x000000000442c000 JavaThread "Finalizer" daemon [_thread_blocked, id=576, stack(0x0000000017d60000,0x0000000017e60000)]
  0x0000000004421000 JavaThread "Reference Handler" daemon [_thread_blocked, id=10700, stack(0x0000000017c60000,0x0000000017d60000)]
  0x000000000422e000 JavaThread "main" [_thread_in_vm, id=3916, stack(0x00000000040b0000,0x00000000041b0000)]

Other Threads:
  0x0000000016ac4800 VMThread [stack: 0x0000000017b60000,0x0000000017c60000] [id=4272]
  0x0000000018454000 WatcherThread [stack: 0x0000000018950000,0x0000000018a50000] [id=4512]

VM state:not at safepoint (normal execution)

VM Mutex/Monitor currently owned by a thread: None

Heap:
 PSYoungGen      total 28672K, used 16743K [0x00000000eab00000, 0x00000000ee300000, 0x0000000100000000)
  eden space 24576K, 51% used [0x00000000eab00000,0x00000000eb75b378,0x00000000ec300000)
  from space 4096K, 99% used [0x00000000ec300000,0x00000000ec6fe9c8,0x00000000ec700000)
  to   space 4096K, 0% used [0x00000000edf00000,0x00000000edf00000,0x00000000ee300000)
 ParOldGen       total 65536K, used 1039K [0x00000000c0000000, 0x00000000c4000000, 0x00000000eab00000)
  object space 65536K, 1% used [0x00000000c0000000,0x00000000c0103c00,0x00000000c4000000)
 Metaspace       used 6171K, capacity 7024K, committed 7296K, reserved 1056768K
  class space    used 586K, capacity 616K, committed 640K, reserved 1048576K

Card table byte_map: [0x00000000137f0000,0x0000000013a00000] byte_map_base: 0x00000000131f0000

Marking Bits: (ParMarkBitMap*) 0x0000000054213950
 Begin Bits: [0x0000000013f60000, 0x0000000014f60000)
 End Bits:   [0x0000000014f60000, 0x0000000015f60000)

Polling page: 0x0000000002530000

CodeCache: size=245760Kb used=5801Kb max_used=5811Kb free=239958Kb
 bounds [0x0000000004430000, 0x00000000049f0000, 0x0000000013430000]
 total_blobs=1647 nmethods=1380 adapters=182
 compilation: enabled

Compilation events (10 events):
Event: 2.003 Thread 0x0000000016b5c800 1375       3       com.android.dx.cf.direct.StdAttributeFactory::localVariableTable (98 bytes)
Event: 2.004 Thread 0x0000000016b5c800 nmethod 1375 0x00000000049cb790 code [0x00000000049cba40, 0x00000000049ccb98]
Event: 2.041 Thread 0x0000000016b59000 1376       4       com.android.dx.rop.code.ThrowingCstInsn::withNewRegisters (25 bytes)
Event: 2.041 Thread 0x0000000016af7800 nmethod 1310 0x00000000049df3d0 code [0x00000000049df6e0, 0x00000000049e11c0]
Event: 2.042 Thread 0x0000000016af7800 1377       4       com.android.dx.ssa.back.FirstFitLocalCombiningAllocator$1::processInsn (169 bytes)
Event: 2.044 Thread 0x0000000016b59000 nmethod 1376 0x00000000049b2810 code [0x00000000049b2960, 0x00000000049b2b98]
Event: 2.051 Thread 0x0000000016b59000 1378   !   4       com.android.dx.cf.cst.ConstantPoolParser::parse0 (731 bytes)
Event: 2.062 Thread 0x0000000016b5c800 1379       1       com.android.dx.dex.file.DexFile::getTypeIds (5 bytes)
Event: 2.062 Thread 0x0000000016b5c800 nmethod 1379 0x00000000049b2550 code [0x00000000049b26a0, 0x00000000049b27b0]
Event: 2.067 Thread 0x0000000016b5c800 1382       3       com.android.dx.rop.code.RegisterSpecList::make (17 bytes)

GC Heap History (2 events):
Event: 1.576 GC heap before
{Heap before GC invocations=1 (full 0):
 PSYoungGen      total 28672K, used 24576K [0x00000000eab00000, 0x00000000ecb00000, 0x0000000100000000)
  eden space 24576K, 100% used [0x00000000eab00000,0x00000000ec300000,0x00000000ec300000)
  from space 4096K, 0% used [0x00000000ec700000,0x00000000ec700000,0x00000000ecb00000)
  to   space 4096K, 0% used [0x00000000ec300000,0x00000000ec300000,0x00000000ec700000)
 ParOldGen       total 65536K, used 0K [0x00000000c0000000, 0x00000000c4000000, 0x00000000eab00000)
  object space 65536K, 0% used [0x00000000c0000000,0x00000000c0000000,0x00000000c4000000)
 Metaspace       used 6029K, capacity 6896K, committed 7040K, reserved 1056768K
  class space    used 586K, capacity 616K, committed 640K, reserved 1048576K
Event: 1.595 GC heap after
Heap after GC invocations=1 (full 0):
 PSYoungGen      total 28672K, used 4090K [0x00000000eab00000, 0x00000000ee300000, 0x0000000100000000)
  eden space 24576K, 0% used [0x00000000eab00000,0x00000000eab00000,0x00000000ec300000)
  from space 4096K, 99% used [0x00000000ec300000,0x00000000ec6fe9c8,0x00000000ec700000)
  to   space 4096K, 0% used [0x00000000edf00000,0x00000000edf00000,0x00000000ee300000)
 ParOldGen       total 65536K, used 1039K [0x00000000c0000000, 0x00000000c4000000, 0x00000000eab00000)
  object space 65536K, 1% used [0x00000000c0000000,0x00000000c0103c00,0x00000000c4000000)
 Metaspace       used 6029K, capacity 6896K, committed 7040K, reserved 1056768K
  class space    used 586K, capacity 616K, committed 640K, reserved 1048576K
}

Deoptimization events (10 events):
Event: 0.686 Thread 0x00000000186c8800 Uncommon trap: reason=unstable_if action=reinterpret pc=0x0000000004662760 method=java.util.HashMap.getNode(ILjava/lang/Object;)Ljava/util/HashMap$Node; @ 129
Event: 0.924 Thread 0x00000000186d0000 Uncommon trap: reason=unstable_if action=reinterpret pc=0x00000000046f3330 method=java.util.HashMap.getNode(ILjava/lang/Object;)Ljava/util/HashMap$Node; @ 62
Event: 0.964 Thread 0x00000000186d0000 Uncommon trap: reason=unstable_if action=reinterpret pc=0x000000000478ee08 method=com.android.dx.rop.code.RegisterSpec.equals(ILcom/android/dx/rop/type/TypeBearer;Lcom/android/dx/rop/code/LocalItem;)Z @ 42
Event: 0.998 Thread 0x00000000186c1000 Uncommon trap: reason=unstable_if action=reinterpret pc=0x00000000047d298c method=java.util.HashMap.getNode(ILjava/lang/Object;)Ljava/util/HashMap$Node; @ 62
Event: 0.998 Thread 0x00000000186c1000 Uncommon trap: reason=unstable_if action=reinterpret pc=0x0000000004673d20 method=java.util.HashMap.getNode(ILjava/lang/Object;)Ljava/util/HashMap$Node; @ 62
Event: 1.850 Thread 0x00000000186c8800 Uncommon trap: reason=class_check action=maybe_recompile pc=0x00000000048c4f90 method=java.util.HashMap.putVal(ILjava/lang/Object;Ljava/lang/Object;ZZ)Ljava/lang/Object; @ 203
Event: 1.850 Thread 0x00000000186c8800 Uncommon trap: reason=class_check action=maybe_recompile pc=0x00000000048c4f90 method=java.util.HashMap.putVal(ILjava/lang/Object;Ljava/lang/Object;ZZ)Ljava/lang/Object; @ 203
Event: 1.850 Thread 0x00000000186c8800 Uncommon trap: reason=class_check action=maybe_recompile pc=0x00000000048c4f90 method=java.util.HashMap.putVal(ILjava/lang/Object;Ljava/lang/Object;ZZ)Ljava/lang/Object; @ 203
Event: 1.850 Thread 0x00000000186c8800 Uncommon trap: reason=unstable_if action=reinterpret pc=0x000000000478f99c method=com.android.dx.rop.cst.Constant.compareTo(Lcom/android/dx/rop/cst/Constant;)I @ 12
Event: 1.854 Thread 0x00000000186c8800 Uncommon trap: reason=class_check action=maybe_recompile pc=0x00000000048c4f90 method=java.util.HashMap.putVal(ILjava/lang/Object;Ljava/lang/Object;ZZ)Ljava/lang/Object; @ 203

Classes redefined (0 events):
No events

Internal exceptions (2 events):
Event: 0.050 Thread 0x000000000422e000 Exception <a 'java/lang/NoSuchMethodError': Method sun.misc.Unsafe.defineClass(Ljava/lang/String;[BII)Ljava/lang/Class; name or signature does not match> (0x00000000eab07ca8) thrown at [D:\src\AOSP-openjdk-cygwin\jdk8u\hotspot\src\share\vm\prims\jni.cpp, 
Event: 0.050 Thread 0x000000000422e000 Exception <a 'java/lang/NoSuchMethodError': Method sun.misc.Unsafe.prefetchRead(Ljava/lang/Object;J)V name or signature does not match> (0x00000000eab07f90) thrown at [D:\src\AOSP-openjdk-cygwin\jdk8u\hotspot\src\share\vm\prims\jni.cpp, line 4011]

Events (10 events):
Event: 1.850 Thread 0x00000000186c8800 DEOPT UNPACKING pc=0x000000000447556a sp=0x0000000018e4e628 mode 2
Event: 1.850 Thread 0x00000000186c8800 Uncommon trap: trap_request=0xffffffde fr.pc=0x00000000048c4f90
Event: 1.850 Thread 0x00000000186c8800 DEOPT PACKING pc=0x00000000048c4f90 sp=0x0000000018e4e6b0
Event: 1.850 Thread 0x00000000186c8800 DEOPT UNPACKING pc=0x000000000447556a sp=0x0000000018e4e628 mode 2
Event: 1.850 Thread 0x00000000186c8800 Uncommon trap: trap_request=0xffffff65 fr.pc=0x000000000478f99c
Event: 1.850 Thread 0x00000000186c8800 DEOPT PACKING pc=0x000000000478f99c sp=0x0000000018e4e3e0
Event: 1.850 Thread 0x00000000186c8800 DEOPT UNPACKING pc=0x000000000447556a sp=0x0000000018e4e380 mode 2
Event: 1.854 Thread 0x00000000186c8800 Uncommon trap: trap_request=0xffffffde fr.pc=0x00000000048c4f90
Event: 1.854 Thread 0x00000000186c8800 DEOPT PACKING pc=0x00000000048c4f90 sp=0x0000000018e4e6b0
Event: 1.854 Thread 0x00000000186c8800 DEOPT UNPACKING pc=0x000000000447556a sp=0x0000000018e4e628 mode 2


Dynamic libraries:
0x00007ff67a310000 - 0x00007ff67a341000 	C:\Program Files\Android\Android Studio\jre\bin\java.exe
0x00007ff8c3950000 - 0x00007ff8c3b30000 	C:\WINDOWS\SYSTEM32\ntdll.dll
0x00007ff8c3870000 - 0x00007ff8c391e000 	C:\WINDOWS\System32\KERNEL32.DLL
0x00007ff8c0240000 - 0x00007ff8c04a6000 	C:\WINDOWS\System32\KERNELBASE.dll
0x00007ff8c13d0000 - 0x00007ff8c1471000 	C:\WINDOWS\System32\ADVAPI32.dll
0x00007ff8c0fe0000 - 0x00007ff8c107d000 	C:\WINDOWS\System32\msvcrt.dll
0x00007ff8c1480000 - 0x00007ff8c14db000 	C:\WINDOWS\System32\sechost.dll
0x00007ff8c30e0000 - 0x00007ff8c31ff000 	C:\WINDOWS\System32\RPCRT4.dll
0x00007ff8c16a0000 - 0x00007ff8c182f000 	C:\WINDOWS\System32\USER32.dll
0x00007ff8c0e00000 - 0x00007ff8c0e20000 	C:\WINDOWS\System32\win32u.dll
0x00007ff8c1650000 - 0x00007ff8c1678000 	C:\WINDOWS\System32\GDI32.dll
0x00007ff8c04b0000 - 0x00007ff8c0644000 	C:\WINDOWS\System32\gdi32full.dll
0x00007ff8bffd0000 - 0x00007ff8c006b000 	C:\WINDOWS\System32\msvcp_win.dll
0x00007ff8c0070000 - 0x00007ff8c0166000 	C:\WINDOWS\System32\ucrtbase.dll
0x00007ff8b7e10000 - 0x00007ff8b8079000 	C:\WINDOWS\WinSxS\amd64_microsoft.windows.common-controls_6595b64144ccf1df_6.0.16299.64_none_cc9304e22215ca8f\COMCTL32.dll
0x00007ff8c1830000 - 0x00007ff8c1b38000 	C:\WINDOWS\System32\combase.dll
0x00007ff8c01c0000 - 0x00007ff8c0232000 	C:\WINDOWS\System32\bcryptPrimitives.dll
0x00007ff8c1b40000 - 0x00007ff8c1b6d000 	C:\WINDOWS\System32\IMM32.DLL
0x00000000544b0000 - 0x0000000054582000 	C:\Program Files\Android\Android Studio\jre\jre\bin\msvcr100.dll
0x0000000053a50000 - 0x000000005428e000 	C:\Program Files\Android\Android Studio\jre\jre\bin\server\jvm.dll
0x00007ff8c1bd0000 - 0x00007ff8c1bd8000 	C:\WINDOWS\System32\PSAPI.DLL
0x00007ff8baa50000 - 0x00007ff8baa59000 	C:\WINDOWS\SYSTEM32\WSOCK32.dll
0x00007ff8c37a0000 - 0x00007ff8c380c000 	C:\WINDOWS\System32\WS2_32.dll
0x00007ff8bc720000 - 0x00007ff8bc743000 	C:\WINDOWS\SYSTEM32\WINMM.dll
0x00007ff8bbcb0000 - 0x00007ff8bbcba000 	C:\WINDOWS\SYSTEM32\VERSION.dll
0x00007ff8bc6c0000 - 0x00007ff8bc6ea000 	C:\WINDOWS\SYSTEM32\WINMMBASE.dll
0x00007ff8c0170000 - 0x00007ff8c01ba000 	C:\WINDOWS\System32\cfgmgr32.dll
0x00007ff8baa40000 - 0x00007ff8baa4f000 	C:\Program Files\Android\Android Studio\jre\jre\bin\verify.dll
0x00007ff8b3690000 - 0x00007ff8b36b9000 	C:\Program Files\Android\Android Studio\jre\jre\bin\java.dll
0x00007ff8b35d0000 - 0x00007ff8b35e6000 	C:\Program Files\Android\Android Studio\jre\jre\bin\zip.dll
0x00007ff8c1bf0000 - 0x00007ff8c3027000 	C:\WINDOWS\System32\SHELL32.dll
0x00007ff8c0f30000 - 0x00007ff8c0fd6000 	C:\WINDOWS\System32\shcore.dll
0x00007ff8c06b0000 - 0x00007ff8c0df7000 	C:\WINDOWS\System32\windows.storage.dll
0x00007ff8c3810000 - 0x00007ff8c3861000 	C:\WINDOWS\System32\shlwapi.dll
0x00007ff8bfce0000 - 0x00007ff8bfcf1000 	C:\WINDOWS\System32\kernel.appcore.dll
0x00007ff8bfd00000 - 0x00007ff8bfd4c000 	C:\WINDOWS\System32\powrprof.dll
0x00007ff8bfcc0000 - 0x00007ff8bfcdb000 	C:\WINDOWS\System32\profapi.dll

VM Arguments:
jvm_args: -Djava.awt.headless=true -Xmx1024M -Dfile.encoding=windows-1252 -Duser.country=US -Duser.language=en -Duser.variant 
java_command: com.android.dx.command.Main --dex --num-threads=4 --output E:\myrepo\concert-pharmaceuticals\app\build\intermediates\pre-dexed\debug\concert-pharmaceuticals-ScanditBarcodeScanner-unspecified_5238bc9cb3b1a1de36f9f98d8541a1de43f451b0.jar E:\myrepo\concert-pharmaceuticals\app\build\intermediates\exploded-aar\concert-pharmaceuticals\ScanditBarcodeScanner\unspecified\jars\classes.jar
java_class_path (initial): C:\Users\TK_DTP_0068\AppData\Local\Android\Sdk\build-tools\25.0.0\lib\dx.jar
Launcher Type: SUN_STANDARD

Environment Variables:
PATH=C:\ProgramData\Oracle\Java\javapath;C:\WINDOWS\system32;C:\WINDOWS;C:\WINDOWS\System32\Wbem;C:\WINDOWS\System32\WindowsPowerShell\v1.0\;C:\Program Files (x86)\Skype\Phone\;C:\Users\TK_DTP_0068\.dnx\bin;C:\Program Files\Microsoft DNX\Dnvm\;C:\Program Files\Microsoft SQL Server\120\Tools\Binn\;C:\Program Files\Git\cmd;C:\Program Files\Java\jdk1.8.0_151\bin;
USERNAME=TK_DTP_0114
OS=Windows_NT
PROCESSOR_IDENTIFIER=Intel64 Family 6 Model 23 Stepping 10, GenuineIntel



---------------  S Y S T E M  ---------------

OS: Windows 10.0 , 64 bit Build 16299 (10.0.16299.15)

CPU:total 4 (initial active 4) (4 cores per cpu, 1 threads per core) family 6 model 23 stepping 10, cmov, cx8, fxsr, mmx, sse, sse2, sse3, ssse3, sse4.1, tsc

Memory: 4k page, physical 6223476k(502336k free), swap 19496196k(696k free)

vm_info: OpenJDK 64-Bit Server VM (25.152-b01) for windows-amd64 JRE (1.8.0_152-release-915-b01), built by "builder" with MS VC++ 10.0 (VS2010)

time: Wed Dec 06 16:19:08 2017
elapsed time: 2 seconds (0d 0h 0m 2s)

