#
# There is insufficient memory for the Java Runtime Environment to continue.
# Native memory allocation (malloc) failed to allocate 382736 bytes for Chunk::new
# Possible reasons:
#   The system is out of physical RAM or swap space
#   In 32 bit mode, the process size limit was hit
# Possible solutions:
#   Reduce memory load on the system
#   Increase physical memory or swap space
#   Check if swap backing store is full
#   Use 64 bit Java on a 64 bit OS
#   Decrease Java heap size (-Xmx/-Xms)
#   Decrease number of Java threads
#   Decrease Java thread stack sizes (-Xss)
#   Set larger code cache with -XX:ReservedCodeCacheSize=
# This output file may be truncated or incomplete.
#
#  Out of Memory Error (allocation.cpp:390), pid=7180, tid=0x00000000000015a4
#
# JRE version: OpenJDK Runtime Environment (8.0_152-b01) (build 1.8.0_152-release-915-b01)
# Java VM: OpenJDK 64-Bit Server VM (25.152-b01 mixed mode windows-amd64 compressed oops)
# Failed to write core dump. Minidumps are not enabled by default on client versions of Windows
#

---------------  T H R E A D  ---------------

Current thread (0x00000000172eb000):  JavaThread "C2 CompilerThread1" daemon [_thread_in_native, id=5540, stack(0x0000000018a40000,0x0000000018b40000)]

Stack: [0x0000000018a40000,0x0000000018b40000]
[error occurred during error reporting (printing stack bounds), id 0xc0000005]

Native frames: (J=compiled Java code, j=interpreted, Vv=VM code, C=native code)


Current CompileTask:
C2:   2984 1261       4       com.android.dx.ssa.LocalVariableExtractor::processBlock (383 bytes)


---------------  P R O C E S S  ---------------

Java Threads: ( => current thread )
  0x0000000018ed0000 JavaThread "pool-2-thread-4" [_thread_blocked, id=1628, stack(0x0000000019640000,0x0000000019740000)]
  0x0000000018ee6000 JavaThread "pool-2-thread-3" [_thread_in_vm, id=4540, stack(0x0000000019540000,0x0000000019640000)]
  0x0000000018eaa800 JavaThread "pool-2-thread-2" [_thread_blocked, id=3896, stack(0x0000000019440000,0x0000000019540000)]
  0x0000000018da2000 JavaThread "pool-3-thread-1" [_thread_blocked, id=5732, stack(0x0000000019340000,0x0000000019440000)]
  0x0000000018cdc800 JavaThread "pool-2-thread-1" [_thread_blocked, id=7828, stack(0x0000000019240000,0x0000000019340000)]
  0x0000000018c4e800 JavaThread "Service Thread" daemon [_thread_blocked, id=8132, stack(0x0000000019040000,0x0000000019140000)]
  0x00000000172f4000 JavaThread "C1 CompilerThread2" daemon [_thread_blocked, id=32, stack(0x0000000018b40000,0x0000000018c40000)]
=>0x00000000172eb000 JavaThread "C2 CompilerThread1" daemon [_thread_in_native, id=5540, stack(0x0000000018a40000,0x0000000018b40000)]
  0x00000000172f8800 JavaThread "C2 CompilerThread0" daemon [_thread_in_native, id=1004, stack(0x0000000018940000,0x0000000018a40000)]
  0x00000000172f7000 JavaThread "Attach Listener" daemon [_thread_blocked, id=2868, stack(0x0000000018840000,0x0000000018940000)]
  0x00000000172f5800 JavaThread "Signal Dispatcher" daemon [_thread_blocked, id=2984, stack(0x0000000018740000,0x0000000018840000)]
  0x00000000172d8800 JavaThread "Finalizer" daemon [_thread_blocked, id=10752, stack(0x0000000018550000,0x0000000018650000)]
  0x0000000004c12800 JavaThread "Reference Handler" daemon [_thread_blocked, id=2132, stack(0x0000000018450000,0x0000000018550000)]
  0x0000000004a9d800 JavaThread "main" [_thread_in_native, id=4348, stack(0x0000000004930000,0x0000000004a30000)]

Other Threads:
  0x00000000172b4000 VMThread [stack: 0x0000000018350000,0x0000000018450000] [id=9388]
  0x0000000018c50800 WatcherThread [stack: 0x0000000019140000,0x0000000019240000] [id=10072]

VM state:not at safepoint (normal execution)

VM Mutex/Monitor currently owned by a thread: None

Heap:
 PSYoungGen      total 53248K, used 31726K [0x00000000eab00000, 0x00000000ee300000, 0x0000000100000000)
  eden space 49152K, 56% used [0x00000000eab00000,0x00000000ec5ffe00,0x00000000edb00000)
  from space 4096K, 99% used [0x00000000edf00000,0x00000000ee2fbd18,0x00000000ee300000)
  to   space 4096K, 0% used [0x00000000edb00000,0x00000000edb00000,0x00000000edf00000)
 ParOldGen       total 65536K, used 13183K [0x00000000c0000000, 0x00000000c4000000, 0x00000000eab00000)
  object space 65536K, 20% used [0x00000000c0000000,0x00000000c0cdffc0,0x00000000c4000000)
 Metaspace       used 5784K, capacity 6832K, committed 7040K, reserved 1056768K
  class space    used 572K, capacity 616K, committed 640K, reserved 1048576K

Card table byte_map: [0x0000000013fe0000,0x00000000141f0000] byte_map_base: 0x00000000139e0000

Marking Bits: (ParMarkBitMap*) 0x0000000054213950
 Begin Bits: [0x0000000014750000, 0x0000000015750000)
 End Bits:   [0x0000000015750000, 0x0000000016750000)

Polling page: 0x0000000002ee0000

CodeCache: size=245760Kb used=5239Kb max_used=5239Kb free=240520Kb
 bounds [0x0000000004c20000, 0x0000000005150000, 0x0000000013c20000]
 total_blobs=1500 nmethods=1240 adapters=175
 compilation: enabled

Compilation events (10 events):
Event: 2.940 Thread 0x00000000172f4000 nmethod 1263 0x0000000005134e90 code [0x0000000005135040, 0x00000000051356d8]
Event: 2.940 Thread 0x00000000172f4000 1264       3       com.android.dx.ssa.SsaMethod::buildUseList (112 bytes)
Event: 2.941 Thread 0x00000000172eb000 nmethod 1251 0x00000000051342d0 code [0x0000000005134440, 0x0000000005134758]
Event: 2.941 Thread 0x00000000172eb000 1261       4       com.android.dx.ssa.LocalVariableExtractor::processBlock (383 bytes)
Event: 2.941 Thread 0x00000000172f4000 nmethod 1264 0x0000000005139ed0 code [0x000000000513a160, 0x000000000513b458]
Event: 2.965 Thread 0x00000000172f4000 1269       3       java.util.DualPivotQuicksort::sort (1195 bytes)
Event: 2.968 Thread 0x00000000172f4000 nmethod 1269 0x000000000513bed0 code [0x000000000513c280, 0x000000000513e368]
Event: 2.968 Thread 0x00000000172f4000 1270       1       com.android.dx.dex.code.BlockAddresses::getStart (7 bytes)
Event: 2.968 Thread 0x00000000172f4000 nmethod 1270 0x000000000512f710 code [0x000000000512f860, 0x000000000512f990]
Event: 2.971 Thread 0x00000000172f4000 1273       2       com.android.dx.dex.code.RopTranslator$TranslationVisitor::visitPlainCstInsn (161 bytes)

GC Heap History (4 events):
Event: 1.384 GC heap before
{Heap before GC invocations=1 (full 0):
 PSYoungGen      total 28672K, used 24576K [0x00000000eab00000, 0x00000000ecb00000, 0x0000000100000000)
  eden space 24576K, 100% used [0x00000000eab00000,0x00000000ec300000,0x00000000ec300000)
  from space 4096K, 0% used [0x00000000ec700000,0x00000000ec700000,0x00000000ecb00000)
  to   space 4096K, 0% used [0x00000000ec300000,0x00000000ec300000,0x00000000ec700000)
 ParOldGen       total 65536K, used 0K [0x00000000c0000000, 0x00000000c4000000, 0x00000000eab00000)
  object space 65536K, 0% used [0x00000000c0000000,0x00000000c0000000,0x00000000c4000000)
 Metaspace       used 5708K, capacity 6768K, committed 7040K, reserved 1056768K
  class space    used 571K, capacity 616K, committed 640K, reserved 1048576K
Event: 1.401 GC heap after
Heap after GC invocations=1 (full 0):
 PSYoungGen      total 28672K, used 4082K [0x00000000eab00000, 0x00000000ee300000, 0x0000000100000000)
  eden space 24576K, 0% used [0x00000000eab00000,0x00000000eab00000,0x00000000ec300000)
  from space 4096K, 99% used [0x00000000ec300000,0x00000000ec6fcb90,0x00000000ec700000)
  to   space 4096K, 0% used [0x00000000edf00000,0x00000000edf00000,0x00000000ee300000)
 ParOldGen       total 65536K, used 2453K [0x00000000c0000000, 0x00000000c4000000, 0x00000000eab00000)
  object space 65536K, 3% used [0x00000000c0000000,0x00000000c02656d0,0x00000000c4000000)
 Metaspace       used 5708K, capacity 6768K, committed 7040K, reserved 1056768K
  class space    used 571K, capacity 616K, committed 640K, reserved 1048576K
}
Event: 2.086 GC heap before
{Heap before GC invocations=2 (full 0):
 PSYoungGen      total 28672K, used 28658K [0x00000000eab00000, 0x00000000ee300000, 0x0000000100000000)
  eden space 24576K, 100% used [0x00000000eab00000,0x00000000ec300000,0x00000000ec300000)
  from space 4096K, 99% used [0x00000000ec300000,0x00000000ec6fcb90,0x00000000ec700000)
  to   space 4096K, 0% used [0x00000000edf00000,0x00000000edf00000,0x00000000ee300000)
 ParOldGen       total 65536K, used 2453K [0x00000000c0000000, 0x00000000c4000000, 0x00000000eab00000)
  object space 65536K, 3% used [0x00000000c0000000,0x00000000c02656d0,0x00000000c4000000)
 Metaspace       used 5729K, capacity 6832K, committed 7040K, reserved 1056768K
  class space    used 572K, capacity 616K, committed 640K, reserved 1048576K
Event: 2.117 GC heap after
Heap after GC invocations=2 (full 0):
 PSYoungGen      total 53248K, used 4079K [0x00000000eab00000, 0x00000000ee300000, 0x0000000100000000)
  eden space 49152K, 0% used [0x00000000eab00000,0x00000000eab00000,0x00000000edb00000)
  from space 4096K, 99% used [0x00000000edf00000,0x00000000ee2fbd18,0x00000000ee300000)
  to   space 4096K, 0% used [0x00000000edb00000,0x00000000edb00000,0x00000000edf00000)
 ParOldGen       total 65536K, used 13183K [0x00000000c0000000, 0x00000000c4000000, 0x00000000eab00000)
  object space 65536K, 20% used [0x00000000c0000000,0x00000000c0cdffc0,0x00000000c4000000)
 Metaspace       used 5729K, capacity 6832K, committed 7040K, reserved 1056768K
  class space    used 572K, capacity 616K, committed 640K, reserved 1048576K
}

Deoptimization events (9 events):
Event: 0.642 Thread 0x0000000018cdc800 Uncommon trap: reason=unstable_if action=reinterpret pc=0x0000000004def780 method=java.util.HashMap.getNode(ILjava/lang/Object;)Ljava/util/HashMap$Node; @ 129
Event: 0.901 Thread 0x0000000018ee6000 Uncommon trap: reason=class_check action=maybe_recompile pc=0x0000000004e61c30 method=com.android.dx.ssa.NormalSsaInsn.accept(Lcom/android/dx/ssa/SsaInsn$Visitor;)V @ 9
Event: 1.216 Thread 0x0000000018ee6000 Uncommon trap: reason=unstable_if action=reinterpret pc=0x0000000004f91ddc method=com.android.dx.ssa.SsaRenamer$BlockRenamer.addMapping(ILcom/android/dx/rop/code/RegisterSpec;)V @ 120
Event: 1.223 Thread 0x0000000018ee6000 Uncommon trap: reason=unstable_if action=reinterpret pc=0x0000000004f8478c method=com.android.dx.rop.code.RegisterSpecSet.put(Lcom/android/dx/rop/code/RegisterSpec;)V @ 77
Event: 1.223 Thread 0x0000000018ee6000 Uncommon trap: reason=unstable_if action=reinterpret pc=0x0000000005013574 method=com.android.dx.rop.code.RegisterSpecSet.put(Lcom/android/dx/rop/code/RegisterSpec;)V @ 77
Event: 1.359 Thread 0x0000000018ee6000 Uncommon trap: reason=class_check action=maybe_recompile pc=0x0000000004f86cdc method=com.android.dx.ssa.NormalSsaInsn.accept(Lcom/android/dx/ssa/SsaInsn$Visitor;)V @ 9
Event: 1.360 Thread 0x0000000018ee6000 Uncommon trap: reason=class_check action=maybe_recompile pc=0x0000000004f86cdc method=com.android.dx.ssa.NormalSsaInsn.accept(Lcom/android/dx/ssa/SsaInsn$Visitor;)V @ 9
Event: 1.360 Thread 0x0000000018ee6000 Uncommon trap: reason=class_check action=maybe_recompile pc=0x0000000004f86cdc method=com.android.dx.ssa.NormalSsaInsn.accept(Lcom/android/dx/ssa/SsaInsn$Visitor;)V @ 9
Event: 1.360 Thread 0x0000000018ee6000 Uncommon trap: reason=class_check action=maybe_recompile pc=0x0000000004e61c30 method=com.android.dx.ssa.NormalSsaInsn.accept(Lcom/android/dx/ssa/SsaInsn$Visitor;)V @ 9

Classes redefined (0 events):
No events

Internal exceptions (2 events):
Event: 0.065 Thread 0x0000000004a9d800 Exception <a 'java/lang/NoSuchMethodError': Method sun.misc.Unsafe.defineClass(Ljava/lang/String;[BII)Ljava/lang/Class; name or signature does not match> (0x00000000eab07ca8) thrown at [D:\src\AOSP-openjdk-cygwin\jdk8u\hotspot\src\share\vm\prims\jni.cpp, 
Event: 0.065 Thread 0x0000000004a9d800 Exception <a 'java/lang/NoSuchMethodError': Method sun.misc.Unsafe.prefetchRead(Ljava/lang/Object;J)V name or signature does not match> (0x00000000eab07f90) thrown at [D:\src\AOSP-openjdk-cygwin\jdk8u\hotspot\src\share\vm\prims\jni.cpp, line 4011]

Events (10 events):
Event: 2.743 Thread 0x0000000018ee6000 DEOPT PACKING pc=0x0000000004fcdd38 sp=0x000000001963e760
Event: 2.743 Thread 0x0000000018ee6000 DEOPT UNPACKING pc=0x0000000004c671bf sp=0x000000001963e488 mode 0
Event: 2.743 Thread 0x0000000018ee6000 DEOPT PACKING pc=0x0000000004fcdd38 sp=0x000000001963e760
Event: 2.743 Thread 0x0000000018ee6000 DEOPT UNPACKING pc=0x0000000004c671bf sp=0x000000001963e488 mode 0
Event: 2.743 Thread 0x0000000018ee6000 DEOPT PACKING pc=0x0000000004fcdd38 sp=0x000000001963e9a0
Event: 2.743 Thread 0x0000000018ee6000 DEOPT UNPACKING pc=0x0000000004c671bf sp=0x000000001963e6c8 mode 0
Event: 2.743 Thread 0x0000000018ee6000 DEOPT PACKING pc=0x0000000004fcdd38 sp=0x000000001963e9a0
Event: 2.743 Thread 0x0000000018ee6000 DEOPT UNPACKING pc=0x0000000004c671bf sp=0x000000001963e6c8 mode 0
Event: 2.947 Thread 0x0000000018ee6000 DEOPT PACKING pc=0x00000000050289ba sp=0x000000001963eba0
Event: 2.947 Thread 0x0000000018ee6000 DEOPT UNPACKING pc=0x0000000004c671bf sp=0x000000001963e970 mode 0


Dynamic libraries:
0x00007ff67a310000 - 0x00007ff67a341000 	C:\Program Files\Android\Android Studio\jre\bin\java.exe
0x00007ff8c3950000 - 0x00007ff8c3b30000 	C:\WINDOWS\SYSTEM32\ntdll.dll
0x00007ff8c3870000 - 0x00007ff8c391e000 	C:\WINDOWS\System32\KERNEL32.DLL
0x00007ff8c0240000 - 0x00007ff8c04a6000 	C:\WINDOWS\System32\KERNELBASE.dll
0x00007ff8c13d0000 - 0x00007ff8c1471000 	C:\WINDOWS\System32\ADVAPI32.dll
0x00007ff8c0fe0000 - 0x00007ff8c107d000 	C:\WINDOWS\System32\msvcrt.dll
0x00007ff8c1480000 - 0x00007ff8c14db000 	C:\WINDOWS\System32\sechost.dll
0x00007ff8c30e0000 - 0x00007ff8c31ff000 	C:\WINDOWS\System32\RPCRT4.dll
0x00007ff8c16a0000 - 0x00007ff8c182f000 	C:\WINDOWS\System32\USER32.dll
0x00007ff8c0e00000 - 0x00007ff8c0e20000 	C:\WINDOWS\System32\win32u.dll
0x00007ff8c1650000 - 0x00007ff8c1678000 	C:\WINDOWS\System32\GDI32.dll
0x00007ff8c04b0000 - 0x00007ff8c0644000 	C:\WINDOWS\System32\gdi32full.dll
0x00007ff8bffd0000 - 0x00007ff8c006b000 	C:\WINDOWS\System32\msvcp_win.dll
0x00007ff8c0070000 - 0x00007ff8c0166000 	C:\WINDOWS\System32\ucrtbase.dll
0x00007ff8b7e10000 - 0x00007ff8b8079000 	C:\WINDOWS\WinSxS\amd64_microsoft.windows.common-controls_6595b64144ccf1df_6.0.16299.64_none_cc9304e22215ca8f\COMCTL32.dll
0x00007ff8c1830000 - 0x00007ff8c1b38000 	C:\WINDOWS\System32\combase.dll
0x00007ff8c01c0000 - 0x00007ff8c0232000 	C:\WINDOWS\System32\bcryptPrimitives.dll
0x00007ff8c1b40000 - 0x00007ff8c1b6d000 	C:\WINDOWS\System32\IMM32.DLL
0x00000000544b0000 - 0x0000000054582000 	C:\Program Files\Android\Android Studio\jre\jre\bin\msvcr100.dll
0x0000000053a50000 - 0x000000005428e000 	C:\Program Files\Android\Android Studio\jre\jre\bin\server\jvm.dll
0x00007ff8c1bd0000 - 0x00007ff8c1bd8000 	C:\WINDOWS\System32\PSAPI.DLL
0x00007ff8baa50000 - 0x00007ff8baa59000 	C:\WINDOWS\SYSTEM32\WSOCK32.dll
0x00007ff8c37a0000 - 0x00007ff8c380c000 	C:\WINDOWS\System32\WS2_32.dll
0x00007ff8bc720000 - 0x00007ff8bc743000 	C:\WINDOWS\SYSTEM32\WINMM.dll
0x00007ff8bbcb0000 - 0x00007ff8bbcba000 	C:\WINDOWS\SYSTEM32\VERSION.dll
0x00007ff8bc6c0000 - 0x00007ff8bc6ea000 	C:\WINDOWS\SYSTEM32\WINMMBASE.dll
0x00007ff8c0170000 - 0x00007ff8c01ba000 	C:\WINDOWS\System32\cfgmgr32.dll
0x00007ff8baa40000 - 0x00007ff8baa4f000 	C:\Program Files\Android\Android Studio\jre\jre\bin\verify.dll
0x00007ff8b3690000 - 0x00007ff8b36b9000 	C:\Program Files\Android\Android Studio\jre\jre\bin\java.dll
0x00007ff8b35d0000 - 0x00007ff8b35e6000 	C:\Program Files\Android\Android Studio\jre\jre\bin\zip.dll
0x00007ff8c1bf0000 - 0x00007ff8c3027000 	C:\WINDOWS\System32\SHELL32.dll
0x00007ff8c0f30000 - 0x00007ff8c0fd6000 	C:\WINDOWS\System32\shcore.dll
0x00007ff8c06b0000 - 0x00007ff8c0df7000 	C:\WINDOWS\System32\windows.storage.dll
0x00007ff8c3810000 - 0x00007ff8c3861000 	C:\WINDOWS\System32\shlwapi.dll
0x00007ff8bfce0000 - 0x00007ff8bfcf1000 	C:\WINDOWS\System32\kernel.appcore.dll
0x00007ff8bfd00000 - 0x00007ff8bfd4c000 	C:\WINDOWS\System32\powrprof.dll
0x00007ff8bfcc0000 - 0x00007ff8bfcdb000 	C:\WINDOWS\System32\profapi.dll

VM Arguments:
jvm_args: -Djava.awt.headless=true -Xmx1024M -Dfile.encoding=windows-1252 -Duser.country=US -Duser.language=en -Duser.variant 
java_command: com.android.dx.command.Main --dex --force-jumbo --num-threads=4 --multi-dex --output E:\myrepo\concert-pharmaceuticals\app\build\intermediates\transforms\dex\debug\folders\1000\5\slice_1 E:\myrepo\concert-pharmaceuticals\app\build\intermediates\transforms\instantRunSlicer\debug\folders\1\5\slice_1
java_class_path (initial): C:\Users\TK_DTP_0068\AppData\Local\Android\Sdk\build-tools\25.0.0\lib\dx.jar
Launcher Type: SUN_STANDARD

Environment Variables:
PATH=C:\ProgramData\Oracle\Java\javapath;C:\WINDOWS\system32;C:\WINDOWS;C:\WINDOWS\System32\Wbem;C:\WINDOWS\System32\WindowsPowerShell\v1.0\;C:\Program Files (x86)\Skype\Phone\;C:\Users\TK_DTP_0068\.dnx\bin;C:\Program Files\Microsoft DNX\Dnvm\;C:\Program Files\Microsoft SQL Server\120\Tools\Binn\;C:\Program Files\Git\cmd;C:\Program Files\Java\jdk1.8.0_151\bin;
USERNAME=TK_DTP_0114
OS=Windows_NT
PROCESSOR_IDENTIFIER=Intel64 Family 6 Model 23 Stepping 10, GenuineIntel



---------------  S Y S T E M  ---------------

OS: Windows 10.0 , 64 bit Build 16299 (10.0.16299.15)

CPU:total 4 (initial active 4) (4 cores per cpu, 1 threads per core) family 6 model 23 stepping 10, cmov, cx8, fxsr, mmx, sse, sse2, sse3, ssse3, sse4.1, tsc

Memory: 4k page, physical 6223476k(609184k free), swap 19496196k(5200k free)

vm_info: OpenJDK 64-Bit Server VM (25.152-b01) for windows-amd64 JRE (1.8.0_152-release-915-b01), built by "builder" with MS VC++ 10.0 (VS2010)

time: Wed Dec 06 15:37:30 2017
elapsed time: 2 seconds (0d 0h 0m 2s)

