#
# There is insufficient memory for the Java Runtime Environment to continue.
# Native memory allocation (malloc) failed to allocate 65552 bytes for Chunk::new
# Possible reasons:
#   The system is out of physical RAM or swap space
#   In 32 bit mode, the process size limit was hit
# Possible solutions:
#   Reduce memory load on the system
#   Increase physical memory or swap space
#   Check if swap backing store is full
#   Use 64 bit Java on a 64 bit OS
#   Decrease Java heap size (-Xmx/-Xms)
#   Decrease number of Java threads
#   Decrease Java thread stack sizes (-Xss)
#   Set larger code cache with -XX:ReservedCodeCacheSize=
# This output file may be truncated or incomplete.
#
#  Out of Memory Error (allocation.cpp:390), pid=4388, tid=0x0000000000002784
#
# JRE version: OpenJDK Runtime Environment (8.0_152-b01) (build 1.8.0_152-release-915-b01)
# Java VM: OpenJDK 64-Bit Server VM (25.152-b01 mixed mode windows-amd64 compressed oops)
# Failed to write core dump. Minidumps are not enabled by default on client versions of Windows
#

---------------  T H R E A D  ---------------

Current thread (0x0000000017499000):  JavaThread "C2 CompilerThread1" daemon [_thread_in_native, id=10116, stack(0x0000000018ba0000,0x0000000018ca0000)]

Stack: [0x0000000018ba0000,0x0000000018ca0000]
[error occurred during error reporting (printing stack bounds), id 0xc0000005]

Native frames: (J=compiled Java code, j=interpreted, Vv=VM code, C=native code)


Current CompileTask:
C2:   3400 1219       4       com.android.dx.ssa.LiteralOpUpgrader$1::visitNonMoveInsn (203 bytes)


---------------  P R O C E S S  ---------------

Java Threads: ( => current thread )
  0x00000000190a8000 JavaThread "pool-1-thread-4" [_thread_in_Java, id=2652, stack(0x00000000197a0000,0x00000000198a0000)]
  0x00000000190a7000 JavaThread "pool-1-thread-3" [_thread_blocked, id=10872, stack(0x00000000196a0000,0x00000000197a0000)]
  0x00000000190a5000 JavaThread "pool-1-thread-2" [_thread_in_Java, id=9360, stack(0x00000000195a0000,0x00000000196a0000)]
  0x00000000190a2800 JavaThread "pool-2-thread-1" [_thread_blocked, id=4064, stack(0x00000000194a0000,0x00000000195a0000)]
  0x0000000019057000 JavaThread "pool-1-thread-1" [_thread_blocked, id=9780, stack(0x00000000193a0000,0x00000000194a0000)]
  0x0000000018dad000 JavaThread "Service Thread" daemon [_thread_blocked, id=5212, stack(0x00000000191a0000,0x00000000192a0000)]
  0x000000001749c000 JavaThread "C1 CompilerThread2" daemon [_thread_blocked, id=4232, stack(0x0000000018ca0000,0x0000000018da0000)]
=>0x0000000017499000 JavaThread "C2 CompilerThread1" daemon [_thread_in_native, id=10116, stack(0x0000000018ba0000,0x0000000018ca0000)]
  0x0000000017437800 JavaThread "C2 CompilerThread0" daemon [_thread_in_native, id=224, stack(0x0000000018aa0000,0x0000000018ba0000)]
  0x0000000017446000 JavaThread "Attach Listener" daemon [_thread_blocked, id=3468, stack(0x00000000189a0000,0x0000000018aa0000)]
  0x0000000017445000 JavaThread "Signal Dispatcher" daemon [_thread_blocked, id=9928, stack(0x00000000188a0000,0x00000000189a0000)]
  0x0000000004d6c000 JavaThread "Finalizer" daemon [_thread_blocked, id=2016, stack(0x00000000186b0000,0x00000000187b0000)]
  0x0000000004d61800 JavaThread "Reference Handler" daemon [_thread_blocked, id=6864, stack(0x00000000185b0000,0x00000000186b0000)]
  0x0000000004c6d800 JavaThread "main" [_thread_blocked, id=1884, stack(0x0000000004b30000,0x0000000004c30000)]

Other Threads:
  0x0000000017404000 VMThread [stack: 0x00000000184b0000,0x00000000185b0000] [id=2288]
  0x0000000018da3000 WatcherThread [stack: 0x00000000192a0000,0x00000000193a0000] [id=6196]

VM state:not at safepoint (normal execution)

VM Mutex/Monitor currently owned by a thread: None

Heap:
 PSYoungGen      total 28672K, used 25248K [0x00000000eab00000, 0x00000000ee300000, 0x0000000100000000)
  eden space 24576K, 86% used [0x00000000eab00000,0x00000000ebfab410,0x00000000ec300000)
  from space 4096K, 99% used [0x00000000ec300000,0x00000000ec6fcea8,0x00000000ec700000)
  to   space 4096K, 0% used [0x00000000edf00000,0x00000000edf00000,0x00000000ee300000)
 ParOldGen       total 65536K, used 953K [0x00000000c0000000, 0x00000000c4000000, 0x00000000eab00000)
  object space 65536K, 1% used [0x00000000c0000000,0x00000000c00ee7a0,0x00000000c4000000)
 Metaspace       used 6123K, capacity 6960K, committed 7040K, reserved 1056768K
  class space    used 588K, capacity 616K, committed 640K, reserved 1048576K

Card table byte_map: [0x0000000014130000,0x0000000014340000] byte_map_base: 0x0000000013b30000

Marking Bits: (ParMarkBitMap*) 0x0000000054213950
 Begin Bits: [0x00000000148a0000, 0x00000000158a0000)
 End Bits:   [0x00000000158a0000, 0x00000000168a0000)

Polling page: 0x0000000003000000

CodeCache: size=245760Kb used=5763Kb max_used=5763Kb free=239996Kb
 bounds [0x0000000004d70000, 0x0000000005320000, 0x0000000013d70000]
 total_blobs=1631 nmethods=1364 adapters=182
 compilation: enabled

Compilation events (10 events):
Event: 3.392 Thread 0x000000001749c000 1371       3       com.android.dx.dex.file.OffsettedItem::<init> (44 bytes)
Event: 3.392 Thread 0x000000001749c000 nmethod 1371 0x0000000005310850 code [0x0000000005310a00, 0x0000000005310ed8]
Event: 3.393 Thread 0x000000001749c000 1372       3       com.android.dx.dex.cf.AttributeTranslator::getAnnotations (22 bytes)
Event: 3.394 Thread 0x000000001749c000 nmethod 1372 0x00000000053110d0 code [0x00000000053112e0, 0x0000000005311d68]
Event: 3.394 Thread 0x000000001749c000 1373       3       java.util.HashMap$EntryIterator::next (5 bytes)
Event: 3.394 Thread 0x000000001749c000 nmethod 1373 0x00000000053122d0 code [0x0000000005312440, 0x0000000005312728]
Event: 3.394 Thread 0x000000001749c000 1374       3       java.util.HashMap$EntryIterator::next (5 bytes)
Event: 3.395 Thread 0x000000001749c000 nmethod 1374 0x00000000053127d0 code [0x0000000005312940, 0x0000000005312b48]
Event: 3.396 Thread 0x000000001749c000 1375       3       com.android.dx.cf.code.Merger::mergeLocals (122 bytes)
Event: 3.397 Thread 0x000000001749c000 nmethod 1375 0x0000000005312bd0 code [0x0000000005312e40, 0x0000000005313f48]

GC Heap History (2 events):
Event: 2.466 GC heap before
{Heap before GC invocations=1 (full 0):
 PSYoungGen      total 28672K, used 24576K [0x00000000eab00000, 0x00000000ecb00000, 0x0000000100000000)
  eden space 24576K, 100% used [0x00000000eab00000,0x00000000ec300000,0x00000000ec300000)
  from space 4096K, 0% used [0x00000000ec700000,0x00000000ec700000,0x00000000ecb00000)
  to   space 4096K, 0% used [0x00000000ec300000,0x00000000ec300000,0x00000000ec700000)
 ParOldGen       total 65536K, used 0K [0x00000000c0000000, 0x00000000c4000000, 0x00000000eab00000)
  object space 65536K, 0% used [0x00000000c0000000,0x00000000c0000000,0x00000000c4000000)
 Metaspace       used 5929K, capacity 6832K, committed 7040K, reserved 1056768K
  class space    used 588K, capacity 616K, committed 640K, reserved 1048576K
Event: 2.643 GC heap after
Heap after GC invocations=1 (full 0):
 PSYoungGen      total 28672K, used 4083K [0x00000000eab00000, 0x00000000ee300000, 0x0000000100000000)
  eden space 24576K, 0% used [0x00000000eab00000,0x00000000eab00000,0x00000000ec300000)
  from space 4096K, 99% used [0x00000000ec300000,0x00000000ec6fcea8,0x00000000ec700000)
  to   space 4096K, 0% used [0x00000000edf00000,0x00000000edf00000,0x00000000ee300000)
 ParOldGen       total 65536K, used 953K [0x00000000c0000000, 0x00000000c4000000, 0x00000000eab00000)
  object space 65536K, 1% used [0x00000000c0000000,0x00000000c00ee7a0,0x00000000c4000000)
 Metaspace       used 5929K, capacity 6832K, committed 7040K, reserved 1056768K
  class space    used 588K, capacity 616K, committed 640K, reserved 1048576K
}

Deoptimization events (10 events):
Event: 2.439 Thread 0x00000000190a5000 Uncommon trap: reason=unstable_if action=reinterpret pc=0x000000000511db60 method=com.android.dx.rop.code.RegisterSpecSet.put(Lcom/android/dx/rop/code/RegisterSpec;)V @ 77
Event: 2.652 Thread 0x00000000190a7000 Uncommon trap: reason=null_check action=make_not_entrant pc=0x000000000512327c method=com.android.dx.ssa.SsaRenamer.getLocalForNewReg(I)Lcom/android/dx/rop/code/LocalItem; @ 19
Event: 3.151 Thread 0x0000000019057000 Uncommon trap: reason=bimorphic action=maybe_recompile pc=0x0000000005231480 method=com.android.dx.cf.code.BytecodeArray.parseInstruction(ILcom/android/dx/cf/code/BytecodeArray$Visitor;)I @ 2281
Event: 3.153 Thread 0x0000000019057000 Uncommon trap: reason=bimorphic action=maybe_recompile pc=0x0000000005231480 method=com.android.dx.cf.code.BytecodeArray.parseInstruction(ILcom/android/dx/cf/code/BytecodeArray$Visitor;)I @ 2281
Event: 3.154 Thread 0x0000000019057000 Uncommon trap: reason=unstable_if action=reinterpret pc=0x000000000522997c method=java.util.BitSet.clone()Ljava/lang/Object; @ 4
Event: 3.182 Thread 0x00000000190a8000 Uncommon trap: reason=bimorphic action=maybe_recompile pc=0x000000000523241c method=com.android.dx.cf.code.BytecodeArray.parseInstruction(ILcom/android/dx/cf/code/BytecodeArray$Visitor;)I @ 971
Event: 3.182 Thread 0x00000000190a8000 Uncommon trap: reason=bimorphic action=maybe_recompile pc=0x000000000523221c method=com.android.dx.cf.code.BytecodeArray.parseInstruction(ILcom/android/dx/cf/code/BytecodeArray$Visitor;)I @ 907
Event: 3.182 Thread 0x00000000190a8000 Uncommon trap: reason=bimorphic action=maybe_recompile pc=0x0000000005231a08 method=com.android.dx.cf.code.BytecodeArray.parseInstruction(ILcom/android/dx/cf/code/BytecodeArray$Visitor;)I @ 1597
Event: 3.182 Thread 0x00000000190a8000 Uncommon trap: reason=uninitialized action=reinterpret pc=0x00000000052320a8 method=com.android.dx.cf.code.BytecodeArray.parseInstruction(ILcom/android/dx/cf/code/BytecodeArray$Visitor;)I @ 999
Event: 3.223 Thread 0x00000000190a8000 Uncommon trap: reason=unstable_if action=reinterpret pc=0x000000000503a15c method=com.android.dx.rop.cst.Constant.compareTo(Lcom/android/dx/rop/cst/Constant;)I @ 12

Classes redefined (0 events):
No events

Internal exceptions (3 events):
Event: 0.046 Thread 0x0000000004c6d800 Exception <a 'java/lang/NoSuchMethodError': Method sun.misc.Unsafe.defineClass(Ljava/lang/String;[BII)Ljava/lang/Class; name or signature does not match> (0x00000000eab07ca8) thrown at [D:\src\AOSP-openjdk-cygwin\jdk8u\hotspot\src\share\vm\prims\jni.cpp, 
Event: 0.046 Thread 0x0000000004c6d800 Exception <a 'java/lang/NoSuchMethodError': Method sun.misc.Unsafe.prefetchRead(Ljava/lang/Object;J)V name or signature does not match> (0x00000000eab07f90) thrown at [D:\src\AOSP-openjdk-cygwin\jdk8u\hotspot\src\share\vm\prims\jni.cpp, line 4011]
Event: 2.652 Thread 0x00000000190a7000 Implicit null exception at 0x0000000005121df7 to 0x0000000005123251

Events (10 events):
Event: 3.182 Thread 0x00000000190a8000 Uncommon trap: trap_request=0xffffffb5 fr.pc=0x00000000052320a8
Event: 3.182 Thread 0x00000000190a8000 DEOPT PACKING pc=0x00000000052320a8 sp=0x000000001989eca0
Event: 3.182 Thread 0x00000000190a8000 DEOPT UNPACKING pc=0x0000000004db556a sp=0x000000001989ec48 mode 2
Event: 3.204 Thread 0x00000000190a8000 DEOPT PACKING pc=0x00000000050d2ca6 sp=0x000000001989eb70
Event: 3.204 Thread 0x00000000190a8000 DEOPT UNPACKING pc=0x0000000004db71bf sp=0x000000001989e950 mode 0
Event: 3.223 Thread 0x00000000190a8000 Uncommon trap: trap_request=0xffffff65 fr.pc=0x000000000503a15c
Event: 3.223 Thread 0x00000000190a8000 DEOPT PACKING pc=0x000000000503a15c sp=0x000000001989e800
Event: 3.223 Thread 0x00000000190a8000 DEOPT UNPACKING pc=0x0000000004db556a sp=0x000000001989e7a0 mode 2
Event: 3.277 Executing VM operation: ForceSafepoint
Event: 3.343 Executing VM operation: ForceSafepoint done


Dynamic libraries:
0x00007ff67a310000 - 0x00007ff67a341000 	C:\Program Files\Android\Android Studio\jre\bin\java.exe
0x00007ff8c3950000 - 0x00007ff8c3b30000 	C:\WINDOWS\SYSTEM32\ntdll.dll
0x00007ff8c3870000 - 0x00007ff8c391e000 	C:\WINDOWS\System32\KERNEL32.DLL
0x00007ff8c0240000 - 0x00007ff8c04a6000 	C:\WINDOWS\System32\KERNELBASE.dll
0x00007ff8c13d0000 - 0x00007ff8c1471000 	C:\WINDOWS\System32\ADVAPI32.dll
0x00007ff8c0fe0000 - 0x00007ff8c107d000 	C:\WINDOWS\System32\msvcrt.dll
0x00007ff8c1480000 - 0x00007ff8c14db000 	C:\WINDOWS\System32\sechost.dll
0x00007ff8c30e0000 - 0x00007ff8c31ff000 	C:\WINDOWS\System32\RPCRT4.dll
0x00007ff8c16a0000 - 0x00007ff8c182f000 	C:\WINDOWS\System32\USER32.dll
0x00007ff8c0e00000 - 0x00007ff8c0e20000 	C:\WINDOWS\System32\win32u.dll
0x00007ff8c1650000 - 0x00007ff8c1678000 	C:\WINDOWS\System32\GDI32.dll
0x00007ff8c04b0000 - 0x00007ff8c0644000 	C:\WINDOWS\System32\gdi32full.dll
0x00007ff8bffd0000 - 0x00007ff8c006b000 	C:\WINDOWS\System32\msvcp_win.dll
0x00007ff8c0070000 - 0x00007ff8c0166000 	C:\WINDOWS\System32\ucrtbase.dll
0x00007ff8b7e10000 - 0x00007ff8b8079000 	C:\WINDOWS\WinSxS\amd64_microsoft.windows.common-controls_6595b64144ccf1df_6.0.16299.64_none_cc9304e22215ca8f\COMCTL32.dll
0x00007ff8c1830000 - 0x00007ff8c1b38000 	C:\WINDOWS\System32\combase.dll
0x00007ff8c01c0000 - 0x00007ff8c0232000 	C:\WINDOWS\System32\bcryptPrimitives.dll
0x00007ff8c1b40000 - 0x00007ff8c1b6d000 	C:\WINDOWS\System32\IMM32.DLL
0x00000000544b0000 - 0x0000000054582000 	C:\Program Files\Android\Android Studio\jre\jre\bin\msvcr100.dll
0x0000000053a50000 - 0x000000005428e000 	C:\Program Files\Android\Android Studio\jre\jre\bin\server\jvm.dll
0x00007ff8c1bd0000 - 0x00007ff8c1bd8000 	C:\WINDOWS\System32\PSAPI.DLL
0x00007ff8baa50000 - 0x00007ff8baa59000 	C:\WINDOWS\SYSTEM32\WSOCK32.dll
0x00007ff8c37a0000 - 0x00007ff8c380c000 	C:\WINDOWS\System32\WS2_32.dll
0x00007ff8bc720000 - 0x00007ff8bc743000 	C:\WINDOWS\SYSTEM32\WINMM.dll
0x00007ff8bbcb0000 - 0x00007ff8bbcba000 	C:\WINDOWS\SYSTEM32\VERSION.dll
0x00007ff8bc6c0000 - 0x00007ff8bc6ea000 	C:\WINDOWS\SYSTEM32\WINMMBASE.dll
0x00007ff8c0170000 - 0x00007ff8c01ba000 	C:\WINDOWS\System32\cfgmgr32.dll
0x00007ff8baa40000 - 0x00007ff8baa4f000 	C:\Program Files\Android\Android Studio\jre\jre\bin\verify.dll
0x00007ff8b3690000 - 0x00007ff8b36b9000 	C:\Program Files\Android\Android Studio\jre\jre\bin\java.dll
0x00007ff8b35d0000 - 0x00007ff8b35e6000 	C:\Program Files\Android\Android Studio\jre\jre\bin\zip.dll
0x00007ff8c1bf0000 - 0x00007ff8c3027000 	C:\WINDOWS\System32\SHELL32.dll
0x00007ff8c0f30000 - 0x00007ff8c0fd6000 	C:\WINDOWS\System32\shcore.dll
0x00007ff8c06b0000 - 0x00007ff8c0df7000 	C:\WINDOWS\System32\windows.storage.dll
0x00007ff8c3810000 - 0x00007ff8c3861000 	C:\WINDOWS\System32\shlwapi.dll
0x00007ff8bfce0000 - 0x00007ff8bfcf1000 	C:\WINDOWS\System32\kernel.appcore.dll
0x00007ff8bfd00000 - 0x00007ff8bfd4c000 	C:\WINDOWS\System32\powrprof.dll
0x00007ff8bfcc0000 - 0x00007ff8bfcdb000 	C:\WINDOWS\System32\profapi.dll

VM Arguments:
jvm_args: -Djava.awt.headless=true -Xmx1024M -Dfile.encoding=windows-1252 -Duser.country=US -Duser.language=en -Duser.variant 
java_command: com.android.dx.command.Main --dex --num-threads=4 --output E:\myrepo\concert-pharmaceuticals\app\build\intermediates\pre-dexed\debug\core-3.2.1_df4876340705508eec4241ae86ff8adeb8a9937b.jar C:\Users\TK_DTP_0068\.gradle\caches\modules-2\files-2.1\com.google.zxing\core\3.2.1\2287494d4f5f9f3a9a2bb6980e3f32053721b315\core-3.2.1.jar
java_class_path (initial): C:\Users\TK_DTP_0068\AppData\Local\Android\Sdk\build-tools\25.0.0\lib\dx.jar
Launcher Type: SUN_STANDARD

Environment Variables:
PATH=C:\ProgramData\Oracle\Java\javapath;C:\WINDOWS\system32;C:\WINDOWS;C:\WINDOWS\System32\Wbem;C:\WINDOWS\System32\WindowsPowerShell\v1.0\;C:\Program Files (x86)\Skype\Phone\;C:\Users\TK_DTP_0068\.dnx\bin;C:\Program Files\Microsoft DNX\Dnvm\;C:\Program Files\Microsoft SQL Server\120\Tools\Binn\;C:\Program Files\Git\cmd;C:\Program Files\Java\jdk1.8.0_151\bin;
USERNAME=TK_DTP_0114
OS=Windows_NT
PROCESSOR_IDENTIFIER=Intel64 Family 6 Model 23 Stepping 10, GenuineIntel



---------------  S Y S T E M  ---------------

OS: Windows 10.0 , 64 bit Build 16299 (10.0.16299.15)

CPU:total 4 (initial active 4) (4 cores per cpu, 1 threads per core) family 6 model 23 stepping 10, cmov, cx8, fxsr, mmx, sse, sse2, sse3, ssse3, sse4.1, tsc

Memory: 4k page, physical 6223476k(667004k free), swap 19496196k(4536k free)

vm_info: OpenJDK 64-Bit Server VM (25.152-b01) for windows-amd64 JRE (1.8.0_152-release-915-b01), built by "builder" with MS VC++ 10.0 (VS2010)

time: Wed Dec 06 15:57:38 2017
elapsed time: 3 seconds (0d 0h 0m 3s)

