#
# There is insufficient memory for the Java Runtime Environment to continue.
# Native memory allocation (malloc) failed to allocate 225216 bytes for Chunk::new
# Possible reasons:
#   The system is out of physical RAM or swap space
#   In 32 bit mode, the process size limit was hit
# Possible solutions:
#   Reduce memory load on the system
#   Increase physical memory or swap space
#   Check if swap backing store is full
#   Use 64 bit Java on a 64 bit OS
#   Decrease Java heap size (-Xmx/-Xms)
#   Decrease number of Java threads
#   Decrease Java thread stack sizes (-Xss)
#   Set larger code cache with -XX:ReservedCodeCacheSize=
# This output file may be truncated or incomplete.
#
#  Out of Memory Error (allocation.cpp:390), pid=9560, tid=0x0000000000002af8
#
# JRE version: OpenJDK Runtime Environment (8.0_152-b01) (build 1.8.0_152-release-915-b01)
# Java VM: OpenJDK 64-Bit Server VM (25.152-b01 mixed mode windows-amd64 compressed oops)
# Failed to write core dump. Minidumps are not enabled by default on client versions of Windows
#

---------------  T H R E A D  ---------------

Current thread (0x00000000171a7800):  JavaThread "C2 CompilerThread0" daemon [_thread_in_native, id=11000, stack(0x00000000187e0000,0x00000000188e0000)]

Stack: [0x00000000187e0000,0x00000000188e0000]
[error occurred during error reporting (printing stack bounds), id 0xc0000005]

Native frames: (J=compiled Java code, j=interpreted, Vv=VM code, C=native code)


Current CompileTask:
C2:  11918 2410       4       com.android.dx.rop.cst.CstBaseMethodRef::getPrototype (41 bytes)


---------------  P R O C E S S  ---------------

Java Threads: ( => current thread )
  0x0000000018aed000 JavaThread "Service Thread" daemon [_thread_blocked, id=2840, stack(0x0000000018ee0000,0x0000000018fe0000)]
  0x00000000171fb800 JavaThread "C1 CompilerThread2" daemon [_thread_in_vm, id=8720, stack(0x00000000189e0000,0x0000000018ae0000)]
  0x0000000017199800 JavaThread "C2 CompilerThread1" daemon [_thread_blocked, id=3068, stack(0x00000000188e0000,0x00000000189e0000)]
=>0x00000000171a7800 JavaThread "C2 CompilerThread0" daemon [_thread_in_native, id=11000, stack(0x00000000187e0000,0x00000000188e0000)]
  0x00000000171a6000 JavaThread "Attach Listener" daemon [_thread_blocked, id=2512, stack(0x00000000186e0000,0x00000000187e0000)]
  0x00000000171a5000 JavaThread "Signal Dispatcher" daemon [_thread_blocked, id=7584, stack(0x00000000185e0000,0x00000000186e0000)]
  0x0000000004ac6000 JavaThread "Finalizer" daemon [_thread_blocked, id=10960, stack(0x00000000183f0000,0x00000000184f0000)]
  0x0000000004ac1000 JavaThread "Reference Handler" daemon [_thread_blocked, id=10176, stack(0x00000000182f0000,0x00000000183f0000)]
  0x00000000048ce000 JavaThread "main" [_thread_in_Java, id=3588, stack(0x00000000048d0000,0x00000000049d0000)]

Other Threads:
  0x0000000017164800 VMThread [stack: 0x00000000181f0000,0x00000000182f0000] [id=10788]
  0x0000000018ae2800 WatcherThread [stack: 0x0000000018fe0000,0x00000000190e0000] [id=5552]

VM state:not at safepoint (normal execution)

VM Mutex/Monitor currently owned by a thread: None

Heap:
 PSYoungGen      total 53248K, used 16468K [0x00000000eab00000, 0x00000000ee300000, 0x0000000100000000)
  eden space 49152K, 25% used [0x00000000eab00000,0x00000000eb71c448,0x00000000edb00000)
  from space 4096K, 99% used [0x00000000edb00000,0x00000000edef8f00,0x00000000edf00000)
  to   space 4096K, 0% used [0x00000000edf00000,0x00000000edf00000,0x00000000ee300000)
 ParOldGen       total 65536K, used 20231K [0x00000000c0000000, 0x00000000c4000000, 0x00000000eab00000)
  object space 65536K, 30% used [0x00000000c0000000,0x00000000c13c1d38,0x00000000c4000000)
 Metaspace       used 6870K, capacity 7512K, committed 7680K, reserved 1056768K
  class space    used 630K, capacity 656K, committed 768K, reserved 1048576K

Card table byte_map: [0x0000000013e90000,0x00000000140a0000] byte_map_base: 0x0000000013890000

Marking Bits: (ParMarkBitMap*) 0x0000000054213950
 Begin Bits: [0x0000000014600000, 0x0000000015600000)
 End Bits:   [0x0000000015600000, 0x0000000016600000)

Polling page: 0x0000000004840000

CodeCache: size=245760Kb used=10944Kb max_used=10951Kb free=234815Kb
 bounds [0x0000000004ad0000, 0x0000000005590000, 0x0000000013ad0000]
 total_blobs=2632 nmethods=2362 adapters=183
 compilation: enabled

Compilation events (10 events):
Event: 11.901 Thread 0x00000000171fb800 2418       3       com.android.dx.dex.code.InsnFormat::codeUnit (89 bytes)
Event: 11.901 Thread 0x00000000171fb800 nmethod 2418 0x0000000005579210 code [0x00000000055793c0, 0x00000000055798f8]
Event: 11.902 Thread 0x00000000171fb800 2419       3       com.android.dx.dex.file.CodeItem::writeTo0 (489 bytes)
Event: 11.908 Thread 0x00000000171fb800 nmethod 2419 0x000000000557d310 code [0x000000000557dcc0, 0x0000000005584738]
Event: 11.908 Thread 0x00000000171fb800 2420       1       com.android.dx.dex.code.CatchTable$Entry::getHandlers (5 bytes)
Event: 11.908 Thread 0x00000000171fb800 nmethod 2420 0x0000000005567b90 code [0x0000000005567ce0, 0x0000000005567df0]
Event: 11.908 Thread 0x00000000171fb800 2421       3       com.android.dx.dex.code.CatchHandlerList::compareTo (9 bytes)
Event: 11.908 Thread 0x00000000171fb800 nmethod 2421 0x0000000005578d10 code [0x0000000005578e80, 0x0000000005579168]
Event: 11.909 Thread 0x0000000017199800 2422       4       com.android.dx.rop.type.StdTypeList::getWordCount (33 bytes)
Event: 11.910 Thread 0x0000000017199800 nmethod 2422 0x0000000005577410 code [0x0000000005577560, 0x0000000005577698]

GC Heap History (10 events):
Event: 1.541 GC heap before
{Heap before GC invocations=1 (full 0):
 PSYoungGen      total 28672K, used 24576K [0x00000000eab00000, 0x00000000ecb00000, 0x0000000100000000)
  eden space 24576K, 100% used [0x00000000eab00000,0x00000000ec300000,0x00000000ec300000)
  from space 4096K, 0% used [0x00000000ec700000,0x00000000ec700000,0x00000000ecb00000)
  to   space 4096K, 0% used [0x00000000ec300000,0x00000000ec300000,0x00000000ec700000)
 ParOldGen       total 65536K, used 0K [0x00000000c0000000, 0x00000000c4000000, 0x00000000eab00000)
  object space 65536K, 0% used [0x00000000c0000000,0x00000000c0000000,0x00000000c4000000)
 Metaspace       used 5919K, capacity 6832K, committed 7040K, reserved 1056768K
  class space    used 587K, capacity 616K, committed 640K, reserved 1048576K
Event: 1.550 GC heap after
Heap after GC invocations=1 (full 0):
 PSYoungGen      total 28672K, used 4072K [0x00000000eab00000, 0x00000000ecb00000, 0x0000000100000000)
  eden space 24576K, 0% used [0x00000000eab00000,0x00000000eab00000,0x00000000ec300000)
  from space 4096K, 99% used [0x00000000ec300000,0x00000000ec6fa098,0x00000000ec700000)
  to   space 4096K, 0% used [0x00000000ec700000,0x00000000ec700000,0x00000000ecb00000)
 ParOldGen       total 65536K, used 1214K [0x00000000c0000000, 0x00000000c4000000, 0x00000000eab00000)
  object space 65536K, 1% used [0x00000000c0000000,0x00000000c012fbd0,0x00000000c4000000)
 Metaspace       used 5919K, capacity 6832K, committed 7040K, reserved 1056768K
  class space    used 587K, capacity 616K, committed 640K, reserved 1048576K
}
Event: 3.317 GC heap before
{Heap before GC invocations=2 (full 0):
 PSYoungGen      total 28672K, used 28648K [0x00000000eab00000, 0x00000000ecb00000, 0x0000000100000000)
  eden space 24576K, 100% used [0x00000000eab00000,0x00000000ec300000,0x00000000ec300000)
  from space 4096K, 99% used [0x00000000ec300000,0x00000000ec6fa098,0x00000000ec700000)
  to   space 4096K, 0% used [0x00000000ec700000,0x00000000ec700000,0x00000000ecb00000)
 ParOldGen       total 65536K, used 1214K [0x00000000c0000000, 0x00000000c4000000, 0x00000000eab00000)
  object space 65536K, 1% used [0x00000000c0000000,0x00000000c012fbd0,0x00000000c4000000)
 Metaspace       used 6206K, capacity 7024K, committed 7296K, reserved 1056768K
  class space    used 589K, capacity 616K, committed 640K, reserved 1048576K
Event: 3.784 GC heap after
Heap after GC invocations=2 (full 0):
 PSYoungGen      total 28672K, used 4084K [0x00000000eab00000, 0x00000000ee300000, 0x0000000100000000)
  eden space 24576K, 0% used [0x00000000eab00000,0x00000000eab00000,0x00000000ec300000)
  from space 4096K, 99% used [0x00000000ec700000,0x00000000ecafd348,0x00000000ecb00000)
  to   space 4096K, 0% used [0x00000000ec300000,0x00000000ec300000,0x00000000ec700000)
 ParOldGen       total 65536K, used 4372K [0x00000000c0000000, 0x00000000c4000000, 0x00000000eab00000)
  object space 65536K, 6% used [0x00000000c0000000,0x00000000c04450c8,0x00000000c4000000)
 Metaspace       used 6206K, capacity 7024K, committed 7296K, reserved 1056768K
  class space    used 589K, capacity 616K, committed 640K, reserved 1048576K
}
Event: 5.526 GC heap before
{Heap before GC invocations=3 (full 0):
 PSYoungGen      total 28672K, used 28660K [0x00000000eab00000, 0x00000000ee300000, 0x0000000100000000)
  eden space 24576K, 100% used [0x00000000eab00000,0x00000000ec300000,0x00000000ec300000)
  from space 4096K, 99% used [0x00000000ec700000,0x00000000ecafd348,0x00000000ecb00000)
  to   space 4096K, 0% used [0x00000000ec300000,0x00000000ec300000,0x00000000ec700000)
 ParOldGen       total 65536K, used 4372K [0x00000000c0000000, 0x00000000c4000000, 0x00000000eab00000)
  object space 65536K, 6% used [0x00000000c0000000,0x00000000c04450c8,0x00000000c4000000)
 Metaspace       used 6250K, capacity 7088K, committed 7296K, reserved 1056768K
  class space    used 589K, capacity 616K, committed 640K, reserved 1048576K
Event: 5.726 GC heap after
Heap after GC invocations=3 (full 0):
 PSYoungGen      total 28672K, used 4081K [0x00000000eab00000, 0x00000000ee300000, 0x0000000100000000)
  eden space 24576K, 0% used [0x00000000eab00000,0x00000000eab00000,0x00000000ec300000)
  from space 4096K, 99% used [0x00000000ec300000,0x00000000ec6fc5b0,0x00000000ec700000)
  to   space 4096K, 0% used [0x00000000edf00000,0x00000000edf00000,0x00000000ee300000)
 ParOldGen       total 65536K, used 7944K [0x00000000c0000000, 0x00000000c4000000, 0x00000000eab00000)
  object space 65536K, 12% used [0x00000000c0000000,0x00000000c07c22c8,0x00000000c4000000)
 Metaspace       used 6250K, capacity 7088K, committed 7296K, reserved 1056768K
  class space    used 589K, capacity 616K, committed 640K, reserved 1048576K
}
Event: 5.948 GC heap before
{Heap before GC invocations=4 (full 0):
 PSYoungGen      total 28672K, used 28657K [0x00000000eab00000, 0x00000000ee300000, 0x0000000100000000)
  eden space 24576K, 100% used [0x00000000eab00000,0x00000000ec300000,0x00000000ec300000)
  from space 4096K, 99% used [0x00000000ec300000,0x00000000ec6fc5b0,0x00000000ec700000)
  to   space 4096K, 0% used [0x00000000edf00000,0x00000000edf00000,0x00000000ee300000)
 ParOldGen       total 65536K, used 7944K [0x00000000c0000000, 0x00000000c4000000, 0x00000000eab00000)
  object space 65536K, 12% used [0x00000000c0000000,0x00000000c07c22c8,0x00000000c4000000)
 Metaspace       used 6372K, capacity 7128K, committed 7424K, reserved 1056768K
  class space    used 608K, capacity 656K, committed 768K, reserved 1048576K
Event: 6.006 GC heap after
Heap after GC invocations=4 (full 0):
 PSYoungGen      total 53248K, used 4081K [0x00000000eab00000, 0x00000000ee300000, 0x0000000100000000)
  eden space 49152K, 0% used [0x00000000eab00000,0x00000000eab00000,0x00000000edb00000)
  from space 4096K, 99% used [0x00000000edf00000,0x00000000ee2fc598,0x00000000ee300000)
  to   space 4096K, 0% used [0x00000000edb00000,0x00000000edb00000,0x00000000edf00000)
 ParOldGen       total 65536K, used 12292K [0x00000000c0000000, 0x00000000c4000000, 0x00000000eab00000)
  object space 65536K, 18% used [0x00000000c0000000,0x00000000c0c011d8,0x00000000c4000000)
 Metaspace       used 6372K, capacity 7128K, committed 7424K, reserved 1056768K
  class space    used 608K, capacity 656K, committed 768K, reserved 1048576K
}
Event: 9.205 GC heap before
{Heap before GC invocations=5 (full 0):
 PSYoungGen      total 53248K, used 53233K [0x00000000eab00000, 0x00000000ee300000, 0x0000000100000000)
  eden space 49152K, 100% used [0x00000000eab00000,0x00000000edb00000,0x00000000edb00000)
  from space 4096K, 99% used [0x00000000edf00000,0x00000000ee2fc598,0x00000000ee300000)
  to   space 4096K, 0% used [0x00000000edb00000,0x00000000edb00000,0x00000000edf00000)
 ParOldGen       total 65536K, used 12292K [0x00000000c0000000, 0x00000000c4000000, 0x00000000eab00000)
  object space 65536K, 18% used [0x00000000c0000000,0x00000000c0c011d8,0x00000000c4000000)
 Metaspace       used 6426K, capacity 7128K, committed 7424K, reserved 1056768K
  class space    used 608K, capacity 656K, committed 768K, reserved 1048576K
Event: 9.561 GC heap after
Heap after GC invocations=5 (full 0):
 PSYoungGen      total 53248K, used 4067K [0x00000000eab00000, 0x00000000ee300000, 0x0000000100000000)
  eden space 49152K, 0% used [0x00000000eab00000,0x00000000eab00000,0x00000000edb00000)
  from space 4096K, 99% used [0x00000000edb00000,0x00000000edef8f00,0x00000000edf00000)
  to   space 4096K, 0% used [0x00000000edf00000,0x00000000edf00000,0x00000000ee300000)
 ParOldGen       total 65536K, used 20231K [0x00000000c0000000, 0x00000000c4000000, 0x00000000eab00000)
  object space 65536K, 30% used [0x00000000c0000000,0x00000000c13c1d38,0x00000000c4000000)
 Metaspace       used 6426K, capacity 7128K, committed 7424K, reserved 1056768K
  class space    used 608K, capacity 656K, committed 768K, reserved 1048576K
}

Deoptimization events (10 events):
Event: 11.191 Thread 0x00000000048ce000 Uncommon trap: reason=class_check action=maybe_recompile pc=0x0000000004e25b74 method=java.util.Arrays.equals([Ljava/lang/Object;[Ljava/lang/Object;)Z @ 62
Event: 11.191 Thread 0x00000000048ce000 Uncommon trap: reason=speculate_class_check action=maybe_recompile pc=0x0000000004e3dbcc method=com.android.dx.util.FixedSizeList.equals(Ljava/lang/Object;)Z @ 25
Event: 11.191 Thread 0x00000000048ce000 Uncommon trap: reason=class_check action=maybe_recompile pc=0x0000000004e25b74 method=java.util.Arrays.equals([Ljava/lang/Object;[Ljava/lang/Object;)Z @ 62
Event: 11.191 Thread 0x00000000048ce000 Uncommon trap: reason=speculate_class_check action=maybe_recompile pc=0x0000000004e3dbcc method=com.android.dx.util.FixedSizeList.equals(Ljava/lang/Object;)Z @ 25
Event: 11.191 Thread 0x00000000048ce000 Uncommon trap: reason=class_check action=maybe_recompile pc=0x0000000004e25b74 method=java.util.Arrays.equals([Ljava/lang/Object;[Ljava/lang/Object;)Z @ 62
Event: 11.212 Thread 0x00000000048ce000 Uncommon trap: reason=unstable_if action=reinterpret pc=0x00000000053bc71c method=java.util.TreeMap.put(Ljava/lang/Object;Ljava/lang/Object;)Ljava/lang/Object; @ 163
Event: 11.556 Thread 0x00000000048ce000 Uncommon trap: reason=unstable_if action=reinterpret pc=0x00000000054b93e4 method=com.android.dx.dex.code.StdCatchBuilder.handlersFor(Lcom/android/dx/rop/code/BasicBlock;Lcom/android/dx/dex/code/BlockAddresses;)Lcom/android/dx/dex/code/CatchHandlerList; @
Event: 11.645 Thread 0x00000000048ce000 Uncommon trap: reason=unstable_if action=reinterpret pc=0x0000000005494fec method=java.util.ArrayList.<init>(I)V @ 5
Event: 11.814 Thread 0x00000000048ce000 Uncommon trap: reason=unstable_if action=reinterpret pc=0x00000000054ff0dc method=com.android.dx.util.ByteArrayAnnotatedOutput.ensureCapacity(I)V @ 6
Event: 11.821 Thread 0x00000000048ce000 Uncommon trap: reason=unstable_if action=reinterpret pc=0x000000000550c3c4 method=com.android.dx.util.ByteArrayAnnotatedOutput.writeByte(I)V @ 13

Classes redefined (0 events):
No events

Internal exceptions (5 events):
Event: 0.072 Thread 0x00000000048ce000 Exception <a 'java/lang/NoSuchMethodError': Method sun.misc.Unsafe.defineClass(Ljava/lang/String;[BII)Ljava/lang/Class; name or signature does not match> (0x00000000eab07ca8) thrown at [D:\src\AOSP-openjdk-cygwin\jdk8u\hotspot\src\share\vm\prims\jni.cpp, 
Event: 0.072 Thread 0x00000000048ce000 Exception <a 'java/lang/NoSuchMethodError': Method sun.misc.Unsafe.prefetchRead(Ljava/lang/Object;J)V name or signature does not match> (0x00000000eab07f90) thrown at [D:\src\AOSP-openjdk-cygwin\jdk8u\hotspot\src\share\vm\prims\jni.cpp, line 4011]
Event: 5.824 Thread 0x0000000018d9d800 Exception <a 'java/lang/ArrayIndexOutOfBoundsException': 18> (0x00000000eb2d60f8) thrown at [D:\src\AOSP-openjdk-cygwin\jdk8u\hotspot\src\share\vm\interpreter\interpreterRuntime.cpp, line 366]
Event: 5.825 Thread 0x0000000018d9d800 Exception <a 'java/lang/ArrayIndexOutOfBoundsException'> (0x00000000eb2d7c78) thrown at [D:\src\AOSP-openjdk-cygwin\jdk8u\hotspot\src\share\vm\runtime\sharedRuntime.cpp, line 605]
Event: 5.826 Thread 0x0000000018d9d800 Exception <a 'java/lang/ArrayIndexOutOfBoundsException'> (0x00000000eb2d8f60) thrown at [D:\src\AOSP-openjdk-cygwin\jdk8u\hotspot\src\share\vm\runtime\sharedRuntime.cpp, line 605]

Events (10 events):
Event: 11.814 Thread 0x00000000048ce000 DEOPT UNPACKING pc=0x0000000004b1556a sp=0x00000000049ce978 mode 2
Event: 11.814 loading class com/android/dx/dex/file/MapItem
Event: 11.814 loading class com/android/dx/dex/file/MapItem done
Event: 11.815 loading class com/android/dx/dex/file/UniformListItem
Event: 11.815 loading class com/android/dx/dex/file/UniformListItem done
Event: 11.820 loading class com/android/dex/DexFormat
Event: 11.820 loading class com/android/dex/DexFormat done
Event: 11.821 Thread 0x00000000048ce000 Uncommon trap: trap_request=0xffffff65 fr.pc=0x000000000550c3c4
Event: 11.821 Thread 0x00000000048ce000 DEOPT PACKING pc=0x000000000550c3c4 sp=0x00000000049cec30
Event: 11.821 Thread 0x00000000048ce000 DEOPT UNPACKING pc=0x0000000004b1556a sp=0x00000000049cebe8 mode 2


Dynamic libraries:
0x00007ff67a310000 - 0x00007ff67a341000 	C:\Program Files\Android\Android Studio\jre\bin\java.exe
0x00007ff8c3950000 - 0x00007ff8c3b30000 	C:\WINDOWS\SYSTEM32\ntdll.dll
0x00007ff8c3870000 - 0x00007ff8c391e000 	C:\WINDOWS\System32\KERNEL32.DLL
0x00007ff8c0240000 - 0x00007ff8c04a6000 	C:\WINDOWS\System32\KERNELBASE.dll
0x00007ff8c13d0000 - 0x00007ff8c1471000 	C:\WINDOWS\System32\ADVAPI32.dll
0x00007ff8c0fe0000 - 0x00007ff8c107d000 	C:\WINDOWS\System32\msvcrt.dll
0x00007ff8c1480000 - 0x00007ff8c14db000 	C:\WINDOWS\System32\sechost.dll
0x00007ff8c30e0000 - 0x00007ff8c31ff000 	C:\WINDOWS\System32\RPCRT4.dll
0x00007ff8c16a0000 - 0x00007ff8c182f000 	C:\WINDOWS\System32\USER32.dll
0x00007ff8c0e00000 - 0x00007ff8c0e20000 	C:\WINDOWS\System32\win32u.dll
0x00007ff8c1650000 - 0x00007ff8c1678000 	C:\WINDOWS\System32\GDI32.dll
0x00007ff8c04b0000 - 0x00007ff8c0644000 	C:\WINDOWS\System32\gdi32full.dll
0x00007ff8bffd0000 - 0x00007ff8c006b000 	C:\WINDOWS\System32\msvcp_win.dll
0x00007ff8c0070000 - 0x00007ff8c0166000 	C:\WINDOWS\System32\ucrtbase.dll
0x00007ff8b7e10000 - 0x00007ff8b8079000 	C:\WINDOWS\WinSxS\amd64_microsoft.windows.common-controls_6595b64144ccf1df_6.0.16299.64_none_cc9304e22215ca8f\COMCTL32.dll
0x00007ff8c1830000 - 0x00007ff8c1b38000 	C:\WINDOWS\System32\combase.dll
0x00007ff8c01c0000 - 0x00007ff8c0232000 	C:\WINDOWS\System32\bcryptPrimitives.dll
0x00007ff8c1b40000 - 0x00007ff8c1b6d000 	C:\WINDOWS\System32\IMM32.DLL
0x00000000544b0000 - 0x0000000054582000 	C:\Program Files\Android\Android Studio\jre\jre\bin\msvcr100.dll
0x0000000053a50000 - 0x000000005428e000 	C:\Program Files\Android\Android Studio\jre\jre\bin\server\jvm.dll
0x00007ff8c1bd0000 - 0x00007ff8c1bd8000 	C:\WINDOWS\System32\PSAPI.DLL
0x00007ff8baa50000 - 0x00007ff8baa59000 	C:\WINDOWS\SYSTEM32\WSOCK32.dll
0x00007ff8c37a0000 - 0x00007ff8c380c000 	C:\WINDOWS\System32\WS2_32.dll
0x00007ff8bc720000 - 0x00007ff8bc743000 	C:\WINDOWS\SYSTEM32\WINMM.dll
0x00007ff8bbcb0000 - 0x00007ff8bbcba000 	C:\WINDOWS\SYSTEM32\VERSION.dll
0x00007ff8bc6c0000 - 0x00007ff8bc6ea000 	C:\WINDOWS\SYSTEM32\WINMMBASE.dll
0x00007ff8c0170000 - 0x00007ff8c01ba000 	C:\WINDOWS\System32\cfgmgr32.dll
0x00007ff8baa40000 - 0x00007ff8baa4f000 	C:\Program Files\Android\Android Studio\jre\jre\bin\verify.dll
0x00007ff8b3690000 - 0x00007ff8b36b9000 	C:\Program Files\Android\Android Studio\jre\jre\bin\java.dll
0x00007ff8b35d0000 - 0x00007ff8b35e6000 	C:\Program Files\Android\Android Studio\jre\jre\bin\zip.dll
0x00007ff8c1bf0000 - 0x00007ff8c3027000 	C:\WINDOWS\System32\SHELL32.dll
0x00007ff8c0f30000 - 0x00007ff8c0fd6000 	C:\WINDOWS\System32\shcore.dll
0x00007ff8c06b0000 - 0x00007ff8c0df7000 	C:\WINDOWS\System32\windows.storage.dll
0x00007ff8c3810000 - 0x00007ff8c3861000 	C:\WINDOWS\System32\shlwapi.dll
0x00007ff8bfce0000 - 0x00007ff8bfcf1000 	C:\WINDOWS\System32\kernel.appcore.dll
0x00007ff8bfd00000 - 0x00007ff8bfd4c000 	C:\WINDOWS\System32\powrprof.dll
0x00007ff8bfcc0000 - 0x00007ff8bfcdb000 	C:\WINDOWS\System32\profapi.dll

VM Arguments:
jvm_args: -Djava.awt.headless=true -Xmx1024M -Dfile.encoding=windows-1252 -Duser.country=US -Duser.language=en -Duser.variant 
java_command: com.android.dx.command.Main --dex --num-threads=4 --output E:\myrepo\concert-pharmaceuticals\app\build\intermediates\pre-dexed\debug\concert-pharmaceuticals-ScanditBarcodeScanner-unspecified_5238bc9cb3b1a1de36f9f98d8541a1de43f451b0.jar E:\myrepo\concert-pharmaceuticals\app\build\intermediates\exploded-aar\concert-pharmaceuticals\ScanditBarcodeScanner\unspecified\jars\classes.jar
java_class_path (initial): C:\Users\TK_DTP_0068\AppData\Local\Android\Sdk\build-tools\25.0.0\lib\dx.jar
Launcher Type: SUN_STANDARD

Environment Variables:
PATH=C:\ProgramData\Oracle\Java\javapath;C:\WINDOWS\system32;C:\WINDOWS;C:\WINDOWS\System32\Wbem;C:\WINDOWS\System32\WindowsPowerShell\v1.0\;C:\Program Files (x86)\Skype\Phone\;C:\Users\TK_DTP_0068\.dnx\bin;C:\Program Files\Microsoft DNX\Dnvm\;C:\Program Files\Microsoft SQL Server\120\Tools\Binn\;C:\Program Files\Git\cmd;C:\Program Files\Java\jdk1.8.0_151\bin;
USERNAME=TK_DTP_0114
OS=Windows_NT
PROCESSOR_IDENTIFIER=Intel64 Family 6 Model 23 Stepping 10, GenuineIntel



---------------  S Y S T E M  ---------------

OS: Windows 10.0 , 64 bit Build 16299 (10.0.16299.15)

CPU:total 4 (initial active 4) (4 cores per cpu, 1 threads per core) family 6 model 23 stepping 10, cmov, cx8, fxsr, mmx, sse, sse2, sse3, ssse3, sse4.1, tsc

Memory: 4k page, physical 6223476k(577396k free), swap 19496196k(3380k free)

vm_info: OpenJDK 64-Bit Server VM (25.152-b01) for windows-amd64 JRE (1.8.0_152-release-915-b01), built by "builder" with MS VC++ 10.0 (VS2010)

time: Wed Dec 06 15:57:30 2017
elapsed time: 11 seconds (0d 0h 0m 11s)

