#
# There is insufficient memory for the Java Runtime Environment to continue.
# Native memory allocation (malloc) failed to allocate 1059056 bytes for Chunk::new
# Possible reasons:
#   The system is out of physical RAM or swap space
#   In 32 bit mode, the process size limit was hit
# Possible solutions:
#   Reduce memory load on the system
#   Increase physical memory or swap space
#   Check if swap backing store is full
#   Use 64 bit Java on a 64 bit OS
#   Decrease Java heap size (-Xmx/-Xms)
#   Decrease number of Java threads
#   Decrease Java thread stack sizes (-Xss)
#   Set larger code cache with -XX:ReservedCodeCacheSize=
# This output file may be truncated or incomplete.
#
#  Out of Memory Error (allocation.cpp:390), pid=6584, tid=0x0000000000001074
#
# JRE version: OpenJDK Runtime Environment (8.0_152-b01) (build 1.8.0_152-release-915-b01)
# Java VM: OpenJDK 64-Bit Server VM (25.152-b01 mixed mode windows-amd64 compressed oops)
# Failed to write core dump. Minidumps are not enabled by default on client versions of Windows
#

---------------  T H R E A D  ---------------

Current thread (0x0000000017727800):  JavaThread "C2 CompilerThread0" daemon [_thread_in_native, id=4212, stack(0x0000000018d90000,0x0000000018e90000)]

Stack: [0x0000000018d90000,0x0000000018e90000]
[error occurred during error reporting (printing stack bounds), id 0xc0000005]

Native frames: (J=compiled Java code, j=interpreted, Vv=VM code, C=native code)


Current CompileTask:
C2:   3757 1809       4       com.android.dx.ssa.SCCP::run (298 bytes)


---------------  P R O C E S S  ---------------

Java Threads: ( => current thread )
  0x000000001930f800 JavaThread "pool-1-thread-4" [_thread_blocked, id=6060, stack(0x0000000019a90000,0x0000000019b90000)]
  0x000000001930f000 JavaThread "pool-1-thread-3" [_thread_in_Java, id=5168, stack(0x0000000019990000,0x0000000019a90000)]
  0x000000001930e000 JavaThread "pool-1-thread-2" [_thread_in_Java, id=1104, stack(0x0000000019890000,0x0000000019990000)]
  0x000000001935b800 JavaThread "pool-2-thread-1" [_thread_blocked, id=2096, stack(0x0000000019790000,0x0000000019890000)]
  0x000000001935b000 JavaThread "pool-1-thread-1" [_thread_blocked, id=3356, stack(0x0000000019690000,0x0000000019790000)]
  0x000000001778e800 JavaThread "Service Thread" daemon [_thread_blocked, id=10560, stack(0x0000000019490000,0x0000000019590000)]
  0x000000001778c000 JavaThread "C1 CompilerThread2" daemon [_thread_blocked, id=2588, stack(0x0000000018f90000,0x0000000019090000)]
  0x0000000017789000 JavaThread "C2 CompilerThread1" daemon [_thread_in_native, id=10520, stack(0x0000000018e90000,0x0000000018f90000)]
=>0x0000000017727800 JavaThread "C2 CompilerThread0" daemon [_thread_in_native, id=4212, stack(0x0000000018d90000,0x0000000018e90000)]
  0x0000000017736000 JavaThread "Attach Listener" daemon [_thread_blocked, id=8376, stack(0x0000000018c90000,0x0000000018d90000)]
  0x0000000017735000 JavaThread "Signal Dispatcher" daemon [_thread_blocked, id=10088, stack(0x0000000018b90000,0x0000000018c90000)]
  0x0000000005057000 JavaThread "Finalizer" daemon [_thread_blocked, id=2468, stack(0x00000000189a0000,0x0000000018aa0000)]
  0x0000000005051800 JavaThread "Reference Handler" daemon [_thread_blocked, id=7364, stack(0x00000000188a0000,0x00000000189a0000)]
  0x000000000318d800 JavaThread "main" [_thread_blocked, id=2340, stack(0x0000000004e20000,0x0000000004f20000)]

Other Threads:
  0x00000000176f4000 VMThread [stack: 0x00000000187a0000,0x00000000188a0000] [id=2020]
  0x000000001909c000 WatcherThread [stack: 0x0000000019590000,0x0000000019690000] [id=7848]

VM state:not at safepoint (normal execution)

VM Mutex/Monitor currently owned by a thread: None

Heap:
 PSYoungGen      total 53248K, used 15961K [0x00000000eab00000, 0x00000000f1300000, 0x0000000100000000)
  eden space 49152K, 24% used [0x00000000eab00000,0x00000000eb69e630,0x00000000edb00000)
  from space 4096K, 99% used [0x00000000edb00000,0x00000000edef8018,0x00000000edf00000)
  to   space 4096K, 0% used [0x00000000f0f00000,0x00000000f0f00000,0x00000000f1300000)
 ParOldGen       total 65536K, used 10558K [0x00000000c0000000, 0x00000000c4000000, 0x00000000eab00000)
  object space 65536K, 16% used [0x00000000c0000000,0x00000000c0a4f900,0x00000000c4000000)
 Metaspace       used 6409K, capacity 7152K, committed 7296K, reserved 1056768K
  class space    used 591K, capacity 616K, committed 640K, reserved 1048576K

Card table byte_map: [0x0000000014420000,0x0000000014630000] byte_map_base: 0x0000000013e20000

Marking Bits: (ParMarkBitMap*) 0x0000000054213950
 Begin Bits: [0x0000000014b90000, 0x0000000015b90000)
 End Bits:   [0x0000000015b90000, 0x0000000016b90000)

Polling page: 0x0000000000dd0000

CodeCache: size=245760Kb used=7819Kb max_used=7819Kb free=237940Kb
 bounds [0x0000000005060000, 0x0000000005810000, 0x0000000014060000]
 total_blobs=2079 nmethods=1811 adapters=182
 compilation: enabled

Compilation events (10 events):
Event: 3.733 Thread 0x000000001778c000 1832   !   2       java.util.zip.Inflater::setInput (74 bytes)
Event: 3.733 Thread 0x000000001778c000 nmethod 1832 0x00000000058062d0 code [0x0000000005806460, 0x00000000058068d8]
Event: 3.736 Thread 0x000000001778c000 1833   !   2       java.util.concurrent.ArrayBlockingQueue::take (46 bytes)
Event: 3.737 Thread 0x000000001778c000 nmethod 1833 0x0000000005806b10 code [0x0000000005806ce0, 0x00000000058070f8]
Event: 3.740 Thread 0x000000001778c000 1834       2       java.util.concurrent.locks.ReentrantLock$NonfairSync::tryAcquire (6 bytes)
Event: 3.741 Thread 0x000000001778c000 nmethod 1834 0x0000000005807590 code [0x0000000005807700, 0x0000000005807868]
Event: 3.741 Thread 0x000000001778c000 1835       2       java.util.concurrent.locks.ReentrantLock$Sync::nonfairTryAcquire (67 bytes)
Event: 3.741 Thread 0x000000001778c000 nmethod 1835 0x0000000005807910 code [0x0000000005807a80, 0x0000000005807d08]
Event: 3.751 Thread 0x000000001778c000 1837       2       java.util.Date::normalize (110 bytes)
Event: 3.752 Thread 0x000000001778c000 nmethod 1837 0x0000000005807e10 code [0x0000000005808000, 0x0000000005808678]

GC Heap History (6 events):
Event: 0.857 GC heap before
{Heap before GC invocations=1 (full 0):
 PSYoungGen      total 28672K, used 24576K [0x00000000eab00000, 0x00000000ecb00000, 0x0000000100000000)
  eden space 24576K, 100% used [0x00000000eab00000,0x00000000ec300000,0x00000000ec300000)
  from space 4096K, 0% used [0x00000000ec700000,0x00000000ec700000,0x00000000ecb00000)
  to   space 4096K, 0% used [0x00000000ec300000,0x00000000ec300000,0x00000000ec700000)
 ParOldGen       total 65536K, used 0K [0x00000000c0000000, 0x00000000c4000000, 0x00000000eab00000)
  object space 65536K, 0% used [0x00000000c0000000,0x00000000c0000000,0x00000000c4000000)
 Metaspace       used 5849K, capacity 6768K, committed 7040K, reserved 1056768K
  class space    used 583K, capacity 616K, committed 640K, reserved 1048576K
Event: 0.868 GC heap after
Heap after GC invocations=1 (full 0):
 PSYoungGen      total 28672K, used 4065K [0x00000000eab00000, 0x00000000ee300000, 0x0000000100000000)
  eden space 24576K, 0% used [0x00000000eab00000,0x00000000eab00000,0x00000000ec300000)
  from space 4096K, 99% used [0x00000000ec300000,0x00000000ec6f8758,0x00000000ec700000)
  to   space 4096K, 0% used [0x00000000edf00000,0x00000000edf00000,0x00000000ee300000)
 ParOldGen       total 65536K, used 769K [0x00000000c0000000, 0x00000000c4000000, 0x00000000eab00000)
  object space 65536K, 1% used [0x00000000c0000000,0x00000000c00c0660,0x00000000c4000000)
 Metaspace       used 5849K, capacity 6768K, committed 7040K, reserved 1056768K
  class space    used 583K, capacity 616K, committed 640K, reserved 1048576K
}
Event: 1.456 GC heap before
{Heap before GC invocations=2 (full 0):
 PSYoungGen      total 28672K, used 28641K [0x00000000eab00000, 0x00000000ee300000, 0x0000000100000000)
  eden space 24576K, 100% used [0x00000000eab00000,0x00000000ec300000,0x00000000ec300000)
  from space 4096K, 99% used [0x00000000ec300000,0x00000000ec6f8758,0x00000000ec700000)
  to   space 4096K, 0% used [0x00000000edf00000,0x00000000edf00000,0x00000000ee300000)
 ParOldGen       total 65536K, used 769K [0x00000000c0000000, 0x00000000c4000000, 0x00000000eab00000)
  object space 65536K, 1% used [0x00000000c0000000,0x00000000c00c0660,0x00000000c4000000)
 Metaspace       used 6145K, capacity 7024K, committed 7296K, reserved 1056768K
  class space    used 589K, capacity 616K, committed 640K, reserved 1048576K
Event: 1.525 GC heap after
Heap after GC invocations=2 (full 0):
 PSYoungGen      total 53248K, used 4090K [0x00000000eab00000, 0x00000000ee300000, 0x0000000100000000)
  eden space 49152K, 0% used [0x00000000eab00000,0x00000000eab00000,0x00000000edb00000)
  from space 4096K, 99% used [0x00000000edf00000,0x00000000ee2feaa8,0x00000000ee300000)
  to   space 4096K, 0% used [0x00000000edb00000,0x00000000edb00000,0x00000000edf00000)
 ParOldGen       total 65536K, used 2969K [0x00000000c0000000, 0x00000000c4000000, 0x00000000eab00000)
  object space 65536K, 4% used [0x00000000c0000000,0x00000000c02e66e0,0x00000000c4000000)
 Metaspace       used 6145K, capacity 7024K, committed 7296K, reserved 1056768K
  class space    used 589K, capacity 616K, committed 640K, reserved 1048576K
}
Event: 3.563 GC heap before
{Heap before GC invocations=3 (full 0):
 PSYoungGen      total 53248K, used 53242K [0x00000000eab00000, 0x00000000ee300000, 0x0000000100000000)
  eden space 49152K, 100% used [0x00000000eab00000,0x00000000edb00000,0x00000000edb00000)
  from space 4096K, 99% used [0x00000000edf00000,0x00000000ee2feaa8,0x00000000ee300000)
  to   space 4096K, 0% used [0x00000000edb00000,0x00000000edb00000,0x00000000edf00000)
 ParOldGen       total 65536K, used 2969K [0x00000000c0000000, 0x00000000c4000000, 0x00000000eab00000)
  object space 65536K, 4% used [0x00000000c0000000,0x00000000c02e66e0,0x00000000c4000000)
 Metaspace       used 6396K, capacity 7152K, committed 7296K, reserved 1056768K
  class space    used 591K, capacity 616K, committed 640K, reserved 1048576K
Event: 3.596 GC heap after
Heap after GC invocations=3 (full 0):
 PSYoungGen      total 53248K, used 4064K [0x00000000eab00000, 0x00000000f1300000, 0x0000000100000000)
  eden space 49152K, 0% used [0x00000000eab00000,0x00000000eab00000,0x00000000edb00000)
  from space 4096K, 99% used [0x00000000edb00000,0x00000000edef8018,0x00000000edf00000)
  to   space 4096K, 0% used [0x00000000f0f00000,0x00000000f0f00000,0x00000000f1300000)
 ParOldGen       total 65536K, used 10558K [0x00000000c0000000, 0x00000000c4000000, 0x00000000eab00000)
  object space 65536K, 16% used [0x00000000c0000000,0x00000000c0a4f900,0x00000000c4000000)
 Metaspace       used 6396K, capacity 7152K, committed 7296K, reserved 1056768K
  class space    used 591K, capacity 616K, committed 640K, reserved 1048576K
}

Deoptimization events (10 events):
Event: 0.815 Thread 0x000000001930f000 Uncommon trap: reason=unstable_if action=reinterpret pc=0x00000000052df79c method=com.android.dx.rop.cst.Constant.compareTo(Lcom/android/dx/rop/cst/Constant;)I @ 12
Event: 1.545 Thread 0x000000001930e000 Uncommon trap: reason=unstable_if action=reinterpret pc=0x00000000055b8b8c method=com.android.dx.ssa.SCCP.simulateStmt(Lcom/android/dx/ssa/SsaInsn;)V @ 53
Event: 2.343 Thread 0x000000001930e000 Uncommon trap: reason=unstable_if action=reinterpret pc=0x00000000053e4b48 method=com.android.dx.rop.code.RegisterSpecSet.<init>(I)V @ 2
Event: 2.364 Thread 0x000000001930e000 Uncommon trap: reason=unstable_if action=reinterpret pc=0x000000000564f5fc method=com.android.dx.ssa.SCCP.simulateBranch(Lcom/android/dx/ssa/SsaInsn;)V @ 64
Event: 2.368 Thread 0x000000001930e000 Uncommon trap: reason=unloaded action=reinterpret pc=0x000000000561c510 method=com.android.dx.ssa.LiteralOpUpgrader$1.visitNonMoveInsn(Lcom/android/dx/ssa/NormalSsaInsn;)V @ 72
Event: 2.369 Thread 0x000000001930e000 Uncommon trap: reason=unstable_if action=reinterpret pc=0x000000000547905c method=com.android.dx.ssa.SsaMethod.updateOneDefinition(Lcom/android/dx/ssa/SsaInsn;Lcom/android/dx/rop/code/RegisterSpec;)V @ 4
Event: 3.752 Thread 0x000000001930e000 Uncommon trap: reason=bimorphic action=maybe_recompile pc=0x00000000056ebc20 method=com.android.dx.cf.code.BytecodeArray.parseInstruction(ILcom/android/dx/cf/code/BytecodeArray$Visitor;)I @ 1357
Event: 3.752 Thread 0x000000001930e000 Uncommon trap: reason=bimorphic action=maybe_recompile pc=0x00000000056ebc20 method=com.android.dx.cf.code.BytecodeArray.parseInstruction(ILcom/android/dx/cf/code/BytecodeArray$Visitor;)I @ 1357
Event: 3.752 Thread 0x000000001930e000 Uncommon trap: reason=bimorphic action=maybe_recompile pc=0x00000000056ebc20 method=com.android.dx.cf.code.BytecodeArray.parseInstruction(ILcom/android/dx/cf/code/BytecodeArray$Visitor;)I @ 1357
Event: 3.752 Thread 0x000000001930e000 Uncommon trap: reason=bimorphic action=maybe_recompile pc=0x00000000056ebc20 method=com.android.dx.cf.code.BytecodeArray.parseInstruction(ILcom/android/dx/cf/code/BytecodeArray$Visitor;)I @ 1357

Classes redefined (0 events):
No events

Internal exceptions (2 events):
Event: 0.053 Thread 0x000000000318d800 Exception <a 'java/lang/NoSuchMethodError': Method sun.misc.Unsafe.defineClass(Ljava/lang/String;[BII)Ljava/lang/Class; name or signature does not match> (0x00000000eab07ca8) thrown at [D:\src\AOSP-openjdk-cygwin\jdk8u\hotspot\src\share\vm\prims\jni.cpp, 
Event: 0.053 Thread 0x000000000318d800 Exception <a 'java/lang/NoSuchMethodError': Method sun.misc.Unsafe.prefetchRead(Ljava/lang/Object;J)V name or signature does not match> (0x00000000eab07f90) thrown at [D:\src\AOSP-openjdk-cygwin\jdk8u\hotspot\src\share\vm\prims\jni.cpp, line 4011]

Events (10 events):
Event: 3.752 Thread 0x000000001930e000 DEOPT UNPACKING pc=0x00000000050a556a sp=0x000000001998e7a0 mode 2
Event: 3.752 Thread 0x000000001930e000 Uncommon trap: trap_request=0xffffffc6 fr.pc=0x00000000056ebc20
Event: 3.752 Thread 0x000000001930e000 DEOPT PACKING pc=0x00000000056ebc20 sp=0x000000001998e7f0
Event: 3.752 Thread 0x000000001930e000 DEOPT UNPACKING pc=0x00000000050a556a sp=0x000000001998e7a0 mode 2
Event: 3.752 Thread 0x000000001930e000 Uncommon trap: trap_request=0xffffffc6 fr.pc=0x00000000056ebc20
Event: 3.752 Thread 0x000000001930e000 DEOPT PACKING pc=0x00000000056ebc20 sp=0x000000001998e650
Event: 3.752 Thread 0x000000001930e000 DEOPT UNPACKING pc=0x00000000050a556a sp=0x000000001998e600 mode 2
Event: 3.752 Thread 0x000000001930e000 Uncommon trap: trap_request=0xffffffc6 fr.pc=0x00000000056ebc20
Event: 3.752 Thread 0x000000001930e000 DEOPT PACKING pc=0x00000000056ebc20 sp=0x000000001998e650
Event: 3.752 Thread 0x000000001930e000 DEOPT UNPACKING pc=0x00000000050a556a sp=0x000000001998e600 mode 2


Dynamic libraries:
0x00007ff67a310000 - 0x00007ff67a341000 	C:\Program Files\Android\Android Studio\jre\bin\java.exe
0x00007ff8c3950000 - 0x00007ff8c3b30000 	C:\WINDOWS\SYSTEM32\ntdll.dll
0x00007ff8c3870000 - 0x00007ff8c391e000 	C:\WINDOWS\System32\KERNEL32.DLL
0x00007ff8c0240000 - 0x00007ff8c04a6000 	C:\WINDOWS\System32\KERNELBASE.dll
0x00007ff8c13d0000 - 0x00007ff8c1471000 	C:\WINDOWS\System32\ADVAPI32.dll
0x00007ff8c0fe0000 - 0x00007ff8c107d000 	C:\WINDOWS\System32\msvcrt.dll
0x00007ff8c1480000 - 0x00007ff8c14db000 	C:\WINDOWS\System32\sechost.dll
0x00007ff8c30e0000 - 0x00007ff8c31ff000 	C:\WINDOWS\System32\RPCRT4.dll
0x00007ff8c16a0000 - 0x00007ff8c182f000 	C:\WINDOWS\System32\USER32.dll
0x00007ff8c0e00000 - 0x00007ff8c0e20000 	C:\WINDOWS\System32\win32u.dll
0x00007ff8c1650000 - 0x00007ff8c1678000 	C:\WINDOWS\System32\GDI32.dll
0x00007ff8c04b0000 - 0x00007ff8c0644000 	C:\WINDOWS\System32\gdi32full.dll
0x00007ff8bffd0000 - 0x00007ff8c006b000 	C:\WINDOWS\System32\msvcp_win.dll
0x00007ff8c0070000 - 0x00007ff8c0166000 	C:\WINDOWS\System32\ucrtbase.dll
0x00007ff8b7e10000 - 0x00007ff8b8079000 	C:\WINDOWS\WinSxS\amd64_microsoft.windows.common-controls_6595b64144ccf1df_6.0.16299.64_none_cc9304e22215ca8f\COMCTL32.dll
0x00007ff8c1830000 - 0x00007ff8c1b38000 	C:\WINDOWS\System32\combase.dll
0x00007ff8c01c0000 - 0x00007ff8c0232000 	C:\WINDOWS\System32\bcryptPrimitives.dll
0x00007ff8c1b40000 - 0x00007ff8c1b6d000 	C:\WINDOWS\System32\IMM32.DLL
0x00000000544b0000 - 0x0000000054582000 	C:\Program Files\Android\Android Studio\jre\jre\bin\msvcr100.dll
0x0000000053a50000 - 0x000000005428e000 	C:\Program Files\Android\Android Studio\jre\jre\bin\server\jvm.dll
0x00007ff8c1bd0000 - 0x00007ff8c1bd8000 	C:\WINDOWS\System32\PSAPI.DLL
0x00007ff8baa50000 - 0x00007ff8baa59000 	C:\WINDOWS\SYSTEM32\WSOCK32.dll
0x00007ff8c37a0000 - 0x00007ff8c380c000 	C:\WINDOWS\System32\WS2_32.dll
0x00007ff8bc720000 - 0x00007ff8bc743000 	C:\WINDOWS\SYSTEM32\WINMM.dll
0x00007ff8bbcb0000 - 0x00007ff8bbcba000 	C:\WINDOWS\SYSTEM32\VERSION.dll
0x00007ff8bc6c0000 - 0x00007ff8bc6ea000 	C:\WINDOWS\SYSTEM32\WINMMBASE.dll
0x00007ff8c0170000 - 0x00007ff8c01ba000 	C:\WINDOWS\System32\cfgmgr32.dll
0x00007ff8baa40000 - 0x00007ff8baa4f000 	C:\Program Files\Android\Android Studio\jre\jre\bin\verify.dll
0x00007ff8b3690000 - 0x00007ff8b36b9000 	C:\Program Files\Android\Android Studio\jre\jre\bin\java.dll
0x00007ff8b35d0000 - 0x00007ff8b35e6000 	C:\Program Files\Android\Android Studio\jre\jre\bin\zip.dll
0x00007ff8c1bf0000 - 0x00007ff8c3027000 	C:\WINDOWS\System32\SHELL32.dll
0x00007ff8c0f30000 - 0x00007ff8c0fd6000 	C:\WINDOWS\System32\shcore.dll
0x00007ff8c06b0000 - 0x00007ff8c0df7000 	C:\WINDOWS\System32\windows.storage.dll
0x00007ff8c3810000 - 0x00007ff8c3861000 	C:\WINDOWS\System32\shlwapi.dll
0x00007ff8bfce0000 - 0x00007ff8bfcf1000 	C:\WINDOWS\System32\kernel.appcore.dll
0x00007ff8bfd00000 - 0x00007ff8bfd4c000 	C:\WINDOWS\System32\powrprof.dll
0x00007ff8bfcc0000 - 0x00007ff8bfcdb000 	C:\WINDOWS\System32\profapi.dll

VM Arguments:
jvm_args: -Djava.awt.headless=true -Xmx1024M -Dfile.encoding=windows-1252 -Duser.country=US -Duser.language=en -Duser.variant 
java_command: com.android.dx.command.Main --dex --num-threads=4 --output E:\myrepo\concert-pharmaceuticals\app\build\intermediates\pre-dexed\debug\internal_impl-23.1.1_b79135414e8ac54f6712cee7d25206c21345509c.jar E:\myrepo\concert-pharmaceuticals\app\build\intermediates\exploded-aar\com.android.support\support-v4\23.1.1\jars\libs\internal_impl-23.1.1.jar
java_class_path (initial): C:\Users\TK_DTP_0068\AppData\Local\Android\Sdk\build-tools\25.0.0\lib\dx.jar
Launcher Type: SUN_STANDARD

Environment Variables:
PATH=C:\ProgramData\Oracle\Java\javapath;C:\WINDOWS\system32;C:\WINDOWS;C:\WINDOWS\System32\Wbem;C:\WINDOWS\System32\WindowsPowerShell\v1.0\;C:\Program Files (x86)\Skype\Phone\;C:\Users\TK_DTP_0068\.dnx\bin;C:\Program Files\Microsoft DNX\Dnvm\;C:\Program Files\Microsoft SQL Server\120\Tools\Binn\;C:\Program Files\Git\cmd;C:\Program Files\Java\jdk1.8.0_151\bin;
USERNAME=TK_DTP_0114
OS=Windows_NT
PROCESSOR_IDENTIFIER=Intel64 Family 6 Model 23 Stepping 10, GenuineIntel



---------------  S Y S T E M  ---------------

OS: Windows 10.0 , 64 bit Build 16299 (10.0.16299.15)

CPU:total 4 (initial active 4) (4 cores per cpu, 1 threads per core) family 6 model 23 stepping 10, cmov, cx8, fxsr, mmx, sse, sse2, sse3, ssse3, sse4.1, tsc

Memory: 4k page, physical 6223476k(695576k free), swap 19496196k(3724k free)

vm_info: OpenJDK 64-Bit Server VM (25.152-b01) for windows-amd64 JRE (1.8.0_152-release-915-b01), built by "builder" with MS VC++ 10.0 (VS2010)

time: Wed Dec 06 15:57:34 2017
elapsed time: 3 seconds (0d 0h 0m 3s)

