#
# There is insufficient memory for the Java Runtime Environment to continue.
# Native memory allocation (malloc) failed to allocate 32744 bytes for ChunkPool::allocate
# Possible reasons:
#   The system is out of physical RAM or swap space
#   In 32 bit mode, the process size limit was hit
# Possible solutions:
#   Reduce memory load on the system
#   Increase physical memory or swap space
#   Check if swap backing store is full
#   Use 64 bit Java on a 64 bit OS
#   Decrease Java heap size (-Xmx/-Xms)
#   Decrease number of Java threads
#   Decrease Java thread stack sizes (-Xss)
#   Set larger code cache with -XX:ReservedCodeCacheSize=
# This output file may be truncated or incomplete.
#
#  Out of Memory Error (allocation.cpp:273), pid=7000, tid=0x00000000000015b0
#
# JRE version: OpenJDK Runtime Environment (8.0_152-b01) (build 1.8.0_152-release-915-b01)
# Java VM: OpenJDK 64-Bit Server VM (25.152-b01 mixed mode windows-amd64 compressed oops)
# Failed to write core dump. Minidumps are not enabled by default on client versions of Windows
#

---------------  T H R E A D  ---------------

Current thread (0x0000000016e97800):  JavaThread "C2 CompilerThread0" daemon [_thread_in_native, id=5552, stack(0x0000000018400000,0x0000000018500000)]

Stack: [0x0000000018400000,0x0000000018500000]
[error occurred during error reporting (printing stack bounds), id 0xc0000005]

Native frames: (J=compiled Java code, j=interpreted, Vv=VM code, C=native code)


Current CompileTask:
C2:   2559  555       4       java.util.HashMap::get (23 bytes)


---------------  P R O C E S S  ---------------

Java Threads: ( => current thread )
  0x0000000018971800 JavaThread "pool-1-thread-4" [_thread_in_Java, id=9392, stack(0x0000000019100000,0x0000000019200000)]
  0x0000000018970000 JavaThread "pool-1-thread-3" [_thread_blocked, id=10204, stack(0x0000000019000000,0x0000000019100000)]
  0x000000001896f800 JavaThread "pool-1-thread-2" [_thread_blocked, id=8376, stack(0x0000000018f00000,0x0000000019000000)]
  0x000000001896b000 JavaThread "pool-2-thread-1" [_thread_blocked, id=2096, stack(0x0000000018e00000,0x0000000018f00000)]
  0x000000001896a000 JavaThread "pool-1-thread-1" [_thread_in_vm, id=10048, stack(0x0000000018d00000,0x0000000018e00000)]
  0x000000001870d800 JavaThread "Service Thread" daemon [_thread_blocked, id=10672, stack(0x0000000018b00000,0x0000000018c00000)]
  0x0000000016efc000 JavaThread "C1 CompilerThread2" daemon [_thread_in_native, id=10172, stack(0x0000000018600000,0x0000000018700000)]
  0x0000000016ef9000 JavaThread "C2 CompilerThread1" daemon [_thread_in_native, id=3728, stack(0x0000000018500000,0x0000000018600000)]
=>0x0000000016e97800 JavaThread "C2 CompilerThread0" daemon [_thread_in_native, id=5552, stack(0x0000000018400000,0x0000000018500000)]
  0x0000000016ea6000 JavaThread "Attach Listener" daemon [_thread_blocked, id=10656, stack(0x0000000018300000,0x0000000018400000)]
  0x0000000016ea5000 JavaThread "Signal Dispatcher" daemon [_thread_blocked, id=9792, stack(0x0000000018200000,0x0000000018300000)]
  0x00000000047c7000 JavaThread "Finalizer" daemon [_thread_blocked, id=7264, stack(0x0000000018100000,0x0000000018200000)]
  0x00000000047c1800 JavaThread "Reference Handler" daemon [_thread_blocked, id=9676, stack(0x0000000018000000,0x0000000018100000)]
  0x00000000044cd800 JavaThread "main" [_thread_in_Java, id=10600, stack(0x00000000044d0000,0x00000000045d0000)]

Other Threads:
  0x0000000016e64000 VMThread [stack: 0x0000000017f00000,0x0000000018000000] [id=224]
  0x0000000018703000 WatcherThread [stack: 0x0000000018c00000,0x0000000018d00000] [id=3568]

VM state:not at safepoint (normal execution)

VM Mutex/Monitor currently owned by a thread: None

Heap:
 PSYoungGen      total 28672K, used 23417K [0x00000000eab00000, 0x00000000ecb00000, 0x0000000100000000)
  eden space 24576K, 95% used [0x00000000eab00000,0x00000000ec1de4d8,0x00000000ec300000)
  from space 4096K, 0% used [0x00000000ec700000,0x00000000ec700000,0x00000000ecb00000)
  to   space 4096K, 0% used [0x00000000ec300000,0x00000000ec300000,0x00000000ec700000)
 ParOldGen       total 65536K, used 0K [0x00000000c0000000, 0x00000000c4000000, 0x00000000eab00000)
  object space 65536K, 0% used [0x00000000c0000000,0x00000000c0000000,0x00000000c4000000)
 Metaspace       used 5568K, capacity 6512K, committed 6784K, reserved 1056768K
  class space    used 587K, capacity 616K, committed 640K, reserved 1048576K

Card table byte_map: [0x0000000013b90000,0x0000000013da0000] byte_map_base: 0x0000000013590000

Marking Bits: (ParMarkBitMap*) 0x0000000054213950
 Begin Bits: [0x0000000014300000, 0x0000000015300000)
 End Bits:   [0x0000000015300000, 0x0000000016300000)

Polling page: 0x0000000002900000

CodeCache: size=245760Kb used=2242Kb max_used=2254Kb free=243517Kb
 bounds [0x00000000047d0000, 0x0000000004a40000, 0x00000000137d0000]
 total_blobs=789 nmethods=522 adapters=182
 compilation: enabled

Compilation events (10 events):
Event: 2.547 Thread 0x0000000016efc000 nmethod 524 0x00000000049ffc50 code [0x00000000049ffe80, 0x0000000004a00ce8]
Event: 2.547 Thread 0x0000000016efc000  541   !   3       com.android.dx.util.IntList::set (53 bytes)
Event: 2.547 Thread 0x0000000016ef9000 nmethod 523 0x00000000049f7e50 code [0x00000000049f7f80, 0x00000000049f7ff8]
Event: 2.547 Thread 0x0000000016efc000 nmethod 541 0x00000000049ff1d0 code [0x00000000049ff380, 0x00000000049ff928]
Event: 2.547 Thread 0x0000000016efc000  513   !   3       com.android.dx.cf.code.BytecodeArray::parseInstruction (2764 bytes)
Event: 2.550 Thread 0x0000000016e97800 nmethod 540 0x00000000049fe990 code [0x00000000049feb00, 0x00000000049fee68]
Event: 2.552 Thread 0x0000000016e97800  553       4       java.util.BitSet::nextSetBit (102 bytes)
Event: 2.554 Thread 0x0000000016e97800 nmethod 553 0x0000000004a01910 code [0x0000000004a01a60, 0x0000000004a01b78]
Event: 2.554 Thread 0x0000000016ef9000  554       4       java.util.ArrayList::add (29 bytes)
Event: 2.554 Thread 0x0000000016e97800  555       4       java.util.HashMap::get (23 bytes)

GC Heap History (0 events):
No events

Deoptimization events (0 events):
No events

Classes redefined (0 events):
No events

Internal exceptions (2 events):
Event: 0.135 Thread 0x00000000044cd800 Exception <a 'java/lang/NoSuchMethodError': Method sun.misc.Unsafe.defineClass(Ljava/lang/String;[BII)Ljava/lang/Class; name or signature does not match> (0x00000000eab07ca8) thrown at [D:\src\AOSP-openjdk-cygwin\jdk8u\hotspot\src\share\vm\prims\jni.cpp, 
Event: 0.135 Thread 0x00000000044cd800 Exception <a 'java/lang/NoSuchMethodError': Method sun.misc.Unsafe.prefetchRead(Ljava/lang/Object;J)V name or signature does not match> (0x00000000eab07f90) thrown at [D:\src\AOSP-openjdk-cygwin\jdk8u\hotspot\src\share\vm\prims\jni.cpp, line 4011]

Events (10 events):
Event: 2.525 loading class java/util/TreeMap$EntryIterator
Event: 2.525 loading class java/util/TreeMap$EntryIterator done
Event: 2.526 loading class com/android/dx/ssa/back/FirstFitLocalCombiningAllocator$Multiset
Event: 2.526 loading class com/android/dx/ssa/back/FirstFitLocalCombiningAllocator$Multiset done
Event: 2.527 loading class com/android/dx/dex/file/ParameterAnnotationStruct
Event: 2.527 loading class com/android/dx/dex/file/ParameterAnnotationStruct done
Event: 2.528 loading class com/android/dx/dex/file/UniformListItem
Event: 2.528 loading class com/android/dx/dex/file/UniformListItem done
Event: 2.529 loading class com/android/dx/dex/file/AnnotationSetRefItem
Event: 2.529 loading class com/android/dx/dex/file/AnnotationSetRefItem done


Dynamic libraries:
0x00007ff67a310000 - 0x00007ff67a341000 	C:\Program Files\Android\Android Studio\jre\bin\java.exe
0x00007ff8c3950000 - 0x00007ff8c3b30000 	C:\WINDOWS\SYSTEM32\ntdll.dll
0x00007ff8c3870000 - 0x00007ff8c391e000 	C:\WINDOWS\System32\KERNEL32.DLL
0x00007ff8c0240000 - 0x00007ff8c04a6000 	C:\WINDOWS\System32\KERNELBASE.dll
0x00007ff8c13d0000 - 0x00007ff8c1471000 	C:\WINDOWS\System32\ADVAPI32.dll
0x00007ff8c0fe0000 - 0x00007ff8c107d000 	C:\WINDOWS\System32\msvcrt.dll
0x00007ff8c1480000 - 0x00007ff8c14db000 	C:\WINDOWS\System32\sechost.dll
0x00007ff8c30e0000 - 0x00007ff8c31ff000 	C:\WINDOWS\System32\RPCRT4.dll
0x00007ff8c16a0000 - 0x00007ff8c182f000 	C:\WINDOWS\System32\USER32.dll
0x00007ff8c0e00000 - 0x00007ff8c0e20000 	C:\WINDOWS\System32\win32u.dll
0x00007ff8c1650000 - 0x00007ff8c1678000 	C:\WINDOWS\System32\GDI32.dll
0x00007ff8c04b0000 - 0x00007ff8c0644000 	C:\WINDOWS\System32\gdi32full.dll
0x00007ff8bffd0000 - 0x00007ff8c006b000 	C:\WINDOWS\System32\msvcp_win.dll
0x00007ff8c0070000 - 0x00007ff8c0166000 	C:\WINDOWS\System32\ucrtbase.dll
0x00007ff8b7e10000 - 0x00007ff8b8079000 	C:\WINDOWS\WinSxS\amd64_microsoft.windows.common-controls_6595b64144ccf1df_6.0.16299.64_none_cc9304e22215ca8f\COMCTL32.dll
0x00007ff8c1830000 - 0x00007ff8c1b38000 	C:\WINDOWS\System32\combase.dll
0x00007ff8c01c0000 - 0x00007ff8c0232000 	C:\WINDOWS\System32\bcryptPrimitives.dll
0x00007ff8c1b40000 - 0x00007ff8c1b6d000 	C:\WINDOWS\System32\IMM32.DLL
0x00000000544b0000 - 0x0000000054582000 	C:\Program Files\Android\Android Studio\jre\jre\bin\msvcr100.dll
0x0000000053a50000 - 0x000000005428e000 	C:\Program Files\Android\Android Studio\jre\jre\bin\server\jvm.dll
0x00007ff8c1bd0000 - 0x00007ff8c1bd8000 	C:\WINDOWS\System32\PSAPI.DLL
0x00007ff8baa50000 - 0x00007ff8baa59000 	C:\WINDOWS\SYSTEM32\WSOCK32.dll
0x00007ff8c37a0000 - 0x00007ff8c380c000 	C:\WINDOWS\System32\WS2_32.dll
0x00007ff8bc720000 - 0x00007ff8bc743000 	C:\WINDOWS\SYSTEM32\WINMM.dll
0x00007ff8bbcb0000 - 0x00007ff8bbcba000 	C:\WINDOWS\SYSTEM32\VERSION.dll
0x00007ff8bc6c0000 - 0x00007ff8bc6ea000 	C:\WINDOWS\SYSTEM32\WINMMBASE.dll
0x00007ff8c0170000 - 0x00007ff8c01ba000 	C:\WINDOWS\System32\cfgmgr32.dll
0x00007ff8baa40000 - 0x00007ff8baa4f000 	C:\Program Files\Android\Android Studio\jre\jre\bin\verify.dll
0x00007ff8b3690000 - 0x00007ff8b36b9000 	C:\Program Files\Android\Android Studio\jre\jre\bin\java.dll
0x00007ff8b35d0000 - 0x00007ff8b35e6000 	C:\Program Files\Android\Android Studio\jre\jre\bin\zip.dll
0x00007ff8c1bf0000 - 0x00007ff8c3027000 	C:\WINDOWS\System32\SHELL32.dll
0x00007ff8c0f30000 - 0x00007ff8c0fd6000 	C:\WINDOWS\System32\shcore.dll
0x00007ff8c06b0000 - 0x00007ff8c0df7000 	C:\WINDOWS\System32\windows.storage.dll
0x00007ff8c3810000 - 0x00007ff8c3861000 	C:\WINDOWS\System32\shlwapi.dll
0x00007ff8bfce0000 - 0x00007ff8bfcf1000 	C:\WINDOWS\System32\kernel.appcore.dll
0x00007ff8bfd00000 - 0x00007ff8bfd4c000 	C:\WINDOWS\System32\powrprof.dll
0x00007ff8bfcc0000 - 0x00007ff8bfcdb000 	C:\WINDOWS\System32\profapi.dll

VM Arguments:
jvm_args: -Djava.awt.headless=true -Xmx1024M -Dfile.encoding=windows-1252 -Duser.country=US -Duser.language=en -Duser.variant 
java_command: com.android.dx.command.Main --dex --num-threads=4 --output E:\myrepo\concert-pharmaceuticals\app\build\intermediates\pre-dexed\debug\com.android.support-support-v4-23.1.1_043b9390ec841618c8ebd9971b38b0953f27b89d.jar E:\myrepo\concert-pharmaceuticals\app\build\intermediates\exploded-aar\com.android.support\support-v4\23.1.1\jars\classes.jar
java_class_path (initial): C:\Users\TK_DTP_0068\AppData\Local\Android\Sdk\build-tools\25.0.0\lib\dx.jar
Launcher Type: SUN_STANDARD

Environment Variables:
PATH=C:\ProgramData\Oracle\Java\javapath;C:\WINDOWS\system32;C:\WINDOWS;C:\WINDOWS\System32\Wbem;C:\WINDOWS\System32\WindowsPowerShell\v1.0\;C:\Program Files (x86)\Skype\Phone\;C:\Users\TK_DTP_0068\.dnx\bin;C:\Program Files\Microsoft DNX\Dnvm\;C:\Program Files\Microsoft SQL Server\120\Tools\Binn\;C:\Program Files\Git\cmd;C:\Program Files\Java\jdk1.8.0_151\bin;
USERNAME=TK_DTP_0114
OS=Windows_NT
PROCESSOR_IDENTIFIER=Intel64 Family 6 Model 23 Stepping 10, GenuineIntel



---------------  S Y S T E M  ---------------

OS: Windows 10.0 , 64 bit Build 16299 (10.0.16299.15)

CPU:total 4 (initial active 4) (4 cores per cpu, 1 threads per core) family 6 model 23 stepping 10, cmov, cx8, fxsr, mmx, sse, sse2, sse3, ssse3, sse4.1, tsc

Memory: 4k page, physical 6223476k(458548k free), swap 19496196k(1708k free)

vm_info: OpenJDK 64-Bit Server VM (25.152-b01) for windows-amd64 JRE (1.8.0_152-release-915-b01), built by "builder" with MS VC++ 10.0 (VS2010)

time: Wed Dec 06 16:19:11 2017
elapsed time: 2 seconds (0d 0h 0m 2s)

