#
# There is insufficient memory for the Java Runtime Environment to continue.
# Native memory allocation (malloc) failed to allocate 845216 bytes for Chunk::new
# Possible reasons:
#   The system is out of physical RAM or swap space
#   In 32 bit mode, the process size limit was hit
# Possible solutions:
#   Reduce memory load on the system
#   Increase physical memory or swap space
#   Check if swap backing store is full
#   Use 64 bit Java on a 64 bit OS
#   Decrease Java heap size (-Xmx/-Xms)
#   Decrease number of Java threads
#   Decrease Java thread stack sizes (-Xss)
#   Set larger code cache with -XX:ReservedCodeCacheSize=
# This output file may be truncated or incomplete.
#
#  Out of Memory Error (allocation.cpp:390), pid=3464, tid=0x0000000000002a94
#
# JRE version: OpenJDK Runtime Environment (8.0_152-b01) (build 1.8.0_152-release-915-b01)
# Java VM: OpenJDK 64-Bit Server VM (25.152-b01 mixed mode windows-amd64 compressed oops)
# Failed to write core dump. Minidumps are not enabled by default on client versions of Windows
#

---------------  T H R E A D  ---------------

Current thread (0x0000000017607800):  JavaThread "C2 CompilerThread0" daemon [_thread_in_native, id=10900, stack(0x0000000018c50000,0x0000000018d50000)]

Stack: [0x0000000018c50000,0x0000000018d50000]
[error occurred during error reporting (printing stack bounds), id 0xc0000005]

Native frames: (J=compiled Java code, j=interpreted, Vv=VM code, C=native code)


Current CompileTask:
C2:   5885 1934   !   4       com.android.dx.cf.cst.ConstantPoolParser::parse0 (731 bytes)


---------------  P R O C E S S  ---------------

Java Threads: ( => current thread )
  0x000000001925c800 JavaThread "pool-1-thread-1" [_thread_new, id=10760, stack(0x0000000000000000,0x0000000000000000)]
  0x000000001766d000 JavaThread "Service Thread" daemon [_thread_blocked, id=7432, stack(0x0000000019350000,0x0000000019450000)]
  0x0000000017668800 JavaThread "C1 CompilerThread2" daemon [_thread_blocked, id=1052, stack(0x0000000018e50000,0x0000000018f50000)]
  0x0000000017665800 JavaThread "C2 CompilerThread1" daemon [_thread_in_native, id=4212, stack(0x0000000018d50000,0x0000000018e50000)]
=>0x0000000017607800 JavaThread "C2 CompilerThread0" daemon [_thread_in_native, id=10900, stack(0x0000000018c50000,0x0000000018d50000)]
  0x0000000017616000 JavaThread "Attach Listener" daemon [_thread_blocked, id=5892, stack(0x0000000018b50000,0x0000000018c50000)]
  0x0000000017615000 JavaThread "Signal Dispatcher" daemon [_thread_blocked, id=5264, stack(0x0000000018a50000,0x0000000018b50000)]
  0x0000000004f37000 JavaThread "Finalizer" daemon [_thread_blocked, id=11132, stack(0x0000000018860000,0x0000000018960000)]
  0x0000000004f31800 JavaThread "Reference Handler" daemon [_thread_blocked, id=4068, stack(0x0000000018760000,0x0000000018860000)]
  0x000000000345d800 JavaThread "main" [_thread_blocked, id=5376, stack(0x0000000004c40000,0x0000000004d40000)]

Other Threads:
  0x00000000175d4000 VMThread [stack: 0x0000000018660000,0x0000000018760000] [id=11236]
  0x0000000018f50800 WatcherThread [stack: 0x0000000019450000,0x0000000019550000] [id=4168]

VM state:not at safepoint (normal execution)

VM Mutex/Monitor currently owned by a thread: None

Heap:
 PSYoungGen      total 216064K, used 186575K [0x00000000eab00000, 0x00000000f9b00000, 0x0000000100000000)
  eden space 194048K, 86% used [0x00000000eab00000,0x00000000f4ec95d0,0x00000000f6880000)
  from space 22016K, 85% used [0x00000000f8080000,0x00000000f92ea750,0x00000000f9600000)
  to   space 24576K, 0% used [0x00000000f6880000,0x00000000f6880000,0x00000000f8080000)
 ParOldGen       total 65536K, used 33576K [0x00000000c0000000, 0x00000000c4000000, 0x00000000eab00000)
  object space 65536K, 51% used [0x00000000c0000000,0x00000000c20ca3d8,0x00000000c4000000)
 Metaspace       used 6595K, capacity 7256K, committed 7424K, reserved 1056768K
  class space    used 614K, capacity 656K, committed 768K, reserved 1048576K

Card table byte_map: [0x0000000014300000,0x0000000014510000] byte_map_base: 0x0000000013d00000

Marking Bits: (ParMarkBitMap*) 0x0000000054213950
 Begin Bits: [0x0000000014a70000, 0x0000000015a70000)
 End Bits:   [0x0000000015a70000, 0x0000000016a70000)

Polling page: 0x0000000003080000

CodeCache: size=245760Kb used=9507Kb max_used=9507Kb free=236252Kb
 bounds [0x0000000004f40000, 0x0000000005890000, 0x0000000013f40000]
 total_blobs=2368 nmethods=2100 adapters=182
 compilation: enabled

Compilation events (10 events):
Event: 5.794 Thread 0x0000000017607800 nmethod 1874 0x00000000055cbf90 code [0x00000000055cc0c0, 0x00000000055cc178]
Event: 5.794 Thread 0x0000000017607800 1934   !   4       com.android.dx.cf.cst.ConstantPoolParser::parse0 (731 bytes)
Event: 5.804 Thread 0x0000000017668800 2160       2       com.android.dx.dex.code.TargetInsn::<init> (29 bytes)
Event: 5.805 Thread 0x0000000017668800 nmethod 2160 0x000000000587c510 code [0x000000000587c680, 0x000000000587c8d8]
Event: 5.806 Thread 0x0000000017668800 2163   !   2       com.android.dx.cf.code.ExecutionStack::change (116 bytes)
Event: 5.807 Thread 0x0000000017668800 nmethod 2163 0x000000000587d410 code [0x000000000587d6a0, 0x000000000587e138]
Event: 5.808 Thread 0x0000000017668800 2165       2       com.android.dx.ssa.SsaConverter::edgeSplitMoveExceptionsAndResults (157 bytes)
Event: 5.809 Thread 0x0000000017668800 nmethod 2165 0x000000000588e3d0 code [0x000000000588e660, 0x000000000588ef88]
Event: 5.819 Thread 0x0000000017668800 2169       2       java.util.concurrent.FutureTask::get (23 bytes)
Event: 5.820 Thread 0x0000000017668800 nmethod 2169 0x000000000587c110 code [0x000000000587c280, 0x000000000587c438]

GC Heap History (10 events):
Event: 2.091 GC heap before
{Heap before GC invocations=2 (full 0):
 PSYoungGen      total 28672K, used 28272K [0x00000000eab00000, 0x00000000ee300000, 0x0000000100000000)
  eden space 24576K, 100% used [0x00000000eab00000,0x00000000ec300000,0x00000000ec300000)
  from space 4096K, 90% used [0x00000000ec300000,0x00000000ec69c378,0x00000000ec700000)
  to   space 4096K, 0% used [0x00000000edf00000,0x00000000edf00000,0x00000000ee300000)
 ParOldGen       total 65536K, used 8K [0x00000000c0000000, 0x00000000c4000000, 0x00000000eab00000)
  object space 65536K, 0% used [0x00000000c0000000,0x00000000c0002000,0x00000000c4000000)
 Metaspace       used 6102K, capacity 6960K, committed 7040K, reserved 1056768K
  class space    used 592K, capacity 616K, committed 640K, reserved 1048576K
Event: 2.108 GC heap after
Heap after GC invocations=2 (full 0):
 PSYoungGen      total 53248K, used 4093K [0x00000000eab00000, 0x00000000ee300000, 0x0000000100000000)
  eden space 49152K, 0% used [0x00000000eab00000,0x00000000eab00000,0x00000000edb00000)
  from space 4096K, 99% used [0x00000000edf00000,0x00000000ee2ff628,0x00000000ee300000)
  to   space 4096K, 0% used [0x00000000edb00000,0x00000000edb00000,0x00000000edf00000)
 ParOldGen       total 65536K, used 2356K [0x00000000c0000000, 0x00000000c4000000, 0x00000000eab00000)
  object space 65536K, 3% used [0x00000000c0000000,0x00000000c024d3e8,0x00000000c4000000)
 Metaspace       used 6102K, capacity 6960K, committed 7040K, reserved 1056768K
  class space    used 592K, capacity 616K, committed 640K, reserved 1048576K
}
Event: 2.799 GC heap before
{Heap before GC invocations=3 (full 0):
 PSYoungGen      total 53248K, used 53245K [0x00000000eab00000, 0x00000000ee300000, 0x0000000100000000)
  eden space 49152K, 100% used [0x00000000eab00000,0x00000000edb00000,0x00000000edb00000)
  from space 4096K, 99% used [0x00000000edf00000,0x00000000ee2ff628,0x00000000ee300000)
  to   space 4096K, 0% used [0x00000000edb00000,0x00000000edb00000,0x00000000edf00000)
 ParOldGen       total 65536K, used 2356K [0x00000000c0000000, 0x00000000c4000000, 0x00000000eab00000)
  object space 65536K, 3% used [0x00000000c0000000,0x00000000c024d3e8,0x00000000c4000000)
 Metaspace       used 6259K, capacity 7088K, committed 7296K, reserved 1056768K
  class space    used 593K, capacity 616K, committed 640K, reserved 1048576K
Event: 2.829 GC heap after
Heap after GC invocations=3 (full 0):
 PSYoungGen      total 53248K, used 4088K [0x00000000eab00000, 0x00000000f1300000, 0x0000000100000000)
  eden space 49152K, 0% used [0x00000000eab00000,0x00000000eab00000,0x00000000edb00000)
  from space 4096K, 99% used [0x00000000edb00000,0x00000000edefe170,0x00000000edf00000)
  to   space 4096K, 0% used [0x00000000f0f00000,0x00000000f0f00000,0x00000000f1300000)
 ParOldGen       total 65536K, used 10112K [0x00000000c0000000, 0x00000000c4000000, 0x00000000eab00000)
  object space 65536K, 15% used [0x00000000c0000000,0x00000000c09e01d8,0x00000000c4000000)
 Metaspace       used 6259K, capacity 7088K, committed 7296K, reserved 1056768K
  class space    used 593K, capacity 616K, committed 640K, reserved 1048576K
}
Event: 3.219 GC heap before
{Heap before GC invocations=4 (full 0):
 PSYoungGen      total 53248K, used 53240K [0x00000000eab00000, 0x00000000f1300000, 0x0000000100000000)
  eden space 49152K, 100% used [0x00000000eab00000,0x00000000edb00000,0x00000000edb00000)
  from space 4096K, 99% used [0x00000000edb00000,0x00000000edefe170,0x00000000edf00000)
  to   space 4096K, 0% used [0x00000000f0f00000,0x00000000f0f00000,0x00000000f1300000)
 ParOldGen       total 65536K, used 10112K [0x00000000c0000000, 0x00000000c4000000, 0x00000000eab00000)
  object space 65536K, 15% used [0x00000000c0000000,0x00000000c09e01d8,0x00000000c4000000)
 Metaspace       used 6315K, capacity 7088K, committed 7296K, reserved 1056768K
  class space    used 593K, capacity 616K, committed 640K, reserved 1048576K
Event: 3.250 GC heap after
Heap after GC invocations=4 (full 0):
 PSYoungGen      total 102400K, used 4091K [0x00000000eab00000, 0x00000000f1300000, 0x0000000100000000)
  eden space 98304K, 0% used [0x00000000eab00000,0x00000000eab00000,0x00000000f0b00000)
  from space 4096K, 99% used [0x00000000f0f00000,0x00000000f12fef58,0x00000000f1300000)
  to   space 4096K, 0% used [0x00000000f0b00000,0x00000000f0b00000,0x00000000f0f00000)
 ParOldGen       total 65536K, used 18119K [0x00000000c0000000, 0x00000000c4000000, 0x00000000eab00000)
  object space 65536K, 27% used [0x00000000c0000000,0x00000000c11b1d20,0x00000000c4000000)
 Metaspace       used 6315K, capacity 7088K, committed 7296K, reserved 1056768K
  class space    used 593K, capacity 616K, committed 640K, reserved 1048576K
}
Event: 3.981 GC heap before
{Heap before GC invocations=5 (full 0):
 PSYoungGen      total 102400K, used 102395K [0x00000000eab00000, 0x00000000f1300000, 0x0000000100000000)
  eden space 98304K, 100% used [0x00000000eab00000,0x00000000f0b00000,0x00000000f0b00000)
  from space 4096K, 99% used [0x00000000f0f00000,0x00000000f12fef58,0x00000000f1300000)
  to   space 4096K, 0% used [0x00000000f0b00000,0x00000000f0b00000,0x00000000f0f00000)
 ParOldGen       total 65536K, used 18119K [0x00000000c0000000, 0x00000000c4000000, 0x00000000eab00000)
  object space 65536K, 27% used [0x00000000c0000000,0x00000000c11b1d20,0x00000000c4000000)
 Metaspace       used 6417K, capacity 7152K, committed 7296K, reserved 1056768K
  class space    used 593K, capacity 616K, committed 640K, reserved 1048576K
Event: 4.040 GC heap after
Heap after GC invocations=5 (full 0):
 PSYoungGen      total 102400K, used 4082K [0x00000000eab00000, 0x00000000f9600000, 0x0000000100000000)
  eden space 98304K, 0% used [0x00000000eab00000,0x00000000eab00000,0x00000000f0b00000)
  from space 4096K, 99% used [0x00000000f0b00000,0x00000000f0efc828,0x00000000f0f00000)
  to   space 22016K, 0% used [0x00000000f8080000,0x00000000f8080000,0x00000000f9600000)
 ParOldGen       total 65536K, used 33576K [0x00000000c0000000, 0x00000000c4000000, 0x00000000eab00000)
  object space 65536K, 51% used [0x00000000c0000000,0x00000000c20ca3d8,0x00000000c4000000)
 Metaspace       used 6417K, capacity 7152K, committed 7296K, reserved 1056768K
  class space    used 593K, capacity 616K, committed 640K, reserved 1048576K
}
Event: 4.675 GC heap before
{Heap before GC invocations=6 (full 0):
 PSYoungGen      total 102400K, used 102386K [0x00000000eab00000, 0x00000000f9600000, 0x0000000100000000)
  eden space 98304K, 100% used [0x00000000eab00000,0x00000000f0b00000,0x00000000f0b00000)
  from space 4096K, 99% used [0x00000000f0b00000,0x00000000f0efc828,0x00000000f0f00000)
  to   space 22016K, 0% used [0x00000000f8080000,0x00000000f8080000,0x00000000f9600000)
 ParOldGen       total 65536K, used 33576K [0x00000000c0000000, 0x00000000c4000000, 0x00000000eab00000)
  object space 65536K, 51% used [0x00000000c0000000,0x00000000c20ca3d8,0x00000000c4000000)
 Metaspace       used 6564K, capacity 7256K, committed 7424K, reserved 1056768K
  class space    used 612K, capacity 656K, committed 768K, reserved 1048576K
Event: 4.735 GC heap after
Heap after GC invocations=6 (full 0):
 PSYoungGen      total 216064K, used 18857K [0x00000000eab00000, 0x00000000f9b00000, 0x0000000100000000)
  eden space 194048K, 0% used [0x00000000eab00000,0x00000000eab00000,0x00000000f6880000)
  from space 22016K, 85% used [0x00000000f8080000,0x00000000f92ea750,0x00000000f9600000)
  to   space 24576K, 0% used [0x00000000f6880000,0x00000000f6880000,0x00000000f8080000)
 ParOldGen       total 65536K, used 33576K [0x00000000c0000000, 0x00000000c4000000, 0x00000000eab00000)
  object space 65536K, 51% used [0x00000000c0000000,0x00000000c20ca3d8,0x00000000c4000000)
 Metaspace       used 6564K, capacity 7256K, committed 7424K, reserved 1056768K
  class space    used 612K, capacity 656K, committed 768K, reserved 1048576K
}

Deoptimization events (10 events):
Event: 4.277 Thread 0x0000000019263800 Uncommon trap: reason=unstable_if action=reinterpret pc=0x0000000005641754 method=com.android.dx.ssa.MoveParamCombiner$1.visitNonMoveInsn(Lcom/android/dx/ssa/NormalSsaInsn;)V @ 27
Event: 4.422 Thread 0x0000000019265000 Uncommon trap: reason=unstable_if action=reinterpret pc=0x000000000541eae8 method=java.util.HashMap.putVal(ILjava/lang/Object;Ljava/lang/Object;ZZ)Ljava/lang/Object; @ 162
Event: 4.524 Thread 0x0000000019263000 Uncommon trap: reason=unstable_if action=reinterpret pc=0x0000000005696cfc method=java.util.HashMap.putVal(ILjava/lang/Object;Ljava/lang/Object;ZZ)Ljava/lang/Object; @ 109
Event: 4.565 Thread 0x0000000019265000 Uncommon trap: reason=unstable_if action=reinterpret pc=0x000000000579c608 method=java.util.HashMap.getNode(ILjava/lang/Object;)Ljava/util/HashMap$Node; @ 84
Event: 4.790 Thread 0x0000000019263000 Uncommon trap: reason=class_check action=maybe_recompile pc=0x00000000057ca338 method=com.android.dx.cf.code.BytecodeArray.parseInstruction(ILcom/android/dx/cf/code/BytecodeArray$Visitor;)I @ 1807
Event: 4.790 Thread 0x0000000019263000 Uncommon trap: reason=class_check action=maybe_recompile pc=0x00000000057ca338 method=com.android.dx.cf.code.BytecodeArray.parseInstruction(ILcom/android/dx/cf/code/BytecodeArray$Visitor;)I @ 1807
Event: 5.383 Thread 0x0000000019265000 Uncommon trap: reason=bimorphic action=maybe_recompile pc=0x000000000582a990 method=com.android.dx.cf.code.BytecodeArray.parseInstruction(ILcom/android/dx/cf/code/BytecodeArray$Visitor;)I @ 1287
Event: 5.384 Thread 0x0000000019265000 Uncommon trap: reason=bimorphic action=maybe_recompile pc=0x000000000582a990 method=com.android.dx.cf.code.BytecodeArray.parseInstruction(ILcom/android/dx/cf/code/BytecodeArray$Visitor;)I @ 1287
Event: 5.584 Thread 0x00000000191a3000 Uncommon trap: reason=unstable_if action=reinterpret pc=0x000000000551e264 method=java.util.HashMap.getNode(ILjava/lang/Object;)Ljava/util/HashMap$Node; @ 84
Event: 5.616 Thread 0x0000000019263000 Uncommon trap: reason=unstable_if action=reinterpret pc=0x00000000055da890 method=java.util.HashMap.resize()[Ljava/util/HashMap$Node; @ 206

Classes redefined (0 events):
No events

Internal exceptions (6 events):
Event: 0.158 Thread 0x000000000345d800 Exception <a 'java/lang/NoSuchMethodError': Method sun.misc.Unsafe.defineClass(Ljava/lang/String;[BII)Ljava/lang/Class; name or signature does not match> (0x00000000eab07ca8) thrown at [D:\src\AOSP-openjdk-cygwin\jdk8u\hotspot\src\share\vm\prims\jni.cpp, 
Event: 0.158 Thread 0x000000000345d800 Exception <a 'java/lang/NoSuchMethodError': Method sun.misc.Unsafe.prefetchRead(Ljava/lang/Object;J)V name or signature does not match> (0x00000000eab07f90) thrown at [D:\src\AOSP-openjdk-cygwin\jdk8u\hotspot\src\share\vm\prims\jni.cpp, line 4011]
Event: 3.692 Thread 0x0000000019263000 Implicit null exception at 0x000000000567048d to 0x0000000005671899
Event: 4.425 Thread 0x0000000019265000 Exception <a 'java/lang/ArrayIndexOutOfBoundsException': 18> (0x00000000ee89f600) thrown at [D:\src\AOSP-openjdk-cygwin\jdk8u\hotspot\src\share\vm\interpreter\interpreterRuntime.cpp, line 366]
Event: 4.425 Thread 0x0000000019265000 Exception <a 'java/lang/ArrayIndexOutOfBoundsException': 145> (0x00000000ee8a1180) thrown at [D:\src\AOSP-openjdk-cygwin\jdk8u\hotspot\src\share\vm\interpreter\interpreterRuntime.cpp, line 366]
Event: 4.426 Thread 0x0000000019265000 Exception <a 'java/lang/ArrayIndexOutOfBoundsException'> (0x00000000ee8a2468) thrown at [D:\src\AOSP-openjdk-cygwin\jdk8u\hotspot\src\share\vm\runtime\sharedRuntime.cpp, line 605]

Events (10 events):
Event: 5.645 Thread 0x00000000191a3000 Thread exited: 0x00000000191a3000
Event: 5.646 Thread 0x0000000019265000 Thread exited: 0x0000000019265000
Event: 5.670 Thread 0x0000000019263800 Thread exited: 0x0000000019263800
Event: 5.809 Thread 0x0000000019263000 DEOPT PACKING pc=0x00000000054490ad sp=0x000000001984ebc0
Event: 5.809 Thread 0x0000000019263000 DEOPT UNPACKING pc=0x0000000004f871bf sp=0x000000001984e8f8 mode 0
Event: 5.819 Thread 0x000000001925c800 Thread exited: 0x000000001925c800
Event: 5.820 loading class com/android/dx/command/dexer/Main$DexWriter
Event: 5.820 loading class com/android/dx/command/dexer/Main$DexWriter done
Event: 5.821 Thread 0x000000001925c800 Thread added: 0x000000001925c800
Event: 5.821 Thread 0x0000000019263000 Thread exited: 0x0000000019263000


Dynamic libraries:
0x00007ff67a310000 - 0x00007ff67a341000 	C:\Program Files\Android\Android Studio\jre\bin\java.exe
0x00007ff8c3950000 - 0x00007ff8c3b30000 	C:\WINDOWS\SYSTEM32\ntdll.dll
0x00007ff8c3870000 - 0x00007ff8c391e000 	C:\WINDOWS\System32\KERNEL32.DLL
0x00007ff8c0240000 - 0x00007ff8c04a6000 	C:\WINDOWS\System32\KERNELBASE.dll
0x00007ff8c13d0000 - 0x00007ff8c1471000 	C:\WINDOWS\System32\ADVAPI32.dll
0x00007ff8c0fe0000 - 0x00007ff8c107d000 	C:\WINDOWS\System32\msvcrt.dll
0x00007ff8c1480000 - 0x00007ff8c14db000 	C:\WINDOWS\System32\sechost.dll
0x00007ff8c30e0000 - 0x00007ff8c31ff000 	C:\WINDOWS\System32\RPCRT4.dll
0x00007ff8c16a0000 - 0x00007ff8c182f000 	C:\WINDOWS\System32\USER32.dll
0x00007ff8c0e00000 - 0x00007ff8c0e20000 	C:\WINDOWS\System32\win32u.dll
0x00007ff8c1650000 - 0x00007ff8c1678000 	C:\WINDOWS\System32\GDI32.dll
0x00007ff8c04b0000 - 0x00007ff8c0644000 	C:\WINDOWS\System32\gdi32full.dll
0x00007ff8bffd0000 - 0x00007ff8c006b000 	C:\WINDOWS\System32\msvcp_win.dll
0x00007ff8c0070000 - 0x00007ff8c0166000 	C:\WINDOWS\System32\ucrtbase.dll
0x00007ff8b7e10000 - 0x00007ff8b8079000 	C:\WINDOWS\WinSxS\amd64_microsoft.windows.common-controls_6595b64144ccf1df_6.0.16299.64_none_cc9304e22215ca8f\COMCTL32.dll
0x00007ff8c1830000 - 0x00007ff8c1b38000 	C:\WINDOWS\System32\combase.dll
0x00007ff8c01c0000 - 0x00007ff8c0232000 	C:\WINDOWS\System32\bcryptPrimitives.dll
0x00007ff8c1b40000 - 0x00007ff8c1b6d000 	C:\WINDOWS\System32\IMM32.DLL
0x00000000544b0000 - 0x0000000054582000 	C:\Program Files\Android\Android Studio\jre\jre\bin\msvcr100.dll
0x0000000053a50000 - 0x000000005428e000 	C:\Program Files\Android\Android Studio\jre\jre\bin\server\jvm.dll
0x00007ff8c1bd0000 - 0x00007ff8c1bd8000 	C:\WINDOWS\System32\PSAPI.DLL
0x00007ff8baa50000 - 0x00007ff8baa59000 	C:\WINDOWS\SYSTEM32\WSOCK32.dll
0x00007ff8c37a0000 - 0x00007ff8c380c000 	C:\WINDOWS\System32\WS2_32.dll
0x00007ff8bc720000 - 0x00007ff8bc743000 	C:\WINDOWS\SYSTEM32\WINMM.dll
0x00007ff8bbcb0000 - 0x00007ff8bbcba000 	C:\WINDOWS\SYSTEM32\VERSION.dll
0x00007ff8bc6c0000 - 0x00007ff8bc6ea000 	C:\WINDOWS\SYSTEM32\WINMMBASE.dll
0x00007ff8c0170000 - 0x00007ff8c01ba000 	C:\WINDOWS\System32\cfgmgr32.dll
0x00007ff8baa40000 - 0x00007ff8baa4f000 	C:\Program Files\Android\Android Studio\jre\jre\bin\verify.dll
0x00007ff8b3690000 - 0x00007ff8b36b9000 	C:\Program Files\Android\Android Studio\jre\jre\bin\java.dll
0x00007ff8b35d0000 - 0x00007ff8b35e6000 	C:\Program Files\Android\Android Studio\jre\jre\bin\zip.dll
0x00007ff8c1bf0000 - 0x00007ff8c3027000 	C:\WINDOWS\System32\SHELL32.dll
0x00007ff8c0f30000 - 0x00007ff8c0fd6000 	C:\WINDOWS\System32\shcore.dll
0x00007ff8c06b0000 - 0x00007ff8c0df7000 	C:\WINDOWS\System32\windows.storage.dll
0x00007ff8c3810000 - 0x00007ff8c3861000 	C:\WINDOWS\System32\shlwapi.dll
0x00007ff8bfce0000 - 0x00007ff8bfcf1000 	C:\WINDOWS\System32\kernel.appcore.dll
0x00007ff8bfd00000 - 0x00007ff8bfd4c000 	C:\WINDOWS\System32\powrprof.dll
0x00007ff8bfcc0000 - 0x00007ff8bfcdb000 	C:\WINDOWS\System32\profapi.dll

VM Arguments:
jvm_args: -Djava.awt.headless=true -Xmx1024M -Dfile.encoding=windows-1252 -Duser.country=US -Duser.language=en -Duser.variant 
java_command: com.android.dx.command.Main --dex --force-jumbo --num-threads=4 --multi-dex --output E:\myrepo\concert-pharmaceuticals\app\build\intermediates\transforms\dex\debug\folders\1000\10\classes_3248c10ff9e26dc8825e6032cd9ee2d7eb7d873a C:\Users\TK_DTP_0068\.android\build-cache\c39e7cf9d1cf648d9460cb13d126573f1f2099a9\output\jars\classes.jar
java_class_path (initial): C:\Users\TK_DTP_0068\AppData\Local\Android\Sdk\build-tools\25.0.0\lib\dx.jar
Launcher Type: SUN_STANDARD

Environment Variables:
PATH=C:\ProgramData\Oracle\Java\javapath;C:\WINDOWS\system32;C:\WINDOWS;C:\WINDOWS\System32\Wbem;C:\WINDOWS\System32\WindowsPowerShell\v1.0\;C:\Program Files (x86)\Skype\Phone\;C:\Users\TK_DTP_0068\.dnx\bin;C:\Program Files\Microsoft DNX\Dnvm\;C:\Program Files\Microsoft SQL Server\120\Tools\Binn\;C:\Program Files\Git\cmd;C:\Program Files\Java\jdk1.8.0_151\bin;
USERNAME=TK_DTP_0114
OS=Windows_NT
PROCESSOR_IDENTIFIER=Intel64 Family 6 Model 23 Stepping 10, GenuineIntel



---------------  S Y S T E M  ---------------

OS: Windows 10.0 , 64 bit Build 16299 (10.0.16299.15)

CPU:total 4 (initial active 4) (4 cores per cpu, 1 threads per core) family 6 model 23 stepping 10, cmov, cx8, fxsr, mmx, sse, sse2, sse3, ssse3, sse4.1, tsc

Memory: 4k page, physical 6223476k(530272k free), swap 19496196k(5448k free)

vm_info: OpenJDK 64-Bit Server VM (25.152-b01) for windows-amd64 JRE (1.8.0_152-release-915-b01), built by "builder" with MS VC++ 10.0 (VS2010)

time: Wed Dec 06 15:37:36 2017
elapsed time: 5 seconds (0d 0h 0m 5s)

