#
# There is insufficient memory for the Java Runtime Environment to continue.
# Native memory allocation (malloc) failed to allocate 500656 bytes for Chunk::new
# Possible reasons:
#   The system is out of physical RAM or swap space
#   In 32 bit mode, the process size limit was hit
# Possible solutions:
#   Reduce memory load on the system
#   Increase physical memory or swap space
#   Check if swap backing store is full
#   Use 64 bit Java on a 64 bit OS
#   Decrease Java heap size (-Xmx/-Xms)
#   Decrease number of Java threads
#   Decrease Java thread stack sizes (-Xss)
#   Set larger code cache with -XX:ReservedCodeCacheSize=
# This output file may be truncated or incomplete.
#
#  Out of Memory Error (allocation.cpp:390), pid=440, tid=0x00000000000012c0
#
# JRE version: OpenJDK Runtime Environment (8.0_152-b01) (build 1.8.0_152-release-915-b01)
# Java VM: OpenJDK 64-Bit Server VM (25.152-b01 mixed mode windows-amd64 compressed oops)
# Failed to write core dump. Minidumps are not enabled by default on client versions of Windows
#

---------------  T H R E A D  ---------------

Current thread (0x000000001695b000):  JavaThread "C2 CompilerThread1" daemon [_thread_in_native, id=4800, stack(0x00000000180a0000,0x00000000181a0000)]

Stack: [0x00000000180a0000,0x00000000181a0000]
[error occurred during error reporting (printing stack bounds), id 0xc0000005]

Native frames: (J=compiled Java code, j=interpreted, Vv=VM code, C=native code)


Current CompileTask:
C2:   3886 1651       4       com.android.dx.ssa.SCCP::simulateBlock (54 bytes)


---------------  P R O C E S S  ---------------

Java Threads: ( => current thread )
  0x0000000018524000 JavaThread "pool-1-thread-4" [_thread_blocked, id=2828, stack(0x0000000018ca0000,0x0000000018da0000)]
  0x0000000018523000 JavaThread "pool-1-thread-3" [_thread_in_Java, id=6228, stack(0x0000000018ba0000,0x0000000018ca0000)]
  0x0000000018522800 JavaThread "pool-1-thread-2" [_thread_in_Java, id=1088, stack(0x0000000018aa0000,0x0000000018ba0000)]
  0x000000001851e000 JavaThread "pool-2-thread-1" [_thread_blocked, id=9880, stack(0x00000000189a0000,0x0000000018aa0000)]
  0x0000000018509000 JavaThread "pool-1-thread-1" [_thread_blocked, id=10712, stack(0x00000000188a0000,0x00000000189a0000)]
  0x00000000182ad800 JavaThread "Service Thread" daemon [_thread_blocked, id=9876, stack(0x00000000186a0000,0x00000000187a0000)]
  0x00000000169bc000 JavaThread "C1 CompilerThread2" daemon [_thread_blocked, id=10592, stack(0x00000000181a0000,0x00000000182a0000)]
=>0x000000001695b000 JavaThread "C2 CompilerThread1" daemon [_thread_in_native, id=4800, stack(0x00000000180a0000,0x00000000181a0000)]
  0x0000000016957800 JavaThread "C2 CompilerThread0" daemon [_thread_in_native, id=10600, stack(0x0000000017fa0000,0x00000000180a0000)]
  0x0000000016966000 JavaThread "Attach Listener" daemon [_thread_blocked, id=824, stack(0x0000000017ea0000,0x0000000017fa0000)]
  0x0000000016965000 JavaThread "Signal Dispatcher" daemon [_thread_blocked, id=10384, stack(0x0000000017da0000,0x0000000017ea0000)]
  0x0000000004287000 JavaThread "Finalizer" daemon [_thread_blocked, id=6324, stack(0x0000000017bb0000,0x0000000017cb0000)]
  0x0000000004281800 JavaThread "Reference Handler" daemon [_thread_blocked, id=4220, stack(0x0000000017ab0000,0x0000000017bb0000)]
  0x00000000027cd800 JavaThread "main" [_thread_in_Java, id=1036, stack(0x0000000003f90000,0x0000000004090000)]

Other Threads:
  0x0000000016924000 VMThread [stack: 0x00000000179b0000,0x0000000017ab0000] [id=7664]
  0x00000000182a3000 WatcherThread [stack: 0x00000000187a0000,0x00000000188a0000] [id=9888]

VM state:not at safepoint (normal execution)

VM Mutex/Monitor currently owned by a thread: None

Heap:
 PSYoungGen      total 53248K, used 20324K [0x00000000eab00000, 0x00000000ee300000, 0x0000000100000000)
  eden space 49152K, 33% used [0x00000000eab00000,0x00000000ebb27bd0,0x00000000edb00000)
  from space 4096K, 99% used [0x00000000edb00000,0x00000000edefbd98,0x00000000edf00000)
  to   space 4096K, 0% used [0x00000000edf00000,0x00000000edf00000,0x00000000ee300000)
 ParOldGen       total 65536K, used 8731K [0x00000000c0000000, 0x00000000c4000000, 0x00000000eab00000)
  object space 65536K, 13% used [0x00000000c0000000,0x00000000c0886d00,0x00000000c4000000)
 Metaspace       used 6293K, capacity 7088K, committed 7296K, reserved 1056768K
  class space    used 593K, capacity 616K, committed 640K, reserved 1048576K

Card table byte_map: [0x0000000013650000,0x0000000013860000] byte_map_base: 0x0000000013050000

Marking Bits: (ParMarkBitMap*) 0x0000000054213950
 Begin Bits: [0x0000000013dc0000, 0x0000000014dc0000)
 End Bits:   [0x0000000014dc0000, 0x0000000015dc0000)

Polling page: 0x0000000002430000

CodeCache: size=245760Kb used=6699Kb max_used=6699Kb free=239060Kb
 bounds [0x0000000004290000, 0x0000000004920000, 0x0000000013290000]
 total_blobs=1915 nmethods=1648 adapters=182
 compilation: enabled

Compilation events (10 events):
Event: 3.877 Thread 0x00000000169bc000 1697       2       com.android.dx.dex.code.RopTranslator::translateAndGetResult (48 bytes)
Event: 3.877 Thread 0x00000000169bc000 nmethod 1697 0x0000000004919450 code [0x0000000004919600, 0x0000000004919998]
Event: 3.877 Thread 0x00000000169bc000 1694       2       com.android.dx.rop.code.LocalVariableInfo::<init> (82 bytes)
Event: 3.878 Thread 0x00000000169bc000 nmethod 1694 0x0000000004919c10 code [0x0000000004919de0, 0x000000000491a388]
Event: 3.878 Thread 0x00000000169bc000 1695       2       com.android.dx.dex.code.RopTranslator::<init> (190 bytes)
Event: 3.879 Thread 0x00000000169bc000 nmethod 1695 0x000000000491a690 code [0x000000000491a860, 0x000000000491aff8]
Event: 3.879 Thread 0x00000000169bc000 1698       2       com.android.dx.cf.attrib.InnerClassList::get (9 bytes)
Event: 3.879 Thread 0x00000000169bc000 nmethod 1698 0x000000000491b510 code [0x000000000491b680, 0x000000000491b828]
Event: 3.881 Thread 0x00000000169bc000 1699       2       com.android.dx.ssa.InterferenceRegisterMapper::areAnyPinned (81 bytes)
Event: 3.881 Thread 0x00000000169bc000 nmethod 1699 0x000000000491b8d0 code [0x000000000491ba60, 0x000000000491bdb8]

GC Heap History (6 events):
Event: 0.861 GC heap before
{Heap before GC invocations=1 (full 0):
 PSYoungGen      total 28672K, used 24576K [0x00000000eab00000, 0x00000000ecb00000, 0x0000000100000000)
  eden space 24576K, 100% used [0x00000000eab00000,0x00000000ec300000,0x00000000ec300000)
  from space 4096K, 0% used [0x00000000ec700000,0x00000000ec700000,0x00000000ecb00000)
  to   space 4096K, 0% used [0x00000000ec300000,0x00000000ec300000,0x00000000ec700000)
 ParOldGen       total 65536K, used 0K [0x00000000c0000000, 0x00000000c4000000, 0x00000000eab00000)
  object space 65536K, 0% used [0x00000000c0000000,0x00000000c0000000,0x00000000c4000000)
 Metaspace       used 5606K, capacity 6512K, committed 6784K, reserved 1056768K
  class space    used 587K, capacity 616K, committed 640K, reserved 1048576K
Event: 0.879 GC heap after
Heap after GC invocations=1 (full 0):
 PSYoungGen      total 28672K, used 3777K [0x00000000eab00000, 0x00000000ee300000, 0x0000000100000000)
  eden space 24576K, 0% used [0x00000000eab00000,0x00000000eab00000,0x00000000ec300000)
  from space 4096K, 92% used [0x00000000ec300000,0x00000000ec6b04d0,0x00000000ec700000)
  to   space 4096K, 0% used [0x00000000edf00000,0x00000000edf00000,0x00000000ee300000)
 ParOldGen       total 65536K, used 8K [0x00000000c0000000, 0x00000000c4000000, 0x00000000eab00000)
  object space 65536K, 0% used [0x00000000c0000000,0x00000000c0002000,0x00000000c4000000)
 Metaspace       used 5606K, capacity 6512K, committed 6784K, reserved 1056768K
  class space    used 587K, capacity 616K, committed 640K, reserved 1048576K
}
Event: 1.712 GC heap before
{Heap before GC invocations=2 (full 0):
 PSYoungGen      total 28672K, used 28353K [0x00000000eab00000, 0x00000000ee300000, 0x0000000100000000)
  eden space 24576K, 100% used [0x00000000eab00000,0x00000000ec300000,0x00000000ec300000)
  from space 4096K, 92% used [0x00000000ec300000,0x00000000ec6b04d0,0x00000000ec700000)
  to   space 4096K, 0% used [0x00000000edf00000,0x00000000edf00000,0x00000000ee300000)
 ParOldGen       total 65536K, used 8K [0x00000000c0000000, 0x00000000c4000000, 0x00000000eab00000)
  object space 65536K, 0% used [0x00000000c0000000,0x00000000c0002000,0x00000000c4000000)
 Metaspace       used 6101K, capacity 6960K, committed 7040K, reserved 1056768K
  class space    used 591K, capacity 616K, committed 640K, reserved 1048576K
Event: 2.045 GC heap after
Heap after GC invocations=2 (full 0):
 PSYoungGen      total 53248K, used 4086K [0x00000000eab00000, 0x00000000ee300000, 0x0000000100000000)
  eden space 49152K, 0% used [0x00000000eab00000,0x00000000eab00000,0x00000000edb00000)
  from space 4096K, 99% used [0x00000000edf00000,0x00000000ee2fd990,0x00000000ee300000)
  to   space 4096K, 0% used [0x00000000edb00000,0x00000000edb00000,0x00000000edf00000)
 ParOldGen       total 65536K, used 1760K [0x00000000c0000000, 0x00000000c4000000, 0x00000000eab00000)
  object space 65536K, 2% used [0x00000000c0000000,0x00000000c01b8098,0x00000000c4000000)
 Metaspace       used 6101K, capacity 6960K, committed 7040K, reserved 1056768K
  class space    used 591K, capacity 616K, committed 640K, reserved 1048576K
}
Event: 3.802 GC heap before
{Heap before GC invocations=3 (full 0):
 PSYoungGen      total 53248K, used 53238K [0x00000000eab00000, 0x00000000ee300000, 0x0000000100000000)
  eden space 49152K, 100% used [0x00000000eab00000,0x00000000edb00000,0x00000000edb00000)
  from space 4096K, 99% used [0x00000000edf00000,0x00000000ee2fd990,0x00000000ee300000)
  to   space 4096K, 0% used [0x00000000edb00000,0x00000000edb00000,0x00000000edf00000)
 ParOldGen       total 65536K, used 1760K [0x00000000c0000000, 0x00000000c4000000, 0x00000000eab00000)
  object space 65536K, 2% used [0x00000000c0000000,0x00000000c01b8098,0x00000000c4000000)
 Metaspace       used 6281K, capacity 7088K, committed 7296K, reserved 1056768K
  class space    used 593K, capacity 616K, committed 640K, reserved 1048576K
Event: 3.827 GC heap after
Heap after GC invocations=3 (full 0):
 PSYoungGen      total 53248K, used 4079K [0x00000000eab00000, 0x00000000ee300000, 0x0000000100000000)
  eden space 49152K, 0% used [0x00000000eab00000,0x00000000eab00000,0x00000000edb00000)
  from space 4096K, 99% used [0x00000000edb00000,0x00000000edefbd98,0x00000000edf00000)
  to   space 4096K, 0% used [0x00000000edf00000,0x00000000edf00000,0x00000000ee300000)
 ParOldGen       total 65536K, used 8731K [0x00000000c0000000, 0x00000000c4000000, 0x00000000eab00000)
  object space 65536K, 13% used [0x00000000c0000000,0x00000000c0886d00,0x00000000c4000000)
 Metaspace       used 6281K, capacity 7088K, committed 7296K, reserved 1056768K
  class space    used 593K, capacity 616K, committed 640K, reserved 1048576K
}

Deoptimization events (10 events):
Event: 2.711 Thread 0x0000000018523000 Uncommon trap: reason=class_check action=maybe_recompile pc=0x00000000046542e8 method=java.util.HashMap.putVal(ILjava/lang/Object;Ljava/lang/Object;ZZ)Ljava/lang/Object; @ 203
Event: 2.711 Thread 0x0000000018523000 Uncommon trap: reason=bimorphic action=maybe_recompile pc=0x0000000004571d80 method=java.util.HashMap.getNode(ILjava/lang/Object;)Ljava/util/HashMap$Node; @ 126
Event: 2.711 Thread 0x0000000018523000 Uncommon trap: reason=bimorphic action=maybe_recompile pc=0x0000000004571d80 method=java.util.HashMap.getNode(ILjava/lang/Object;)Ljava/util/HashMap$Node; @ 126
Event: 2.711 Thread 0x0000000018523000 Uncommon trap: reason=class_check action=maybe_recompile pc=0x00000000046542e8 method=java.util.HashMap.putVal(ILjava/lang/Object;Ljava/lang/Object;ZZ)Ljava/lang/Object; @ 203
Event: 2.711 Thread 0x0000000018523000 Uncommon trap: reason=bimorphic action=maybe_recompile pc=0x00000000044dd848 method=java.util.HashMap.getNode(ILjava/lang/Object;)Ljava/util/HashMap$Node; @ 126
Event: 3.309 Thread 0x0000000018523000 Uncommon trap: reason=unstable_if action=reinterpret pc=0x00000000048859c4 method=com.android.dx.ssa.SsaRenamer$BlockRenamer.visitMoveInsn(Lcom/android/dx/ssa/NormalSsaInsn;)V @ 104
Event: 3.331 Thread 0x0000000018523000 Uncommon trap: reason=unstable_if action=reinterpret pc=0x00000000047e0198 method=com.android.dx.ssa.SCCP.simulateBranch(Lcom/android/dx/ssa/SsaInsn;)V @ 64
Event: 3.332 Thread 0x0000000018523000 Uncommon trap: reason=unstable_if action=reinterpret pc=0x00000000046dfd9c method=com.android.dx.ssa.SsaMethod.updateOneDefinition(Lcom/android/dx/ssa/SsaInsn;Lcom/android/dx/rop/code/RegisterSpec;)V @ 4
Event: 3.844 Thread 0x0000000018522800 Uncommon trap: reason=unstable_if action=reinterpret pc=0x00000000046c36bc method=com.android.dx.util.IntList.binarysearch(I)I @ 105
Event: 3.845 Thread 0x0000000018522800 Uncommon trap: reason=unstable_if action=reinterpret pc=0x00000000048d913c method=com.android.dx.ssa.SsaMethod.blockIndexToRopLabel(I)I @ 1

Classes redefined (0 events):
No events

Internal exceptions (3 events):
Event: 0.066 Thread 0x00000000027cd800 Exception <a 'java/lang/NoSuchMethodError': Method sun.misc.Unsafe.defineClass(Ljava/lang/String;[BII)Ljava/lang/Class; name or signature does not match> (0x00000000eab07ca8) thrown at [D:\src\AOSP-openjdk-cygwin\jdk8u\hotspot\src\share\vm\prims\jni.cpp, 
Event: 0.066 Thread 0x00000000027cd800 Exception <a 'java/lang/NoSuchMethodError': Method sun.misc.Unsafe.prefetchRead(Ljava/lang/Object;J)V name or signature does not match> (0x00000000eab07f90) thrown at [D:\src\AOSP-openjdk-cygwin\jdk8u\hotspot\src\share\vm\prims\jni.cpp, line 4011]
Event: 1.325 Thread 0x0000000018522800 Implicit null exception at 0x00000000045843e2 to 0x0000000004584491

Events (10 events):
Event: 3.332 Thread 0x0000000018523000 DEOPT PACKING pc=0x00000000046dfd9c sp=0x0000000018c9ea10
Event: 3.332 Thread 0x0000000018523000 DEOPT UNPACKING pc=0x00000000042d556a sp=0x0000000018c9e9b8 mode 2
Event: 3.802 Executing VM operation: ParallelGCFailedAllocation
Event: 3.827 Executing VM operation: ParallelGCFailedAllocation done
Event: 3.844 Thread 0x0000000018522800 Uncommon trap: trap_request=0xffffff65 fr.pc=0x00000000046c36bc
Event: 3.844 Thread 0x0000000018522800 DEOPT PACKING pc=0x00000000046c36bc sp=0x0000000018b9e8c0
Event: 3.844 Thread 0x0000000018522800 DEOPT UNPACKING pc=0x00000000042d556a sp=0x0000000018b9e838 mode 2
Event: 3.845 Thread 0x0000000018522800 Uncommon trap: trap_request=0xffffff65 fr.pc=0x00000000048d913c
Event: 3.845 Thread 0x0000000018522800 DEOPT PACKING pc=0x00000000048d913c sp=0x0000000018b9e970
Event: 3.845 Thread 0x0000000018522800 DEOPT UNPACKING pc=0x00000000042d556a sp=0x0000000018b9e898 mode 2


Dynamic libraries:
0x00007ff67a310000 - 0x00007ff67a341000 	C:\Program Files\Android\Android Studio\jre\bin\java.exe
0x00007ff8c3950000 - 0x00007ff8c3b30000 	C:\WINDOWS\SYSTEM32\ntdll.dll
0x00007ff8c3870000 - 0x00007ff8c391e000 	C:\WINDOWS\System32\KERNEL32.DLL
0x00007ff8c0240000 - 0x00007ff8c04a6000 	C:\WINDOWS\System32\KERNELBASE.dll
0x00007ff8c13d0000 - 0x00007ff8c1471000 	C:\WINDOWS\System32\ADVAPI32.dll
0x00007ff8c0fe0000 - 0x00007ff8c107d000 	C:\WINDOWS\System32\msvcrt.dll
0x00007ff8c1480000 - 0x00007ff8c14db000 	C:\WINDOWS\System32\sechost.dll
0x00007ff8c30e0000 - 0x00007ff8c31ff000 	C:\WINDOWS\System32\RPCRT4.dll
0x00007ff8c16a0000 - 0x00007ff8c182f000 	C:\WINDOWS\System32\USER32.dll
0x00007ff8c0e00000 - 0x00007ff8c0e20000 	C:\WINDOWS\System32\win32u.dll
0x00007ff8c1650000 - 0x00007ff8c1678000 	C:\WINDOWS\System32\GDI32.dll
0x00007ff8c04b0000 - 0x00007ff8c0644000 	C:\WINDOWS\System32\gdi32full.dll
0x00007ff8bffd0000 - 0x00007ff8c006b000 	C:\WINDOWS\System32\msvcp_win.dll
0x00007ff8c0070000 - 0x00007ff8c0166000 	C:\WINDOWS\System32\ucrtbase.dll
0x00007ff8b7e10000 - 0x00007ff8b8079000 	C:\WINDOWS\WinSxS\amd64_microsoft.windows.common-controls_6595b64144ccf1df_6.0.16299.64_none_cc9304e22215ca8f\COMCTL32.dll
0x00007ff8c1830000 - 0x00007ff8c1b38000 	C:\WINDOWS\System32\combase.dll
0x00007ff8c01c0000 - 0x00007ff8c0232000 	C:\WINDOWS\System32\bcryptPrimitives.dll
0x00007ff8c1b40000 - 0x00007ff8c1b6d000 	C:\WINDOWS\System32\IMM32.DLL
0x00000000544b0000 - 0x0000000054582000 	C:\Program Files\Android\Android Studio\jre\jre\bin\msvcr100.dll
0x0000000053a50000 - 0x000000005428e000 	C:\Program Files\Android\Android Studio\jre\jre\bin\server\jvm.dll
0x00007ff8c1bd0000 - 0x00007ff8c1bd8000 	C:\WINDOWS\System32\PSAPI.DLL
0x00007ff8baa50000 - 0x00007ff8baa59000 	C:\WINDOWS\SYSTEM32\WSOCK32.dll
0x00007ff8c37a0000 - 0x00007ff8c380c000 	C:\WINDOWS\System32\WS2_32.dll
0x00007ff8bc720000 - 0x00007ff8bc743000 	C:\WINDOWS\SYSTEM32\WINMM.dll
0x00007ff8bbcb0000 - 0x00007ff8bbcba000 	C:\WINDOWS\SYSTEM32\VERSION.dll
0x00007ff8bc6c0000 - 0x00007ff8bc6ea000 	C:\WINDOWS\SYSTEM32\WINMMBASE.dll
0x00007ff8c0170000 - 0x00007ff8c01ba000 	C:\WINDOWS\System32\cfgmgr32.dll
0x00007ff8baa40000 - 0x00007ff8baa4f000 	C:\Program Files\Android\Android Studio\jre\jre\bin\verify.dll
0x00007ff8b3690000 - 0x00007ff8b36b9000 	C:\Program Files\Android\Android Studio\jre\jre\bin\java.dll
0x00007ff8b35d0000 - 0x00007ff8b35e6000 	C:\Program Files\Android\Android Studio\jre\jre\bin\zip.dll
0x00007ff8c1bf0000 - 0x00007ff8c3027000 	C:\WINDOWS\System32\SHELL32.dll
0x00007ff8c0f30000 - 0x00007ff8c0fd6000 	C:\WINDOWS\System32\shcore.dll
0x00007ff8c06b0000 - 0x00007ff8c0df7000 	C:\WINDOWS\System32\windows.storage.dll
0x00007ff8c3810000 - 0x00007ff8c3861000 	C:\WINDOWS\System32\shlwapi.dll
0x00007ff8bfce0000 - 0x00007ff8bfcf1000 	C:\WINDOWS\System32\kernel.appcore.dll
0x00007ff8bfd00000 - 0x00007ff8bfd4c000 	C:\WINDOWS\System32\powrprof.dll
0x00007ff8bfcc0000 - 0x00007ff8bfcdb000 	C:\WINDOWS\System32\profapi.dll

VM Arguments:
jvm_args: -Djava.awt.headless=true -Xmx1024M -Dfile.encoding=windows-1252 -Duser.country=US -Duser.language=en -Duser.variant 
java_command: com.android.dx.command.Main --dex --num-threads=4 --output E:\myrepo\concert-pharmaceuticals\app\build\intermediates\pre-dexed\debug\com.android.support-support-v4-23.1.1_043b9390ec841618c8ebd9971b38b0953f27b89d.jar E:\myrepo\concert-pharmaceuticals\app\build\intermediates\exploded-aar\com.android.support\support-v4\23.1.1\jars\classes.jar
java_class_path (initial): C:\Users\TK_DTP_0068\AppData\Local\Android\Sdk\build-tools\25.0.0\lib\dx.jar
Launcher Type: SUN_STANDARD

Environment Variables:
PATH=C:\ProgramData\Oracle\Java\javapath;C:\WINDOWS\system32;C:\WINDOWS;C:\WINDOWS\System32\Wbem;C:\WINDOWS\System32\WindowsPowerShell\v1.0\;C:\Program Files (x86)\Skype\Phone\;C:\Users\TK_DTP_0068\.dnx\bin;C:\Program Files\Microsoft DNX\Dnvm\;C:\Program Files\Microsoft SQL Server\120\Tools\Binn\;C:\Program Files\Git\cmd;C:\Program Files\Java\jdk1.8.0_151\bin;
USERNAME=TK_DTP_0114
OS=Windows_NT
PROCESSOR_IDENTIFIER=Intel64 Family 6 Model 23 Stepping 10, GenuineIntel



---------------  S Y S T E M  ---------------

OS: Windows 10.0 , 64 bit Build 16299 (10.0.16299.15)

CPU:total 4 (initial active 4) (4 cores per cpu, 1 threads per core) family 6 model 23 stepping 10, cmov, cx8, fxsr, mmx, sse, sse2, sse3, ssse3, sse4.1, tsc

Memory: 4k page, physical 6223476k(683152k free), swap 19496196k(2716k free)

vm_info: OpenJDK 64-Bit Server VM (25.152-b01) for windows-amd64 JRE (1.8.0_152-release-915-b01), built by "builder" with MS VC++ 10.0 (VS2010)

time: Wed Dec 06 15:57:34 2017
elapsed time: 3 seconds (0d 0h 0m 3s)

